[ Tue May 21 22:34:02 UTC 2019 ]: Running BackBLAST core module
[ Tue May 21 22:34:02 UTC 2019 ]: Settings: e value cutoff = '1e-40'; percent identity cutoff = 20
[ Tue May 21 22:34:02 UTC 2019 ]: Searching for 'Chl_clathratiforme_BU_1_gene_targets' among the subjects. Using 'Chl_clathratiforme_BU_1' as the reference predicted proteome.
[ Tue May 21 22:34:02 UTC 2019 ]: 'BackBLAST.py -q Chl_clathratiforme_BU_1_gene_targets.faa -r Chl_clathratiforme_BU_1.faa -s Cba_parvum_NCIB_8327.faa -e 1e-40 -i 20 -o Chl_clathratiforme_BU_1__to__Cba_parvum_NCIB_8327.csv 2>&1 | tee Chl_clathratiforme_BU_1__to__Cba_parvum_NCIB_8327.log'
[ Tue May 21 22:34:03 UTC 2019 ]: 'BackBLAST.py -q Chl_clathratiforme_BU_1_gene_targets.faa -r Chl_clathratiforme_BU_1.faa -s Che_thalassium_ATCC_35110.faa -e 1e-40 -i 20 -o Chl_clathratiforme_BU_1__to__Che_thalassium_ATCC_35110.csv 2>&1 | tee Chl_clathratiforme_BU_1__to__Che_thalassium_ATCC_35110.log'
[ Tue May 21 22:34:05 UTC 2019 ]: 'BackBLAST.py -q Chl_clathratiforme_BU_1_gene_targets.faa -r Chl_clathratiforme_BU_1.faa -s Chl_chlorochromatii_CaD3.faa -e 1e-40 -i 20 -o Chl_clathratiforme_BU_1__to__Chl_chlorochromatii_CaD3.csv 2>&1 | tee Chl_clathratiforme_BU_1__to__Chl_chlorochromatii_CaD3.log'
[ Tue May 21 22:34:08 UTC 2019 ]: 'BackBLAST.py -q Chl_clathratiforme_BU_1_gene_targets.faa -r Chl_clathratiforme_BU_1.faa -s Chl_clathratiforme_BU_1.faa -e 1e-40 -i 20 -o Chl_clathratiforme_BU_1__to__Chl_clathratiforme_BU_1.csv 2>&1 | tee Chl_clathratiforme_BU_1__to__Chl_clathratiforme_BU_1.log'
[ Tue May 21 22:34:09 UTC 2019 ]: 'BackBLAST.py -q Chl_clathratiforme_BU_1_gene_targets.faa -r Chl_clathratiforme_BU_1.faa -s Chl_ferrooxidans_KoFox.faa -e 1e-40 -i 20 -o Chl_clathratiforme_BU_1__to__Chl_ferrooxidans_KoFox.csv 2>&1 | tee Chl_clathratiforme_BU_1__to__Chl_ferrooxidans_KoFox.log'
[ Tue May 21 22:34:10 UTC 2019 ]: 'BackBLAST.py -q Chl_clathratiforme_BU_1_gene_targets.faa -r Chl_clathratiforme_BU_1.faa -s Chl_limicola_DSM_245.faa -e 1e-40 -i 20 -o Chl_clathratiforme_BU_1__to__Chl_limicola_DSM_245.csv 2>&1 | tee Chl_clathratiforme_BU_1__to__Chl_limicola_DSM_245.log'
[ Tue May 21 22:34:12 UTC 2019 ]: 'BackBLAST.py -q Chl_clathratiforme_BU_1_gene_targets.faa -r Chl_clathratiforme_BU_1.faa -s Chl_luteolum_DSM_273.faa -e 1e-40 -i 20 -o Chl_clathratiforme_BU_1__to__Chl_luteolum_DSM_273.csv 2>&1 | tee Chl_clathratiforme_BU_1__to__Chl_luteolum_DSM_273.log'
[ Tue May 21 22:34:14 UTC 2019 ]: 'BackBLAST.py -q Chl_clathratiforme_BU_1_gene_targets.faa -r Chl_clathratiforme_BU_1.faa -s Chl_phaeobacteroides_BS1.faa -e 1e-40 -i 20 -o Chl_clathratiforme_BU_1__to__Chl_phaeobacteroides_BS1.csv 2>&1 | tee Chl_clathratiforme_BU_1__to__Chl_phaeobacteroides_BS1.log'
[ Tue May 21 22:34:16 UTC 2019 ]: 'BackBLAST.py -q Chl_clathratiforme_BU_1_gene_targets.faa -r Chl_clathratiforme_BU_1.faa -s Chl_phaeobacteroides_DSM_266.faa -e 1e-40 -i 20 -o Chl_clathratiforme_BU_1__to__Chl_phaeobacteroides_DSM_266.csv 2>&1 | tee Chl_clathratiforme_BU_1__to__Chl_phaeobacteroides_DSM_266.log'
[ Tue May 21 22:34:18 UTC 2019 ]: 'BackBLAST.py -q Chl_clathratiforme_BU_1_gene_targets.faa -r Chl_clathratiforme_BU_1.faa -s Chl_phaeoferrooxidans_KB01.faa -e 1e-40 -i 20 -o Chl_clathratiforme_BU_1__to__Chl_phaeoferrooxidans_KB01.csv 2>&1 | tee Chl_clathratiforme_BU_1__to__Chl_phaeoferrooxidans_KB01.log'
[ Tue May 21 22:34:19 UTC 2019 ]: 'BackBLAST.py -q Chl_clathratiforme_BU_1_gene_targets.faa -r Chl_clathratiforme_BU_1.faa -s Chl_phaeovibrioides_DSM_265.faa -e 1e-40 -i 20 -o Chl_clathratiforme_BU_1__to__Chl_phaeovibrioides_DSM_265.csv 2>&1 | tee Chl_clathratiforme_BU_1__to__Chl_phaeovibrioides_DSM_265.log'
[ Tue May 21 22:34:20 UTC 2019 ]: 'BackBLAST.py -q Chl_clathratiforme_BU_1_gene_targets.faa -r Chl_clathratiforme_BU_1.faa -s Chl_sp_N1.faa -e 1e-40 -i 20 -o Chl_clathratiforme_BU_1__to__Chl_sp_N1.csv 2>&1 | tee Chl_clathratiforme_BU_1__to__Chl_sp_N1.log'
[ Tue May 21 22:34:21 UTC 2019 ]: 'BackBLAST.py -q Chl_clathratiforme_BU_1_gene_targets.faa -r Chl_clathratiforme_BU_1.faa -s Chl_tepidum_TLS.faa -e 1e-40 -i 20 -o Chl_clathratiforme_BU_1__to__Chl_tepidum_TLS.csv 2>&1 | tee Chl_clathratiforme_BU_1__to__Chl_tepidum_TLS.log'
[ Tue May 21 22:34:23 UTC 2019 ]: 'BackBLAST.py -q Chl_clathratiforme_BU_1_gene_targets.faa -r Chl_clathratiforme_BU_1.faa -s Ignavibacterium_album_JCM_16511_outgroup.faa -e 1e-40 -i 20 -o Chl_clathratiforme_BU_1__to__Ignavibacterium_album_JCM_16511_outgroup.csv 2>&1 | tee Chl_clathratiforme_BU_1__to__Ignavibacterium_album_JCM_16511_outgroup.log'
[ Tue May 21 22:34:25 UTC 2019 ]: 'BackBLAST.py -q Chl_clathratiforme_BU_1_gene_targets.faa -r Chl_clathratiforme_BU_1.faa -s L227_2013_bin22.faa -e 1e-40 -i 20 -o Chl_clathratiforme_BU_1__to__L227_2013_bin22.csv 2>&1 | tee Chl_clathratiforme_BU_1__to__L227_2013_bin22.log'
[ Tue May 21 22:34:26 UTC 2019 ]: 'BackBLAST.py -q Chl_clathratiforme_BU_1_gene_targets.faa -r Chl_clathratiforme_BU_1.faa -s L227_2013_bin55.faa -e 1e-40 -i 20 -o Chl_clathratiforme_BU_1__to__L227_2013_bin55.csv 2>&1 | tee Chl_clathratiforme_BU_1__to__L227_2013_bin55.log'
[ Tue May 21 22:34:28 UTC 2019 ]: 'BackBLAST.py -q Chl_clathratiforme_BU_1_gene_targets.faa -r Chl_clathratiforme_BU_1.faa -s L227_2013_bin56.faa -e 1e-40 -i 20 -o Chl_clathratiforme_BU_1__to__L227_2013_bin56.csv 2>&1 | tee Chl_clathratiforme_BU_1__to__L227_2013_bin56.log'
[ Tue May 21 22:34:29 UTC 2019 ]: 'BackBLAST.py -q Chl_clathratiforme_BU_1_gene_targets.faa -r Chl_clathratiforme_BU_1.faa -s L227_enr_S_6D_bin01.faa -e 1e-40 -i 20 -o Chl_clathratiforme_BU_1__to__L227_enr_S_6D_bin01.csv 2>&1 | tee Chl_clathratiforme_BU_1__to__L227_enr_S_6D_bin01.log'
[ Tue May 21 22:34:31 UTC 2019 ]: 'BackBLAST.py -q Chl_clathratiforme_BU_1_gene_targets.faa -r Chl_clathratiforme_BU_1.faa -s L304_enr_S_6D_bin01.faa -e 1e-40 -i 20 -o Chl_clathratiforme_BU_1__to__L304_enr_S_6D_bin01.csv 2>&1 | tee Chl_clathratiforme_BU_1__to__L304_enr_S_6D_bin01.log'
[ Tue May 21 22:34:32 UTC 2019 ]: 'BackBLAST.py -q Chl_clathratiforme_BU_1_gene_targets.faa -r Chl_clathratiforme_BU_1.faa -s L442_2011_2014_bin64.faa -e 1e-40 -i 20 -o Chl_clathratiforme_BU_1__to__L442_2011_2014_bin64.csv 2>&1 | tee Chl_clathratiforme_BU_1__to__L442_2011_2014_bin64.log'
[ Tue May 21 22:34:34 UTC 2019 ]: 'BackBLAST.py -q Chl_clathratiforme_BU_1_gene_targets.faa -r Chl_clathratiforme_BU_1.faa -s Ptc_aestuarii_DSM_271.faa -e 1e-40 -i 20 -o Chl_clathratiforme_BU_1__to__Ptc_aestuarii_DSM_271.csv 2>&1 | tee Chl_clathratiforme_BU_1__to__Ptc_aestuarii_DSM_271.log'
[ Tue May 21 22:34:36 UTC 2019 ]: Searching for 'Chl_ferrooxidans_KoFox_gene_targets' among the subjects. Using 'Chl_ferrooxidans_KoFox' as the reference predicted proteome.
[ Tue May 21 22:34:36 UTC 2019 ]: 'BackBLAST.py -q Chl_ferrooxidans_KoFox_gene_targets.faa -r Chl_ferrooxidans_KoFox.faa -s Cba_parvum_NCIB_8327.faa -e 1e-40 -i 20 -o Chl_ferrooxidans_KoFox__to__Cba_parvum_NCIB_8327.csv 2>&1 | tee Chl_ferrooxidans_KoFox__to__Cba_parvum_NCIB_8327.log'
[ Tue May 21 22:34:37 UTC 2019 ]: 'BackBLAST.py -q Chl_ferrooxidans_KoFox_gene_targets.faa -r Chl_ferrooxidans_KoFox.faa -s Che_thalassium_ATCC_35110.faa -e 1e-40 -i 20 -o Chl_ferrooxidans_KoFox__to__Che_thalassium_ATCC_35110.csv 2>&1 | tee Chl_ferrooxidans_KoFox__to__Che_thalassium_ATCC_35110.log'
[ Tue May 21 22:34:38 UTC 2019 ]: 'BackBLAST.py -q Chl_ferrooxidans_KoFox_gene_targets.faa -r Chl_ferrooxidans_KoFox.faa -s Chl_chlorochromatii_CaD3.faa -e 1e-40 -i 20 -o Chl_ferrooxidans_KoFox__to__Chl_chlorochromatii_CaD3.csv 2>&1 | tee Chl_ferrooxidans_KoFox__to__Chl_chlorochromatii_CaD3.log'
[ Tue May 21 22:34:39 UTC 2019 ]: 'BackBLAST.py -q Chl_ferrooxidans_KoFox_gene_targets.faa -r Chl_ferrooxidans_KoFox.faa -s Chl_clathratiforme_BU_1.faa -e 1e-40 -i 20 -o Chl_ferrooxidans_KoFox__to__Chl_clathratiforme_BU_1.csv 2>&1 | tee Chl_ferrooxidans_KoFox__to__Chl_clathratiforme_BU_1.log'
[ Tue May 21 22:34:40 UTC 2019 ]: 'BackBLAST.py -q Chl_ferrooxidans_KoFox_gene_targets.faa -r Chl_ferrooxidans_KoFox.faa -s Chl_ferrooxidans_KoFox.faa -e 1e-40 -i 20 -o Chl_ferrooxidans_KoFox__to__Chl_ferrooxidans_KoFox.csv 2>&1 | tee Chl_ferrooxidans_KoFox__to__Chl_ferrooxidans_KoFox.log'
[ Tue May 21 22:34:41 UTC 2019 ]: 'BackBLAST.py -q Chl_ferrooxidans_KoFox_gene_targets.faa -r Chl_ferrooxidans_KoFox.faa -s Chl_limicola_DSM_245.faa -e 1e-40 -i 20 -o Chl_ferrooxidans_KoFox__to__Chl_limicola_DSM_245.csv 2>&1 | tee Chl_ferrooxidans_KoFox__to__Chl_limicola_DSM_245.log'
[ Tue May 21 22:34:42 UTC 2019 ]: 'BackBLAST.py -q Chl_ferrooxidans_KoFox_gene_targets.faa -r Chl_ferrooxidans_KoFox.faa -s Chl_luteolum_DSM_273.faa -e 1e-40 -i 20 -o Chl_ferrooxidans_KoFox__to__Chl_luteolum_DSM_273.csv 2>&1 | tee Chl_ferrooxidans_KoFox__to__Chl_luteolum_DSM_273.log'
[ Tue May 21 22:34:43 UTC 2019 ]: 'BackBLAST.py -q Chl_ferrooxidans_KoFox_gene_targets.faa -r Chl_ferrooxidans_KoFox.faa -s Chl_phaeobacteroides_BS1.faa -e 1e-40 -i 20 -o Chl_ferrooxidans_KoFox__to__Chl_phaeobacteroides_BS1.csv 2>&1 | tee Chl_ferrooxidans_KoFox__to__Chl_phaeobacteroides_BS1.log'
[ Tue May 21 22:34:43 UTC 2019 ]: 'BackBLAST.py -q Chl_ferrooxidans_KoFox_gene_targets.faa -r Chl_ferrooxidans_KoFox.faa -s Chl_phaeobacteroides_DSM_266.faa -e 1e-40 -i 20 -o Chl_ferrooxidans_KoFox__to__Chl_phaeobacteroides_DSM_266.csv 2>&1 | tee Chl_ferrooxidans_KoFox__to__Chl_phaeobacteroides_DSM_266.log'
[ Tue May 21 22:34:44 UTC 2019 ]: 'BackBLAST.py -q Chl_ferrooxidans_KoFox_gene_targets.faa -r Chl_ferrooxidans_KoFox.faa -s Chl_phaeoferrooxidans_KB01.faa -e 1e-40 -i 20 -o Chl_ferrooxidans_KoFox__to__Chl_phaeoferrooxidans_KB01.csv 2>&1 | tee Chl_ferrooxidans_KoFox__to__Chl_phaeoferrooxidans_KB01.log'
[ Tue May 21 22:34:45 UTC 2019 ]: 'BackBLAST.py -q Chl_ferrooxidans_KoFox_gene_targets.faa -r Chl_ferrooxidans_KoFox.faa -s Chl_phaeovibrioides_DSM_265.faa -e 1e-40 -i 20 -o Chl_ferrooxidans_KoFox__to__Chl_phaeovibrioides_DSM_265.csv 2>&1 | tee Chl_ferrooxidans_KoFox__to__Chl_phaeovibrioides_DSM_265.log'
[ Tue May 21 22:34:46 UTC 2019 ]: 'BackBLAST.py -q Chl_ferrooxidans_KoFox_gene_targets.faa -r Chl_ferrooxidans_KoFox.faa -s Chl_sp_N1.faa -e 1e-40 -i 20 -o Chl_ferrooxidans_KoFox__to__Chl_sp_N1.csv 2>&1 | tee Chl_ferrooxidans_KoFox__to__Chl_sp_N1.log'
[ Tue May 21 22:34:47 UTC 2019 ]: 'BackBLAST.py -q Chl_ferrooxidans_KoFox_gene_targets.faa -r Chl_ferrooxidans_KoFox.faa -s Chl_tepidum_TLS.faa -e 1e-40 -i 20 -o Chl_ferrooxidans_KoFox__to__Chl_tepidum_TLS.csv 2>&1 | tee Chl_ferrooxidans_KoFox__to__Chl_tepidum_TLS.log'
[ Tue May 21 22:34:47 UTC 2019 ]: 'BackBLAST.py -q Chl_ferrooxidans_KoFox_gene_targets.faa -r Chl_ferrooxidans_KoFox.faa -s Ignavibacterium_album_JCM_16511_outgroup.faa -e 1e-40 -i 20 -o Chl_ferrooxidans_KoFox__to__Ignavibacterium_album_JCM_16511_outgroup.csv 2>&1 | tee Chl_ferrooxidans_KoFox__to__Ignavibacterium_album_JCM_16511_outgroup.log'
[ Tue May 21 22:34:48 UTC 2019 ]: 'BackBLAST.py -q Chl_ferrooxidans_KoFox_gene_targets.faa -r Chl_ferrooxidans_KoFox.faa -s L227_2013_bin22.faa -e 1e-40 -i 20 -o Chl_ferrooxidans_KoFox__to__L227_2013_bin22.csv 2>&1 | tee Chl_ferrooxidans_KoFox__to__L227_2013_bin22.log'
[ Tue May 21 22:34:49 UTC 2019 ]: 'BackBLAST.py -q Chl_ferrooxidans_KoFox_gene_targets.faa -r Chl_ferrooxidans_KoFox.faa -s L227_2013_bin55.faa -e 1e-40 -i 20 -o Chl_ferrooxidans_KoFox__to__L227_2013_bin55.csv 2>&1 | tee Chl_ferrooxidans_KoFox__to__L227_2013_bin55.log'
[ Tue May 21 22:34:50 UTC 2019 ]: 'BackBLAST.py -q Chl_ferrooxidans_KoFox_gene_targets.faa -r Chl_ferrooxidans_KoFox.faa -s L227_2013_bin56.faa -e 1e-40 -i 20 -o Chl_ferrooxidans_KoFox__to__L227_2013_bin56.csv 2>&1 | tee Chl_ferrooxidans_KoFox__to__L227_2013_bin56.log'
[ Tue May 21 22:34:51 UTC 2019 ]: 'BackBLAST.py -q Chl_ferrooxidans_KoFox_gene_targets.faa -r Chl_ferrooxidans_KoFox.faa -s L227_enr_S_6D_bin01.faa -e 1e-40 -i 20 -o Chl_ferrooxidans_KoFox__to__L227_enr_S_6D_bin01.csv 2>&1 | tee Chl_ferrooxidans_KoFox__to__L227_enr_S_6D_bin01.log'
[ Tue May 21 22:34:52 UTC 2019 ]: 'BackBLAST.py -q Chl_ferrooxidans_KoFox_gene_targets.faa -r Chl_ferrooxidans_KoFox.faa -s L304_enr_S_6D_bin01.faa -e 1e-40 -i 20 -o Chl_ferrooxidans_KoFox__to__L304_enr_S_6D_bin01.csv 2>&1 | tee Chl_ferrooxidans_KoFox__to__L304_enr_S_6D_bin01.log'
[ Tue May 21 22:34:53 UTC 2019 ]: 'BackBLAST.py -q Chl_ferrooxidans_KoFox_gene_targets.faa -r Chl_ferrooxidans_KoFox.faa -s L442_2011_2014_bin64.faa -e 1e-40 -i 20 -o Chl_ferrooxidans_KoFox__to__L442_2011_2014_bin64.csv 2>&1 | tee Chl_ferrooxidans_KoFox__to__L442_2011_2014_bin64.log'
[ Tue May 21 22:34:53 UTC 2019 ]: 'BackBLAST.py -q Chl_ferrooxidans_KoFox_gene_targets.faa -r Chl_ferrooxidans_KoFox.faa -s Ptc_aestuarii_DSM_271.faa -e 1e-40 -i 20 -o Chl_ferrooxidans_KoFox__to__Ptc_aestuarii_DSM_271.csv 2>&1 | tee Chl_ferrooxidans_KoFox__to__Ptc_aestuarii_DSM_271.log'
[ Tue May 21 22:34:56 UTC 2019 ]: Finished.
