[ Mon Dec 16 07:01:05 UTC 2019 ]: Running BackBLAST in 'auto' mode
[ Mon Dec 16 07:01:05 UTC 2019 ]: Command run: BackBLAST setup -j 60 -e 1e-40 -p 20 /Analysis/jmtsuji/Hippodrome_legacy/180123_ELA111314_atlas_r1.0.22_plus_full/post-analysis/16_190513_re_analysis_with_Chl_N1/chlorobia-cyc2-genomics/Data_analysis_pipeline/06_comparative_genomics/05c_pathway_analysis_vs2/02_queries/Chl_clathratiforme_BU_1_gene_targets.faa /Analysis/jmtsuji/Hippodrome_legacy/180123_ELA111314_atlas_r1.0.22_plus_full/post-analysis/16_190513_re_analysis_with_Chl_N1/chlorobia-cyc2-genomics/Data_analysis_pipeline/06_comparative_genomics/05c_pathway_analysis_vs2/01_genomes/Chl_clathratiforme_BU_1.faa /Analysis/jmtsuji/Hippodrome_legacy/180123_ELA111314_atlas_r1.0.22_plus_full/post-analysis/16_190513_re_analysis_with_Chl_N1/chlorobia-cyc2-genomics/Data_analysis_pipeline/06_comparative_genomics/05c_pathway_analysis_vs2/01_genomes 01b_clathratiforme --until finished_blast
[ Mon Dec 16 07:01:05 UTC 2019 ]: Writing genome metadata template to '01b_clathratiforme/genome_metadata.tsv'
[ Mon Dec 16 07:01:05 UTC 2019 ]: Writing gene metadata template to '01b_clathratiforme/gene_metadata.tsv'
[ Mon Dec 16 07:01:05 UTC 2019 ]: Writing config info to '01b_clathratiforme/config.yaml'
[ Mon Dec 16 07:01:05 UTC 2019 ]: Found 21 subject genomes with extension 'faa'
[ Mon Dec 16 07:01:05 UTC 2019 ]: Default setup finished; starting pipeline
[ Mon Dec 16 07:01:05 UTC 2019 ]: Command: snakemake --snakefile '/Analysis/jmtsuji/Hippodrome_legacy/180123_ELA111314_atlas_r1.0.22_plus_full/post-analysis/16_190513_re_analysis_with_Chl_N1/chlorobia-cyc2-genomics/Data_analysis_pipeline/06_comparative_genomics/05c_pathway_analysis_vs2/03_backblast/BackBLAST_Reciprocal_BLAST/snakemake/Snakefile' --configfile '01b_clathratiforme/config.yaml' --directory '01b_clathratiforme' --conda-prefix '.snakemake/conda' --jobs 60 --rerun-incomplete --reason --printshellcmds --use-conda --until finished_blast
Building DAG of jobs...
Using shell: /bin/bash
Provided cores: 60
Rules claiming more threads will be scaled down.
Job counts:
	count	jobs
	1	combine_blast_tables
	21	create_blank_results
	1	finished_blast
	21	remove_duplicates
	21	run_reciprocal_blast
	1	symlink_combined_blast_table
	66

[Mon Dec 16 02:01:06 2019]
rule run_reciprocal_blast:
    input: /Analysis/jmtsuji/Hippodrome_legacy/180123_ELA111314_atlas_r1.0.22_plus_full/post-analysis/16_190513_re_analysis_with_Chl_N1/chlorobia-cyc2-genomics/Data_analysis_pipeline/06_comparative_genomics/05c_pathway_analysis_vs2/01_genomes/Chl_phaeoferrooxidans_KB01.faa
    output: blast/intermediate/reciprocal_blast/Chl_phaeoferrooxidans_KB01.csv
    log: logging/logs/blast/intermediate/reciprocal_blast/Chl_phaeoferrooxidans_KB01.log
    jobid: 54
    benchmark: logging/benchmarks/Chl_phaeoferrooxidans_KB01.reciprocal_blast.benchmark.txt
    reason: Missing output files: blast/intermediate/reciprocal_blast/Chl_phaeoferrooxidans_KB01.csv
    wildcards: subject=Chl_phaeoferrooxidans_KB01

BackBLAST_core.py --gene_cluster /Analysis/jmtsuji/Hippodrome_legacy/180123_ELA111314_atlas_r1.0.22_plus_full/post-analysis/16_190513_re_analysis_with_Chl_N1/chlorobia-cyc2-genomics/Data_analysis_pipeline/06_comparative_genomics/05c_pathway_analysis_vs2/02_queries/Chl_clathratiforme_BU_1_gene_targets.faa --query_proteome /Analysis/jmtsuji/Hippodrome_legacy/180123_ELA111314_atlas_r1.0.22_plus_full/post-analysis/16_190513_re_analysis_with_Chl_N1/chlorobia-cyc2-genomics/Data_analysis_pipeline/06_comparative_genomics/05c_pathway_analysis_vs2/01_genomes/Chl_clathratiforme_BU_1.faa --subject_proteome /Analysis/jmtsuji/Hippodrome_legacy/180123_ELA111314_atlas_r1.0.22_plus_full/post-analysis/16_190513_re_analysis_with_Chl_N1/chlorobia-cyc2-genomics/Data_analysis_pipeline/06_comparative_genomics/05c_pathway_analysis_vs2/01_genomes/Chl_phaeoferrooxidans_KB01.faa --e_value 1e-40 --min_ident 20 --output_file blast/intermediate/reciprocal_blast/Chl_phaeoferrooxidans_KB01.csv > logging/logs/blast/intermediate/reciprocal_blast/Chl_phaeoferrooxidans_KB01.log 2>&1

[Mon Dec 16 02:01:06 2019]
rule run_reciprocal_blast:
    input: /Analysis/jmtsuji/Hippodrome_legacy/180123_ELA111314_atlas_r1.0.22_plus_full/post-analysis/16_190513_re_analysis_with_Chl_N1/chlorobia-cyc2-genomics/Data_analysis_pipeline/06_comparative_genomics/05c_pathway_analysis_vs2/01_genomes/L227_2013_bin56.faa
    output: blast/intermediate/reciprocal_blast/L227_2013_bin56.csv
    log: logging/logs/blast/intermediate/reciprocal_blast/L227_2013_bin56.log
    jobid: 61
    benchmark: logging/benchmarks/L227_2013_bin56.reciprocal_blast.benchmark.txt
    reason: Missing output files: blast/intermediate/reciprocal_blast/L227_2013_bin56.csv
    wildcards: subject=L227_2013_bin56

BackBLAST_core.py --gene_cluster /Analysis/jmtsuji/Hippodrome_legacy/180123_ELA111314_atlas_r1.0.22_plus_full/post-analysis/16_190513_re_analysis_with_Chl_N1/chlorobia-cyc2-genomics/Data_analysis_pipeline/06_comparative_genomics/05c_pathway_analysis_vs2/02_queries/Chl_clathratiforme_BU_1_gene_targets.faa --query_proteome /Analysis/jmtsuji/Hippodrome_legacy/180123_ELA111314_atlas_r1.0.22_plus_full/post-analysis/16_190513_re_analysis_with_Chl_N1/chlorobia-cyc2-genomics/Data_analysis_pipeline/06_comparative_genomics/05c_pathway_analysis_vs2/01_genomes/Chl_clathratiforme_BU_1.faa --subject_proteome /Analysis/jmtsuji/Hippodrome_legacy/180123_ELA111314_atlas_r1.0.22_plus_full/post-analysis/16_190513_re_analysis_with_Chl_N1/chlorobia-cyc2-genomics/Data_analysis_pipeline/06_comparative_genomics/05c_pathway_analysis_vs2/01_genomes/L227_2013_bin56.faa --e_value 1e-40 --min_ident 20 --output_file blast/intermediate/reciprocal_blast/L227_2013_bin56.csv > logging/logs/blast/intermediate/reciprocal_blast/L227_2013_bin56.log 2>&1

[Mon Dec 16 02:01:06 2019]
rule run_reciprocal_blast:
    input: /Analysis/jmtsuji/Hippodrome_legacy/180123_ELA111314_atlas_r1.0.22_plus_full/post-analysis/16_190513_re_analysis_with_Chl_N1/chlorobia-cyc2-genomics/Data_analysis_pipeline/06_comparative_genomics/05c_pathway_analysis_vs2/01_genomes/L442_2011_2014_bin64.faa
    output: blast/intermediate/reciprocal_blast/L442_2011_2014_bin64.csv
    log: logging/logs/blast/intermediate/reciprocal_blast/L442_2011_2014_bin64.log
    jobid: 64
    benchmark: logging/benchmarks/L442_2011_2014_bin64.reciprocal_blast.benchmark.txt
    reason: Missing output files: blast/intermediate/reciprocal_blast/L442_2011_2014_bin64.csv
    wildcards: subject=L442_2011_2014_bin64

BackBLAST_core.py --gene_cluster /Analysis/jmtsuji/Hippodrome_legacy/180123_ELA111314_atlas_r1.0.22_plus_full/post-analysis/16_190513_re_analysis_with_Chl_N1/chlorobia-cyc2-genomics/Data_analysis_pipeline/06_comparative_genomics/05c_pathway_analysis_vs2/02_queries/Chl_clathratiforme_BU_1_gene_targets.faa --query_proteome /Analysis/jmtsuji/Hippodrome_legacy/180123_ELA111314_atlas_r1.0.22_plus_full/post-analysis/16_190513_re_analysis_with_Chl_N1/chlorobia-cyc2-genomics/Data_analysis_pipeline/06_comparative_genomics/05c_pathway_analysis_vs2/01_genomes/Chl_clathratiforme_BU_1.faa --subject_proteome /Analysis/jmtsuji/Hippodrome_legacy/180123_ELA111314_atlas_r1.0.22_plus_full/post-analysis/16_190513_re_analysis_with_Chl_N1/chlorobia-cyc2-genomics/Data_analysis_pipeline/06_comparative_genomics/05c_pathway_analysis_vs2/01_genomes/L442_2011_2014_bin64.faa --e_value 1e-40 --min_ident 20 --output_file blast/intermediate/reciprocal_blast/L442_2011_2014_bin64.csv > logging/logs/blast/intermediate/reciprocal_blast/L442_2011_2014_bin64.log 2>&1

[Mon Dec 16 02:01:06 2019]
rule run_reciprocal_blast:
    input: /Analysis/jmtsuji/Hippodrome_legacy/180123_ELA111314_atlas_r1.0.22_plus_full/post-analysis/16_190513_re_analysis_with_Chl_N1/chlorobia-cyc2-genomics/Data_analysis_pipeline/06_comparative_genomics/05c_pathway_analysis_vs2/01_genomes/Ptc_aestuarii_DSM_271.faa
    output: blast/intermediate/reciprocal_blast/Ptc_aestuarii_DSM_271.csv
    log: logging/logs/blast/intermediate/reciprocal_blast/Ptc_aestuarii_DSM_271.log
    jobid: 65
    benchmark: logging/benchmarks/Ptc_aestuarii_DSM_271.reciprocal_blast.benchmark.txt
    reason: Missing output files: blast/intermediate/reciprocal_blast/Ptc_aestuarii_DSM_271.csv
    wildcards: subject=Ptc_aestuarii_DSM_271

BackBLAST_core.py --gene_cluster /Analysis/jmtsuji/Hippodrome_legacy/180123_ELA111314_atlas_r1.0.22_plus_full/post-analysis/16_190513_re_analysis_with_Chl_N1/chlorobia-cyc2-genomics/Data_analysis_pipeline/06_comparative_genomics/05c_pathway_analysis_vs2/02_queries/Chl_clathratiforme_BU_1_gene_targets.faa --query_proteome /Analysis/jmtsuji/Hippodrome_legacy/180123_ELA111314_atlas_r1.0.22_plus_full/post-analysis/16_190513_re_analysis_with_Chl_N1/chlorobia-cyc2-genomics/Data_analysis_pipeline/06_comparative_genomics/05c_pathway_analysis_vs2/01_genomes/Chl_clathratiforme_BU_1.faa --subject_proteome /Analysis/jmtsuji/Hippodrome_legacy/180123_ELA111314_atlas_r1.0.22_plus_full/post-analysis/16_190513_re_analysis_with_Chl_N1/chlorobia-cyc2-genomics/Data_analysis_pipeline/06_comparative_genomics/05c_pathway_analysis_vs2/01_genomes/Ptc_aestuarii_DSM_271.faa --e_value 1e-40 --min_ident 20 --output_file blast/intermediate/reciprocal_blast/Ptc_aestuarii_DSM_271.csv > logging/logs/blast/intermediate/reciprocal_blast/Ptc_aestuarii_DSM_271.log 2>&1

[Mon Dec 16 02:01:06 2019]
rule run_reciprocal_blast:
    input: /Analysis/jmtsuji/Hippodrome_legacy/180123_ELA111314_atlas_r1.0.22_plus_full/post-analysis/16_190513_re_analysis_with_Chl_N1/chlorobia-cyc2-genomics/Data_analysis_pipeline/06_comparative_genomics/05c_pathway_analysis_vs2/01_genomes/Chl_chlorochromatii_CaD3.faa
    output: blast/intermediate/reciprocal_blast/Chl_chlorochromatii_CaD3.csv
    log: logging/logs/blast/intermediate/reciprocal_blast/Chl_chlorochromatii_CaD3.log
    jobid: 47
    benchmark: logging/benchmarks/Chl_chlorochromatii_CaD3.reciprocal_blast.benchmark.txt
    reason: Missing output files: blast/intermediate/reciprocal_blast/Chl_chlorochromatii_CaD3.csv
    wildcards: subject=Chl_chlorochromatii_CaD3

BackBLAST_core.py --gene_cluster /Analysis/jmtsuji/Hippodrome_legacy/180123_ELA111314_atlas_r1.0.22_plus_full/post-analysis/16_190513_re_analysis_with_Chl_N1/chlorobia-cyc2-genomics/Data_analysis_pipeline/06_comparative_genomics/05c_pathway_analysis_vs2/02_queries/Chl_clathratiforme_BU_1_gene_targets.faa --query_proteome /Analysis/jmtsuji/Hippodrome_legacy/180123_ELA111314_atlas_r1.0.22_plus_full/post-analysis/16_190513_re_analysis_with_Chl_N1/chlorobia-cyc2-genomics/Data_analysis_pipeline/06_comparative_genomics/05c_pathway_analysis_vs2/01_genomes/Chl_clathratiforme_BU_1.faa --subject_proteome /Analysis/jmtsuji/Hippodrome_legacy/180123_ELA111314_atlas_r1.0.22_plus_full/post-analysis/16_190513_re_analysis_with_Chl_N1/chlorobia-cyc2-genomics/Data_analysis_pipeline/06_comparative_genomics/05c_pathway_analysis_vs2/01_genomes/Chl_chlorochromatii_CaD3.faa --e_value 1e-40 --min_ident 20 --output_file blast/intermediate/reciprocal_blast/Chl_chlorochromatii_CaD3.csv > logging/logs/blast/intermediate/reciprocal_blast/Chl_chlorochromatii_CaD3.log 2>&1

[Mon Dec 16 02:01:06 2019]
rule run_reciprocal_blast:
    input: /Analysis/jmtsuji/Hippodrome_legacy/180123_ELA111314_atlas_r1.0.22_plus_full/post-analysis/16_190513_re_analysis_with_Chl_N1/chlorobia-cyc2-genomics/Data_analysis_pipeline/06_comparative_genomics/05c_pathway_analysis_vs2/01_genomes/Ignavibacterium_album_JCM_16511_outgroup.faa
    output: blast/intermediate/reciprocal_blast/Ignavibacterium_album_JCM_16511_outgroup.csv
    log: logging/logs/blast/intermediate/reciprocal_blast/Ignavibacterium_album_JCM_16511_outgroup.log
    jobid: 58
    benchmark: logging/benchmarks/Ignavibacterium_album_JCM_16511_outgroup.reciprocal_blast.benchmark.txt
    reason: Missing output files: blast/intermediate/reciprocal_blast/Ignavibacterium_album_JCM_16511_outgroup.csv
    wildcards: subject=Ignavibacterium_album_JCM_16511_outgroup

BackBLAST_core.py --gene_cluster /Analysis/jmtsuji/Hippodrome_legacy/180123_ELA111314_atlas_r1.0.22_plus_full/post-analysis/16_190513_re_analysis_with_Chl_N1/chlorobia-cyc2-genomics/Data_analysis_pipeline/06_comparative_genomics/05c_pathway_analysis_vs2/02_queries/Chl_clathratiforme_BU_1_gene_targets.faa --query_proteome /Analysis/jmtsuji/Hippodrome_legacy/180123_ELA111314_atlas_r1.0.22_plus_full/post-analysis/16_190513_re_analysis_with_Chl_N1/chlorobia-cyc2-genomics/Data_analysis_pipeline/06_comparative_genomics/05c_pathway_analysis_vs2/01_genomes/Chl_clathratiforme_BU_1.faa --subject_proteome /Analysis/jmtsuji/Hippodrome_legacy/180123_ELA111314_atlas_r1.0.22_plus_full/post-analysis/16_190513_re_analysis_with_Chl_N1/chlorobia-cyc2-genomics/Data_analysis_pipeline/06_comparative_genomics/05c_pathway_analysis_vs2/01_genomes/Ignavibacterium_album_JCM_16511_outgroup.faa --e_value 1e-40 --min_ident 20 --output_file blast/intermediate/reciprocal_blast/Ignavibacterium_album_JCM_16511_outgroup.csv > logging/logs/blast/intermediate/reciprocal_blast/Ignavibacterium_album_JCM_16511_outgroup.log 2>&1

[Mon Dec 16 02:01:06 2019]
rule run_reciprocal_blast:
    input: /Analysis/jmtsuji/Hippodrome_legacy/180123_ELA111314_atlas_r1.0.22_plus_full/post-analysis/16_190513_re_analysis_with_Chl_N1/chlorobia-cyc2-genomics/Data_analysis_pipeline/06_comparative_genomics/05c_pathway_analysis_vs2/01_genomes/L227_enr_S_6D_bin01.faa
    output: blast/intermediate/reciprocal_blast/L227_enr_S_6D_bin01.csv
    log: logging/logs/blast/intermediate/reciprocal_blast/L227_enr_S_6D_bin01.log
    jobid: 62
    benchmark: logging/benchmarks/L227_enr_S_6D_bin01.reciprocal_blast.benchmark.txt
    reason: Missing output files: blast/intermediate/reciprocal_blast/L227_enr_S_6D_bin01.csv
    wildcards: subject=L227_enr_S_6D_bin01

BackBLAST_core.py --gene_cluster /Analysis/jmtsuji/Hippodrome_legacy/180123_ELA111314_atlas_r1.0.22_plus_full/post-analysis/16_190513_re_analysis_with_Chl_N1/chlorobia-cyc2-genomics/Data_analysis_pipeline/06_comparative_genomics/05c_pathway_analysis_vs2/02_queries/Chl_clathratiforme_BU_1_gene_targets.faa --query_proteome /Analysis/jmtsuji/Hippodrome_legacy/180123_ELA111314_atlas_r1.0.22_plus_full/post-analysis/16_190513_re_analysis_with_Chl_N1/chlorobia-cyc2-genomics/Data_analysis_pipeline/06_comparative_genomics/05c_pathway_analysis_vs2/01_genomes/Chl_clathratiforme_BU_1.faa --subject_proteome /Analysis/jmtsuji/Hippodrome_legacy/180123_ELA111314_atlas_r1.0.22_plus_full/post-analysis/16_190513_re_analysis_with_Chl_N1/chlorobia-cyc2-genomics/Data_analysis_pipeline/06_comparative_genomics/05c_pathway_analysis_vs2/01_genomes/L227_enr_S_6D_bin01.faa --e_value 1e-40 --min_ident 20 --output_file blast/intermediate/reciprocal_blast/L227_enr_S_6D_bin01.csv > logging/logs/blast/intermediate/reciprocal_blast/L227_enr_S_6D_bin01.log 2>&1

[Mon Dec 16 02:01:06 2019]
rule run_reciprocal_blast:
    input: /Analysis/jmtsuji/Hippodrome_legacy/180123_ELA111314_atlas_r1.0.22_plus_full/post-analysis/16_190513_re_analysis_with_Chl_N1/chlorobia-cyc2-genomics/Data_analysis_pipeline/06_comparative_genomics/05c_pathway_analysis_vs2/01_genomes/Che_thalassium_ATCC_35110.faa
    output: blast/intermediate/reciprocal_blast/Che_thalassium_ATCC_35110.csv
    log: logging/logs/blast/intermediate/reciprocal_blast/Che_thalassium_ATCC_35110.log
    jobid: 46
    benchmark: logging/benchmarks/Che_thalassium_ATCC_35110.reciprocal_blast.benchmark.txt
    reason: Missing output files: blast/intermediate/reciprocal_blast/Che_thalassium_ATCC_35110.csv
    wildcards: subject=Che_thalassium_ATCC_35110

BackBLAST_core.py --gene_cluster /Analysis/jmtsuji/Hippodrome_legacy/180123_ELA111314_atlas_r1.0.22_plus_full/post-analysis/16_190513_re_analysis_with_Chl_N1/chlorobia-cyc2-genomics/Data_analysis_pipeline/06_comparative_genomics/05c_pathway_analysis_vs2/02_queries/Chl_clathratiforme_BU_1_gene_targets.faa --query_proteome /Analysis/jmtsuji/Hippodrome_legacy/180123_ELA111314_atlas_r1.0.22_plus_full/post-analysis/16_190513_re_analysis_with_Chl_N1/chlorobia-cyc2-genomics/Data_analysis_pipeline/06_comparative_genomics/05c_pathway_analysis_vs2/01_genomes/Chl_clathratiforme_BU_1.faa --subject_proteome /Analysis/jmtsuji/Hippodrome_legacy/180123_ELA111314_atlas_r1.0.22_plus_full/post-analysis/16_190513_re_analysis_with_Chl_N1/chlorobia-cyc2-genomics/Data_analysis_pipeline/06_comparative_genomics/05c_pathway_analysis_vs2/01_genomes/Che_thalassium_ATCC_35110.faa --e_value 1e-40 --min_ident 20 --output_file blast/intermediate/reciprocal_blast/Che_thalassium_ATCC_35110.csv > logging/logs/blast/intermediate/reciprocal_blast/Che_thalassium_ATCC_35110.log 2>&1

[Mon Dec 16 02:01:06 2019]
rule run_reciprocal_blast:
    input: /Analysis/jmtsuji/Hippodrome_legacy/180123_ELA111314_atlas_r1.0.22_plus_full/post-analysis/16_190513_re_analysis_with_Chl_N1/chlorobia-cyc2-genomics/Data_analysis_pipeline/06_comparative_genomics/05c_pathway_analysis_vs2/01_genomes/Chl_limicola_DSM_245.faa
    output: blast/intermediate/reciprocal_blast/Chl_limicola_DSM_245.csv
    log: logging/logs/blast/intermediate/reciprocal_blast/Chl_limicola_DSM_245.log
    jobid: 50
    benchmark: logging/benchmarks/Chl_limicola_DSM_245.reciprocal_blast.benchmark.txt
    reason: Missing output files: blast/intermediate/reciprocal_blast/Chl_limicola_DSM_245.csv
    wildcards: subject=Chl_limicola_DSM_245

BackBLAST_core.py --gene_cluster /Analysis/jmtsuji/Hippodrome_legacy/180123_ELA111314_atlas_r1.0.22_plus_full/post-analysis/16_190513_re_analysis_with_Chl_N1/chlorobia-cyc2-genomics/Data_analysis_pipeline/06_comparative_genomics/05c_pathway_analysis_vs2/02_queries/Chl_clathratiforme_BU_1_gene_targets.faa --query_proteome /Analysis/jmtsuji/Hippodrome_legacy/180123_ELA111314_atlas_r1.0.22_plus_full/post-analysis/16_190513_re_analysis_with_Chl_N1/chlorobia-cyc2-genomics/Data_analysis_pipeline/06_comparative_genomics/05c_pathway_analysis_vs2/01_genomes/Chl_clathratiforme_BU_1.faa --subject_proteome /Analysis/jmtsuji/Hippodrome_legacy/180123_ELA111314_atlas_r1.0.22_plus_full/post-analysis/16_190513_re_analysis_with_Chl_N1/chlorobia-cyc2-genomics/Data_analysis_pipeline/06_comparative_genomics/05c_pathway_analysis_vs2/01_genomes/Chl_limicola_DSM_245.faa --e_value 1e-40 --min_ident 20 --output_file blast/intermediate/reciprocal_blast/Chl_limicola_DSM_245.csv > logging/logs/blast/intermediate/reciprocal_blast/Chl_limicola_DSM_245.log 2>&1

[Mon Dec 16 02:01:06 2019]
rule run_reciprocal_blast:
    input: /Analysis/jmtsuji/Hippodrome_legacy/180123_ELA111314_atlas_r1.0.22_plus_full/post-analysis/16_190513_re_analysis_with_Chl_N1/chlorobia-cyc2-genomics/Data_analysis_pipeline/06_comparative_genomics/05c_pathway_analysis_vs2/01_genomes/Chl_phaeobacteroides_DSM_266.faa
    output: blast/intermediate/reciprocal_blast/Chl_phaeobacteroides_DSM_266.csv
    log: logging/logs/blast/intermediate/reciprocal_blast/Chl_phaeobacteroides_DSM_266.log
    jobid: 53
    benchmark: logging/benchmarks/Chl_phaeobacteroides_DSM_266.reciprocal_blast.benchmark.txt
    reason: Missing output files: blast/intermediate/reciprocal_blast/Chl_phaeobacteroides_DSM_266.csv
    wildcards: subject=Chl_phaeobacteroides_DSM_266

BackBLAST_core.py --gene_cluster /Analysis/jmtsuji/Hippodrome_legacy/180123_ELA111314_atlas_r1.0.22_plus_full/post-analysis/16_190513_re_analysis_with_Chl_N1/chlorobia-cyc2-genomics/Data_analysis_pipeline/06_comparative_genomics/05c_pathway_analysis_vs2/02_queries/Chl_clathratiforme_BU_1_gene_targets.faa --query_proteome /Analysis/jmtsuji/Hippodrome_legacy/180123_ELA111314_atlas_r1.0.22_plus_full/post-analysis/16_190513_re_analysis_with_Chl_N1/chlorobia-cyc2-genomics/Data_analysis_pipeline/06_comparative_genomics/05c_pathway_analysis_vs2/01_genomes/Chl_clathratiforme_BU_1.faa --subject_proteome /Analysis/jmtsuji/Hippodrome_legacy/180123_ELA111314_atlas_r1.0.22_plus_full/post-analysis/16_190513_re_analysis_with_Chl_N1/chlorobia-cyc2-genomics/Data_analysis_pipeline/06_comparative_genomics/05c_pathway_analysis_vs2/01_genomes/Chl_phaeobacteroides_DSM_266.faa --e_value 1e-40 --min_ident 20 --output_file blast/intermediate/reciprocal_blast/Chl_phaeobacteroides_DSM_266.csv > logging/logs/blast/intermediate/reciprocal_blast/Chl_phaeobacteroides_DSM_266.log 2>&1

[Mon Dec 16 02:01:07 2019]
rule run_reciprocal_blast:
    input: /Analysis/jmtsuji/Hippodrome_legacy/180123_ELA111314_atlas_r1.0.22_plus_full/post-analysis/16_190513_re_analysis_with_Chl_N1/chlorobia-cyc2-genomics/Data_analysis_pipeline/06_comparative_genomics/05c_pathway_analysis_vs2/01_genomes/Chl_phaeobacteroides_BS1.faa
    output: blast/intermediate/reciprocal_blast/Chl_phaeobacteroides_BS1.csv
    log: logging/logs/blast/intermediate/reciprocal_blast/Chl_phaeobacteroides_BS1.log
    jobid: 52
    benchmark: logging/benchmarks/Chl_phaeobacteroides_BS1.reciprocal_blast.benchmark.txt
    reason: Missing output files: blast/intermediate/reciprocal_blast/Chl_phaeobacteroides_BS1.csv
    wildcards: subject=Chl_phaeobacteroides_BS1

BackBLAST_core.py --gene_cluster /Analysis/jmtsuji/Hippodrome_legacy/180123_ELA111314_atlas_r1.0.22_plus_full/post-analysis/16_190513_re_analysis_with_Chl_N1/chlorobia-cyc2-genomics/Data_analysis_pipeline/06_comparative_genomics/05c_pathway_analysis_vs2/02_queries/Chl_clathratiforme_BU_1_gene_targets.faa --query_proteome /Analysis/jmtsuji/Hippodrome_legacy/180123_ELA111314_atlas_r1.0.22_plus_full/post-analysis/16_190513_re_analysis_with_Chl_N1/chlorobia-cyc2-genomics/Data_analysis_pipeline/06_comparative_genomics/05c_pathway_analysis_vs2/01_genomes/Chl_clathratiforme_BU_1.faa --subject_proteome /Analysis/jmtsuji/Hippodrome_legacy/180123_ELA111314_atlas_r1.0.22_plus_full/post-analysis/16_190513_re_analysis_with_Chl_N1/chlorobia-cyc2-genomics/Data_analysis_pipeline/06_comparative_genomics/05c_pathway_analysis_vs2/01_genomes/Chl_phaeobacteroides_BS1.faa --e_value 1e-40 --min_ident 20 --output_file blast/intermediate/reciprocal_blast/Chl_phaeobacteroides_BS1.csv > logging/logs/blast/intermediate/reciprocal_blast/Chl_phaeobacteroides_BS1.log 2>&1

[Mon Dec 16 02:01:07 2019]
rule run_reciprocal_blast:
    input: /Analysis/jmtsuji/Hippodrome_legacy/180123_ELA111314_atlas_r1.0.22_plus_full/post-analysis/16_190513_re_analysis_with_Chl_N1/chlorobia-cyc2-genomics/Data_analysis_pipeline/06_comparative_genomics/05c_pathway_analysis_vs2/01_genomes/Chl_sp_N1.faa
    output: blast/intermediate/reciprocal_blast/Chl_sp_N1.csv
    log: logging/logs/blast/intermediate/reciprocal_blast/Chl_sp_N1.log
    jobid: 56
    benchmark: logging/benchmarks/Chl_sp_N1.reciprocal_blast.benchmark.txt
    reason: Missing output files: blast/intermediate/reciprocal_blast/Chl_sp_N1.csv
    wildcards: subject=Chl_sp_N1

BackBLAST_core.py --gene_cluster /Analysis/jmtsuji/Hippodrome_legacy/180123_ELA111314_atlas_r1.0.22_plus_full/post-analysis/16_190513_re_analysis_with_Chl_N1/chlorobia-cyc2-genomics/Data_analysis_pipeline/06_comparative_genomics/05c_pathway_analysis_vs2/02_queries/Chl_clathratiforme_BU_1_gene_targets.faa --query_proteome /Analysis/jmtsuji/Hippodrome_legacy/180123_ELA111314_atlas_r1.0.22_plus_full/post-analysis/16_190513_re_analysis_with_Chl_N1/chlorobia-cyc2-genomics/Data_analysis_pipeline/06_comparative_genomics/05c_pathway_analysis_vs2/01_genomes/Chl_clathratiforme_BU_1.faa --subject_proteome /Analysis/jmtsuji/Hippodrome_legacy/180123_ELA111314_atlas_r1.0.22_plus_full/post-analysis/16_190513_re_analysis_with_Chl_N1/chlorobia-cyc2-genomics/Data_analysis_pipeline/06_comparative_genomics/05c_pathway_analysis_vs2/01_genomes/Chl_sp_N1.faa --e_value 1e-40 --min_ident 20 --output_file blast/intermediate/reciprocal_blast/Chl_sp_N1.csv > logging/logs/blast/intermediate/reciprocal_blast/Chl_sp_N1.log 2>&1

[Mon Dec 16 02:01:07 2019]
rule run_reciprocal_blast:
    input: /Analysis/jmtsuji/Hippodrome_legacy/180123_ELA111314_atlas_r1.0.22_plus_full/post-analysis/16_190513_re_analysis_with_Chl_N1/chlorobia-cyc2-genomics/Data_analysis_pipeline/06_comparative_genomics/05c_pathway_analysis_vs2/01_genomes/Chl_clathratiforme_BU_1.faa
    output: blast/intermediate/reciprocal_blast/Chl_clathratiforme_BU_1.csv
    log: logging/logs/blast/intermediate/reciprocal_blast/Chl_clathratiforme_BU_1.log
    jobid: 48
    benchmark: logging/benchmarks/Chl_clathratiforme_BU_1.reciprocal_blast.benchmark.txt
    reason: Missing output files: blast/intermediate/reciprocal_blast/Chl_clathratiforme_BU_1.csv
    wildcards: subject=Chl_clathratiforme_BU_1

BackBLAST_core.py --gene_cluster /Analysis/jmtsuji/Hippodrome_legacy/180123_ELA111314_atlas_r1.0.22_plus_full/post-analysis/16_190513_re_analysis_with_Chl_N1/chlorobia-cyc2-genomics/Data_analysis_pipeline/06_comparative_genomics/05c_pathway_analysis_vs2/02_queries/Chl_clathratiforme_BU_1_gene_targets.faa --query_proteome /Analysis/jmtsuji/Hippodrome_legacy/180123_ELA111314_atlas_r1.0.22_plus_full/post-analysis/16_190513_re_analysis_with_Chl_N1/chlorobia-cyc2-genomics/Data_analysis_pipeline/06_comparative_genomics/05c_pathway_analysis_vs2/01_genomes/Chl_clathratiforme_BU_1.faa --subject_proteome /Analysis/jmtsuji/Hippodrome_legacy/180123_ELA111314_atlas_r1.0.22_plus_full/post-analysis/16_190513_re_analysis_with_Chl_N1/chlorobia-cyc2-genomics/Data_analysis_pipeline/06_comparative_genomics/05c_pathway_analysis_vs2/01_genomes/Chl_clathratiforme_BU_1.faa --e_value 1e-40 --min_ident 20 --output_file blast/intermediate/reciprocal_blast/Chl_clathratiforme_BU_1.csv > logging/logs/blast/intermediate/reciprocal_blast/Chl_clathratiforme_BU_1.log 2>&1

[Mon Dec 16 02:01:07 2019]
rule run_reciprocal_blast:
    input: /Analysis/jmtsuji/Hippodrome_legacy/180123_ELA111314_atlas_r1.0.22_plus_full/post-analysis/16_190513_re_analysis_with_Chl_N1/chlorobia-cyc2-genomics/Data_analysis_pipeline/06_comparative_genomics/05c_pathway_analysis_vs2/01_genomes/Chl_luteolum_DSM_273.faa
    output: blast/intermediate/reciprocal_blast/Chl_luteolum_DSM_273.csv
    log: logging/logs/blast/intermediate/reciprocal_blast/Chl_luteolum_DSM_273.log
    jobid: 51
    benchmark: logging/benchmarks/Chl_luteolum_DSM_273.reciprocal_blast.benchmark.txt
    reason: Missing output files: blast/intermediate/reciprocal_blast/Chl_luteolum_DSM_273.csv
    wildcards: subject=Chl_luteolum_DSM_273

BackBLAST_core.py --gene_cluster /Analysis/jmtsuji/Hippodrome_legacy/180123_ELA111314_atlas_r1.0.22_plus_full/post-analysis/16_190513_re_analysis_with_Chl_N1/chlorobia-cyc2-genomics/Data_analysis_pipeline/06_comparative_genomics/05c_pathway_analysis_vs2/02_queries/Chl_clathratiforme_BU_1_gene_targets.faa --query_proteome /Analysis/jmtsuji/Hippodrome_legacy/180123_ELA111314_atlas_r1.0.22_plus_full/post-analysis/16_190513_re_analysis_with_Chl_N1/chlorobia-cyc2-genomics/Data_analysis_pipeline/06_comparative_genomics/05c_pathway_analysis_vs2/01_genomes/Chl_clathratiforme_BU_1.faa --subject_proteome /Analysis/jmtsuji/Hippodrome_legacy/180123_ELA111314_atlas_r1.0.22_plus_full/post-analysis/16_190513_re_analysis_with_Chl_N1/chlorobia-cyc2-genomics/Data_analysis_pipeline/06_comparative_genomics/05c_pathway_analysis_vs2/01_genomes/Chl_luteolum_DSM_273.faa --e_value 1e-40 --min_ident 20 --output_file blast/intermediate/reciprocal_blast/Chl_luteolum_DSM_273.csv > logging/logs/blast/intermediate/reciprocal_blast/Chl_luteolum_DSM_273.log 2>&1

[Mon Dec 16 02:01:07 2019]
rule run_reciprocal_blast:
    input: /Analysis/jmtsuji/Hippodrome_legacy/180123_ELA111314_atlas_r1.0.22_plus_full/post-analysis/16_190513_re_analysis_with_Chl_N1/chlorobia-cyc2-genomics/Data_analysis_pipeline/06_comparative_genomics/05c_pathway_analysis_vs2/01_genomes/L227_2013_bin22.faa
    output: blast/intermediate/reciprocal_blast/L227_2013_bin22.csv
    log: logging/logs/blast/intermediate/reciprocal_blast/L227_2013_bin22.log
    jobid: 59
    benchmark: logging/benchmarks/L227_2013_bin22.reciprocal_blast.benchmark.txt
    reason: Missing output files: blast/intermediate/reciprocal_blast/L227_2013_bin22.csv
    wildcards: subject=L227_2013_bin22

BackBLAST_core.py --gene_cluster /Analysis/jmtsuji/Hippodrome_legacy/180123_ELA111314_atlas_r1.0.22_plus_full/post-analysis/16_190513_re_analysis_with_Chl_N1/chlorobia-cyc2-genomics/Data_analysis_pipeline/06_comparative_genomics/05c_pathway_analysis_vs2/02_queries/Chl_clathratiforme_BU_1_gene_targets.faa --query_proteome /Analysis/jmtsuji/Hippodrome_legacy/180123_ELA111314_atlas_r1.0.22_plus_full/post-analysis/16_190513_re_analysis_with_Chl_N1/chlorobia-cyc2-genomics/Data_analysis_pipeline/06_comparative_genomics/05c_pathway_analysis_vs2/01_genomes/Chl_clathratiforme_BU_1.faa --subject_proteome /Analysis/jmtsuji/Hippodrome_legacy/180123_ELA111314_atlas_r1.0.22_plus_full/post-analysis/16_190513_re_analysis_with_Chl_N1/chlorobia-cyc2-genomics/Data_analysis_pipeline/06_comparative_genomics/05c_pathway_analysis_vs2/01_genomes/L227_2013_bin22.faa --e_value 1e-40 --min_ident 20 --output_file blast/intermediate/reciprocal_blast/L227_2013_bin22.csv > logging/logs/blast/intermediate/reciprocal_blast/L227_2013_bin22.log 2>&1

[Mon Dec 16 02:01:07 2019]
rule run_reciprocal_blast:
    input: /Analysis/jmtsuji/Hippodrome_legacy/180123_ELA111314_atlas_r1.0.22_plus_full/post-analysis/16_190513_re_analysis_with_Chl_N1/chlorobia-cyc2-genomics/Data_analysis_pipeline/06_comparative_genomics/05c_pathway_analysis_vs2/01_genomes/Chl_tepidum_TLS.faa
    output: blast/intermediate/reciprocal_blast/Chl_tepidum_TLS.csv
    log: logging/logs/blast/intermediate/reciprocal_blast/Chl_tepidum_TLS.log
    jobid: 57
    benchmark: logging/benchmarks/Chl_tepidum_TLS.reciprocal_blast.benchmark.txt
    reason: Missing output files: blast/intermediate/reciprocal_blast/Chl_tepidum_TLS.csv
    wildcards: subject=Chl_tepidum_TLS

BackBLAST_core.py --gene_cluster /Analysis/jmtsuji/Hippodrome_legacy/180123_ELA111314_atlas_r1.0.22_plus_full/post-analysis/16_190513_re_analysis_with_Chl_N1/chlorobia-cyc2-genomics/Data_analysis_pipeline/06_comparative_genomics/05c_pathway_analysis_vs2/02_queries/Chl_clathratiforme_BU_1_gene_targets.faa --query_proteome /Analysis/jmtsuji/Hippodrome_legacy/180123_ELA111314_atlas_r1.0.22_plus_full/post-analysis/16_190513_re_analysis_with_Chl_N1/chlorobia-cyc2-genomics/Data_analysis_pipeline/06_comparative_genomics/05c_pathway_analysis_vs2/01_genomes/Chl_clathratiforme_BU_1.faa --subject_proteome /Analysis/jmtsuji/Hippodrome_legacy/180123_ELA111314_atlas_r1.0.22_plus_full/post-analysis/16_190513_re_analysis_with_Chl_N1/chlorobia-cyc2-genomics/Data_analysis_pipeline/06_comparative_genomics/05c_pathway_analysis_vs2/01_genomes/Chl_tepidum_TLS.faa --e_value 1e-40 --min_ident 20 --output_file blast/intermediate/reciprocal_blast/Chl_tepidum_TLS.csv > logging/logs/blast/intermediate/reciprocal_blast/Chl_tepidum_TLS.log 2>&1

[Mon Dec 16 02:01:07 2019]
rule run_reciprocal_blast:
    input: /Analysis/jmtsuji/Hippodrome_legacy/180123_ELA111314_atlas_r1.0.22_plus_full/post-analysis/16_190513_re_analysis_with_Chl_N1/chlorobia-cyc2-genomics/Data_analysis_pipeline/06_comparative_genomics/05c_pathway_analysis_vs2/01_genomes/Chl_ferrooxidans_KoFox.faa
    output: blast/intermediate/reciprocal_blast/Chl_ferrooxidans_KoFox.csv
    log: logging/logs/blast/intermediate/reciprocal_blast/Chl_ferrooxidans_KoFox.log
    jobid: 49
    benchmark: logging/benchmarks/Chl_ferrooxidans_KoFox.reciprocal_blast.benchmark.txt
    reason: Missing output files: blast/intermediate/reciprocal_blast/Chl_ferrooxidans_KoFox.csv
    wildcards: subject=Chl_ferrooxidans_KoFox

BackBLAST_core.py --gene_cluster /Analysis/jmtsuji/Hippodrome_legacy/180123_ELA111314_atlas_r1.0.22_plus_full/post-analysis/16_190513_re_analysis_with_Chl_N1/chlorobia-cyc2-genomics/Data_analysis_pipeline/06_comparative_genomics/05c_pathway_analysis_vs2/02_queries/Chl_clathratiforme_BU_1_gene_targets.faa --query_proteome /Analysis/jmtsuji/Hippodrome_legacy/180123_ELA111314_atlas_r1.0.22_plus_full/post-analysis/16_190513_re_analysis_with_Chl_N1/chlorobia-cyc2-genomics/Data_analysis_pipeline/06_comparative_genomics/05c_pathway_analysis_vs2/01_genomes/Chl_clathratiforme_BU_1.faa --subject_proteome /Analysis/jmtsuji/Hippodrome_legacy/180123_ELA111314_atlas_r1.0.22_plus_full/post-analysis/16_190513_re_analysis_with_Chl_N1/chlorobia-cyc2-genomics/Data_analysis_pipeline/06_comparative_genomics/05c_pathway_analysis_vs2/01_genomes/Chl_ferrooxidans_KoFox.faa --e_value 1e-40 --min_ident 20 --output_file blast/intermediate/reciprocal_blast/Chl_ferrooxidans_KoFox.csv > logging/logs/blast/intermediate/reciprocal_blast/Chl_ferrooxidans_KoFox.log 2>&1

[Mon Dec 16 02:01:07 2019]
rule run_reciprocal_blast:
    input: /Analysis/jmtsuji/Hippodrome_legacy/180123_ELA111314_atlas_r1.0.22_plus_full/post-analysis/16_190513_re_analysis_with_Chl_N1/chlorobia-cyc2-genomics/Data_analysis_pipeline/06_comparative_genomics/05c_pathway_analysis_vs2/01_genomes/Cba_parvum_NCIB_8327.faa
    output: blast/intermediate/reciprocal_blast/Cba_parvum_NCIB_8327.csv
    log: logging/logs/blast/intermediate/reciprocal_blast/Cba_parvum_NCIB_8327.log
    jobid: 45
    benchmark: logging/benchmarks/Cba_parvum_NCIB_8327.reciprocal_blast.benchmark.txt
    reason: Missing output files: blast/intermediate/reciprocal_blast/Cba_parvum_NCIB_8327.csv
    wildcards: subject=Cba_parvum_NCIB_8327

BackBLAST_core.py --gene_cluster /Analysis/jmtsuji/Hippodrome_legacy/180123_ELA111314_atlas_r1.0.22_plus_full/post-analysis/16_190513_re_analysis_with_Chl_N1/chlorobia-cyc2-genomics/Data_analysis_pipeline/06_comparative_genomics/05c_pathway_analysis_vs2/02_queries/Chl_clathratiforme_BU_1_gene_targets.faa --query_proteome /Analysis/jmtsuji/Hippodrome_legacy/180123_ELA111314_atlas_r1.0.22_plus_full/post-analysis/16_190513_re_analysis_with_Chl_N1/chlorobia-cyc2-genomics/Data_analysis_pipeline/06_comparative_genomics/05c_pathway_analysis_vs2/01_genomes/Chl_clathratiforme_BU_1.faa --subject_proteome /Analysis/jmtsuji/Hippodrome_legacy/180123_ELA111314_atlas_r1.0.22_plus_full/post-analysis/16_190513_re_analysis_with_Chl_N1/chlorobia-cyc2-genomics/Data_analysis_pipeline/06_comparative_genomics/05c_pathway_analysis_vs2/01_genomes/Cba_parvum_NCIB_8327.faa --e_value 1e-40 --min_ident 20 --output_file blast/intermediate/reciprocal_blast/Cba_parvum_NCIB_8327.csv > logging/logs/blast/intermediate/reciprocal_blast/Cba_parvum_NCIB_8327.log 2>&1

[Mon Dec 16 02:01:07 2019]
rule run_reciprocal_blast:
    input: /Analysis/jmtsuji/Hippodrome_legacy/180123_ELA111314_atlas_r1.0.22_plus_full/post-analysis/16_190513_re_analysis_with_Chl_N1/chlorobia-cyc2-genomics/Data_analysis_pipeline/06_comparative_genomics/05c_pathway_analysis_vs2/01_genomes/L227_2013_bin55.faa
    output: blast/intermediate/reciprocal_blast/L227_2013_bin55.csv
    log: logging/logs/blast/intermediate/reciprocal_blast/L227_2013_bin55.log
    jobid: 60
    benchmark: logging/benchmarks/L227_2013_bin55.reciprocal_blast.benchmark.txt
    reason: Missing output files: blast/intermediate/reciprocal_blast/L227_2013_bin55.csv
    wildcards: subject=L227_2013_bin55

BackBLAST_core.py --gene_cluster /Analysis/jmtsuji/Hippodrome_legacy/180123_ELA111314_atlas_r1.0.22_plus_full/post-analysis/16_190513_re_analysis_with_Chl_N1/chlorobia-cyc2-genomics/Data_analysis_pipeline/06_comparative_genomics/05c_pathway_analysis_vs2/02_queries/Chl_clathratiforme_BU_1_gene_targets.faa --query_proteome /Analysis/jmtsuji/Hippodrome_legacy/180123_ELA111314_atlas_r1.0.22_plus_full/post-analysis/16_190513_re_analysis_with_Chl_N1/chlorobia-cyc2-genomics/Data_analysis_pipeline/06_comparative_genomics/05c_pathway_analysis_vs2/01_genomes/Chl_clathratiforme_BU_1.faa --subject_proteome /Analysis/jmtsuji/Hippodrome_legacy/180123_ELA111314_atlas_r1.0.22_plus_full/post-analysis/16_190513_re_analysis_with_Chl_N1/chlorobia-cyc2-genomics/Data_analysis_pipeline/06_comparative_genomics/05c_pathway_analysis_vs2/01_genomes/L227_2013_bin55.faa --e_value 1e-40 --min_ident 20 --output_file blast/intermediate/reciprocal_blast/L227_2013_bin55.csv > logging/logs/blast/intermediate/reciprocal_blast/L227_2013_bin55.log 2>&1

[Mon Dec 16 02:01:07 2019]
rule run_reciprocal_blast:
    input: /Analysis/jmtsuji/Hippodrome_legacy/180123_ELA111314_atlas_r1.0.22_plus_full/post-analysis/16_190513_re_analysis_with_Chl_N1/chlorobia-cyc2-genomics/Data_analysis_pipeline/06_comparative_genomics/05c_pathway_analysis_vs2/01_genomes/Chl_phaeovibrioides_DSM_265.faa
    output: blast/intermediate/reciprocal_blast/Chl_phaeovibrioides_DSM_265.csv
    log: logging/logs/blast/intermediate/reciprocal_blast/Chl_phaeovibrioides_DSM_265.log
    jobid: 55
    benchmark: logging/benchmarks/Chl_phaeovibrioides_DSM_265.reciprocal_blast.benchmark.txt
    reason: Missing output files: blast/intermediate/reciprocal_blast/Chl_phaeovibrioides_DSM_265.csv
    wildcards: subject=Chl_phaeovibrioides_DSM_265

BackBLAST_core.py --gene_cluster /Analysis/jmtsuji/Hippodrome_legacy/180123_ELA111314_atlas_r1.0.22_plus_full/post-analysis/16_190513_re_analysis_with_Chl_N1/chlorobia-cyc2-genomics/Data_analysis_pipeline/06_comparative_genomics/05c_pathway_analysis_vs2/02_queries/Chl_clathratiforme_BU_1_gene_targets.faa --query_proteome /Analysis/jmtsuji/Hippodrome_legacy/180123_ELA111314_atlas_r1.0.22_plus_full/post-analysis/16_190513_re_analysis_with_Chl_N1/chlorobia-cyc2-genomics/Data_analysis_pipeline/06_comparative_genomics/05c_pathway_analysis_vs2/01_genomes/Chl_clathratiforme_BU_1.faa --subject_proteome /Analysis/jmtsuji/Hippodrome_legacy/180123_ELA111314_atlas_r1.0.22_plus_full/post-analysis/16_190513_re_analysis_with_Chl_N1/chlorobia-cyc2-genomics/Data_analysis_pipeline/06_comparative_genomics/05c_pathway_analysis_vs2/01_genomes/Chl_phaeovibrioides_DSM_265.faa --e_value 1e-40 --min_ident 20 --output_file blast/intermediate/reciprocal_blast/Chl_phaeovibrioides_DSM_265.csv > logging/logs/blast/intermediate/reciprocal_blast/Chl_phaeovibrioides_DSM_265.log 2>&1

[Mon Dec 16 02:01:08 2019]
rule run_reciprocal_blast:
    input: /Analysis/jmtsuji/Hippodrome_legacy/180123_ELA111314_atlas_r1.0.22_plus_full/post-analysis/16_190513_re_analysis_with_Chl_N1/chlorobia-cyc2-genomics/Data_analysis_pipeline/06_comparative_genomics/05c_pathway_analysis_vs2/01_genomes/L304_enr_S_6D_bin01.faa
    output: blast/intermediate/reciprocal_blast/L304_enr_S_6D_bin01.csv
    log: logging/logs/blast/intermediate/reciprocal_blast/L304_enr_S_6D_bin01.log
    jobid: 63
    benchmark: logging/benchmarks/L304_enr_S_6D_bin01.reciprocal_blast.benchmark.txt
    reason: Missing output files: blast/intermediate/reciprocal_blast/L304_enr_S_6D_bin01.csv
    wildcards: subject=L304_enr_S_6D_bin01

BackBLAST_core.py --gene_cluster /Analysis/jmtsuji/Hippodrome_legacy/180123_ELA111314_atlas_r1.0.22_plus_full/post-analysis/16_190513_re_analysis_with_Chl_N1/chlorobia-cyc2-genomics/Data_analysis_pipeline/06_comparative_genomics/05c_pathway_analysis_vs2/02_queries/Chl_clathratiforme_BU_1_gene_targets.faa --query_proteome /Analysis/jmtsuji/Hippodrome_legacy/180123_ELA111314_atlas_r1.0.22_plus_full/post-analysis/16_190513_re_analysis_with_Chl_N1/chlorobia-cyc2-genomics/Data_analysis_pipeline/06_comparative_genomics/05c_pathway_analysis_vs2/01_genomes/Chl_clathratiforme_BU_1.faa --subject_proteome /Analysis/jmtsuji/Hippodrome_legacy/180123_ELA111314_atlas_r1.0.22_plus_full/post-analysis/16_190513_re_analysis_with_Chl_N1/chlorobia-cyc2-genomics/Data_analysis_pipeline/06_comparative_genomics/05c_pathway_analysis_vs2/01_genomes/L304_enr_S_6D_bin01.faa --e_value 1e-40 --min_ident 20 --output_file blast/intermediate/reciprocal_blast/L304_enr_S_6D_bin01.csv > logging/logs/blast/intermediate/reciprocal_blast/L304_enr_S_6D_bin01.log 2>&1
[Mon Dec 16 02:01:08 2019]
Finished job 54.
1 of 66 steps (2%) done

[Mon Dec 16 02:01:08 2019]
rule remove_duplicates:
    input: blast/intermediate/reciprocal_blast/Chl_phaeoferrooxidans_KB01.csv
    output: blast/intermediate/remove_duplicates/Chl_phaeoferrooxidans_KB01.csv
    log: logging/logs/blast/intermediate/remove_duplicates/Chl_phaeoferrooxidans_KB01.log
    jobid: 33
    benchmark: logging/benchmarks/Chl_phaeoferrooxidans_KB01.remove_duplicates.benchmark.txt
    reason: Missing output files: blast/intermediate/remove_duplicates/Chl_phaeoferrooxidans_KB01.csv; Input files updated by another job: blast/intermediate/reciprocal_blast/Chl_phaeoferrooxidans_KB01.csv
    wildcards: subject=Chl_phaeoferrooxidans_KB01

BackBLAST_remove_duplicates.sh blast/intermediate/reciprocal_blast/Chl_phaeoferrooxidans_KB01.csv > blast/intermediate/remove_duplicates/Chl_phaeoferrooxidans_KB01.csv 2> logging/logs/blast/intermediate/remove_duplicates/Chl_phaeoferrooxidans_KB01.log
[Mon Dec 16 02:01:08 2019]
Finished job 47.
2 of 66 steps (3%) done
[Mon Dec 16 02:01:08 2019]
Finished job 61.
3 of 66 steps (5%) done
[Mon Dec 16 02:01:08 2019]
Finished job 62.
4 of 66 steps (6%) done
[Mon Dec 16 02:01:08 2019]
Finished job 64.
5 of 66 steps (8%) done

[Mon Dec 16 02:01:08 2019]
rule remove_duplicates:
    input: blast/intermediate/reciprocal_blast/L227_2013_bin56.csv
    output: blast/intermediate/remove_duplicates/L227_2013_bin56.csv
    log: logging/logs/blast/intermediate/remove_duplicates/L227_2013_bin56.log
    jobid: 40
    benchmark: logging/benchmarks/L227_2013_bin56.remove_duplicates.benchmark.txt
    reason: Missing output files: blast/intermediate/remove_duplicates/L227_2013_bin56.csv; Input files updated by another job: blast/intermediate/reciprocal_blast/L227_2013_bin56.csv
    wildcards: subject=L227_2013_bin56

BackBLAST_remove_duplicates.sh blast/intermediate/reciprocal_blast/L227_2013_bin56.csv > blast/intermediate/remove_duplicates/L227_2013_bin56.csv 2> logging/logs/blast/intermediate/remove_duplicates/L227_2013_bin56.log

[Mon Dec 16 02:01:08 2019]
rule remove_duplicates:
    input: blast/intermediate/reciprocal_blast/Chl_chlorochromatii_CaD3.csv
    output: blast/intermediate/remove_duplicates/Chl_chlorochromatii_CaD3.csv
    log: logging/logs/blast/intermediate/remove_duplicates/Chl_chlorochromatii_CaD3.log
    jobid: 26
    benchmark: logging/benchmarks/Chl_chlorochromatii_CaD3.remove_duplicates.benchmark.txt
    reason: Missing output files: blast/intermediate/remove_duplicates/Chl_chlorochromatii_CaD3.csv; Input files updated by another job: blast/intermediate/reciprocal_blast/Chl_chlorochromatii_CaD3.csv
    wildcards: subject=Chl_chlorochromatii_CaD3

BackBLAST_remove_duplicates.sh blast/intermediate/reciprocal_blast/Chl_chlorochromatii_CaD3.csv > blast/intermediate/remove_duplicates/Chl_chlorochromatii_CaD3.csv 2> logging/logs/blast/intermediate/remove_duplicates/Chl_chlorochromatii_CaD3.log
[Mon Dec 16 02:01:08 2019]
Finished job 65.
6 of 66 steps (9%) done

[Mon Dec 16 02:01:08 2019]
rule remove_duplicates:
    input: blast/intermediate/reciprocal_blast/L227_enr_S_6D_bin01.csv
    output: blast/intermediate/remove_duplicates/L227_enr_S_6D_bin01.csv
    log: logging/logs/blast/intermediate/remove_duplicates/L227_enr_S_6D_bin01.log
    jobid: 41
    benchmark: logging/benchmarks/L227_enr_S_6D_bin01.remove_duplicates.benchmark.txt
    reason: Missing output files: blast/intermediate/remove_duplicates/L227_enr_S_6D_bin01.csv; Input files updated by another job: blast/intermediate/reciprocal_blast/L227_enr_S_6D_bin01.csv
    wildcards: subject=L227_enr_S_6D_bin01

BackBLAST_remove_duplicates.sh blast/intermediate/reciprocal_blast/L227_enr_S_6D_bin01.csv > blast/intermediate/remove_duplicates/L227_enr_S_6D_bin01.csv 2> logging/logs/blast/intermediate/remove_duplicates/L227_enr_S_6D_bin01.log

[Mon Dec 16 02:01:08 2019]
rule remove_duplicates:
    input: blast/intermediate/reciprocal_blast/L442_2011_2014_bin64.csv
    output: blast/intermediate/remove_duplicates/L442_2011_2014_bin64.csv
    log: logging/logs/blast/intermediate/remove_duplicates/L442_2011_2014_bin64.log
    jobid: 43
    benchmark: logging/benchmarks/L442_2011_2014_bin64.remove_duplicates.benchmark.txt
    reason: Missing output files: blast/intermediate/remove_duplicates/L442_2011_2014_bin64.csv; Input files updated by another job: blast/intermediate/reciprocal_blast/L442_2011_2014_bin64.csv
    wildcards: subject=L442_2011_2014_bin64

BackBLAST_remove_duplicates.sh blast/intermediate/reciprocal_blast/L442_2011_2014_bin64.csv > blast/intermediate/remove_duplicates/L442_2011_2014_bin64.csv 2> logging/logs/blast/intermediate/remove_duplicates/L442_2011_2014_bin64.log

[Mon Dec 16 02:01:08 2019]
rule remove_duplicates:
    input: blast/intermediate/reciprocal_blast/Ptc_aestuarii_DSM_271.csv
    output: blast/intermediate/remove_duplicates/Ptc_aestuarii_DSM_271.csv
    log: logging/logs/blast/intermediate/remove_duplicates/Ptc_aestuarii_DSM_271.log
    jobid: 44
    benchmark: logging/benchmarks/Ptc_aestuarii_DSM_271.remove_duplicates.benchmark.txt
    reason: Missing output files: blast/intermediate/remove_duplicates/Ptc_aestuarii_DSM_271.csv; Input files updated by another job: blast/intermediate/reciprocal_blast/Ptc_aestuarii_DSM_271.csv
    wildcards: subject=Ptc_aestuarii_DSM_271

BackBLAST_remove_duplicates.sh blast/intermediate/reciprocal_blast/Ptc_aestuarii_DSM_271.csv > blast/intermediate/remove_duplicates/Ptc_aestuarii_DSM_271.csv 2> logging/logs/blast/intermediate/remove_duplicates/Ptc_aestuarii_DSM_271.log
[Mon Dec 16 02:01:08 2019]
Finished job 50.
7 of 66 steps (11%) done

[Mon Dec 16 02:01:08 2019]
rule remove_duplicates:
    input: blast/intermediate/reciprocal_blast/Chl_limicola_DSM_245.csv
    output: blast/intermediate/remove_duplicates/Chl_limicola_DSM_245.csv
    log: logging/logs/blast/intermediate/remove_duplicates/Chl_limicola_DSM_245.log
    jobid: 29
    benchmark: logging/benchmarks/Chl_limicola_DSM_245.remove_duplicates.benchmark.txt
    reason: Missing output files: blast/intermediate/remove_duplicates/Chl_limicola_DSM_245.csv; Input files updated by another job: blast/intermediate/reciprocal_blast/Chl_limicola_DSM_245.csv
    wildcards: subject=Chl_limicola_DSM_245

BackBLAST_remove_duplicates.sh blast/intermediate/reciprocal_blast/Chl_limicola_DSM_245.csv > blast/intermediate/remove_duplicates/Chl_limicola_DSM_245.csv 2> logging/logs/blast/intermediate/remove_duplicates/Chl_limicola_DSM_245.log
[Mon Dec 16 02:01:08 2019]
Finished job 46.
8 of 66 steps (12%) done

[Mon Dec 16 02:01:08 2019]
rule remove_duplicates:
    input: blast/intermediate/reciprocal_blast/Che_thalassium_ATCC_35110.csv
    output: blast/intermediate/remove_duplicates/Che_thalassium_ATCC_35110.csv
    log: logging/logs/blast/intermediate/remove_duplicates/Che_thalassium_ATCC_35110.log
    jobid: 25
    benchmark: logging/benchmarks/Che_thalassium_ATCC_35110.remove_duplicates.benchmark.txt
    reason: Missing output files: blast/intermediate/remove_duplicates/Che_thalassium_ATCC_35110.csv; Input files updated by another job: blast/intermediate/reciprocal_blast/Che_thalassium_ATCC_35110.csv
    wildcards: subject=Che_thalassium_ATCC_35110

BackBLAST_remove_duplicates.sh blast/intermediate/reciprocal_blast/Che_thalassium_ATCC_35110.csv > blast/intermediate/remove_duplicates/Che_thalassium_ATCC_35110.csv 2> logging/logs/blast/intermediate/remove_duplicates/Che_thalassium_ATCC_35110.log
[Mon Dec 16 02:01:08 2019]
Finished job 58.
9 of 66 steps (14%) done

[Mon Dec 16 02:01:08 2019]
rule remove_duplicates:
    input: blast/intermediate/reciprocal_blast/Ignavibacterium_album_JCM_16511_outgroup.csv
    output: blast/intermediate/remove_duplicates/Ignavibacterium_album_JCM_16511_outgroup.csv
    log: logging/logs/blast/intermediate/remove_duplicates/Ignavibacterium_album_JCM_16511_outgroup.log
    jobid: 37
    benchmark: logging/benchmarks/Ignavibacterium_album_JCM_16511_outgroup.remove_duplicates.benchmark.txt
    reason: Missing output files: blast/intermediate/remove_duplicates/Ignavibacterium_album_JCM_16511_outgroup.csv; Input files updated by another job: blast/intermediate/reciprocal_blast/Ignavibacterium_album_JCM_16511_outgroup.csv
    wildcards: subject=Ignavibacterium_album_JCM_16511_outgroup

BackBLAST_remove_duplicates.sh blast/intermediate/reciprocal_blast/Ignavibacterium_album_JCM_16511_outgroup.csv > blast/intermediate/remove_duplicates/Ignavibacterium_album_JCM_16511_outgroup.csv 2> logging/logs/blast/intermediate/remove_duplicates/Ignavibacterium_album_JCM_16511_outgroup.log
[Mon Dec 16 02:01:08 2019]
Finished job 53.
10 of 66 steps (15%) done

[Mon Dec 16 02:01:09 2019]
rule remove_duplicates:
    input: blast/intermediate/reciprocal_blast/Chl_phaeobacteroides_DSM_266.csv
    output: blast/intermediate/remove_duplicates/Chl_phaeobacteroides_DSM_266.csv
    log: logging/logs/blast/intermediate/remove_duplicates/Chl_phaeobacteroides_DSM_266.log
    jobid: 32
    benchmark: logging/benchmarks/Chl_phaeobacteroides_DSM_266.remove_duplicates.benchmark.txt
    reason: Missing output files: blast/intermediate/remove_duplicates/Chl_phaeobacteroides_DSM_266.csv; Input files updated by another job: blast/intermediate/reciprocal_blast/Chl_phaeobacteroides_DSM_266.csv
    wildcards: subject=Chl_phaeobacteroides_DSM_266

BackBLAST_remove_duplicates.sh blast/intermediate/reciprocal_blast/Chl_phaeobacteroides_DSM_266.csv > blast/intermediate/remove_duplicates/Chl_phaeobacteroides_DSM_266.csv 2> logging/logs/blast/intermediate/remove_duplicates/Chl_phaeobacteroides_DSM_266.log
[Mon Dec 16 02:01:10 2019]
Finished job 52.
11 of 66 steps (17%) done

[Mon Dec 16 02:01:10 2019]
rule remove_duplicates:
    input: blast/intermediate/reciprocal_blast/Chl_phaeobacteroides_BS1.csv
    output: blast/intermediate/remove_duplicates/Chl_phaeobacteroides_BS1.csv
    log: logging/logs/blast/intermediate/remove_duplicates/Chl_phaeobacteroides_BS1.log
    jobid: 31
    benchmark: logging/benchmarks/Chl_phaeobacteroides_BS1.remove_duplicates.benchmark.txt
    reason: Missing output files: blast/intermediate/remove_duplicates/Chl_phaeobacteroides_BS1.csv; Input files updated by another job: blast/intermediate/reciprocal_blast/Chl_phaeobacteroides_BS1.csv
    wildcards: subject=Chl_phaeobacteroides_BS1

BackBLAST_remove_duplicates.sh blast/intermediate/reciprocal_blast/Chl_phaeobacteroides_BS1.csv > blast/intermediate/remove_duplicates/Chl_phaeobacteroides_BS1.csv 2> logging/logs/blast/intermediate/remove_duplicates/Chl_phaeobacteroides_BS1.log
[Mon Dec 16 02:01:11 2019]
Finished job 49.
12 of 66 steps (18%) done

[Mon Dec 16 02:01:11 2019]
rule remove_duplicates:
    input: blast/intermediate/reciprocal_blast/Chl_ferrooxidans_KoFox.csv
    output: blast/intermediate/remove_duplicates/Chl_ferrooxidans_KoFox.csv
    log: logging/logs/blast/intermediate/remove_duplicates/Chl_ferrooxidans_KoFox.log
    jobid: 28
    benchmark: logging/benchmarks/Chl_ferrooxidans_KoFox.remove_duplicates.benchmark.txt
    reason: Missing output files: blast/intermediate/remove_duplicates/Chl_ferrooxidans_KoFox.csv; Input files updated by another job: blast/intermediate/reciprocal_blast/Chl_ferrooxidans_KoFox.csv
    wildcards: subject=Chl_ferrooxidans_KoFox

BackBLAST_remove_duplicates.sh blast/intermediate/reciprocal_blast/Chl_ferrooxidans_KoFox.csv > blast/intermediate/remove_duplicates/Chl_ferrooxidans_KoFox.csv 2> logging/logs/blast/intermediate/remove_duplicates/Chl_ferrooxidans_KoFox.log
[Mon Dec 16 02:01:11 2019]
Finished job 51.
13 of 66 steps (20%) done
[Mon Dec 16 02:01:11 2019]
Finished job 48.
14 of 66 steps (21%) done
[Mon Dec 16 02:01:11 2019]
Finished job 45.
15 of 66 steps (23%) done

[Mon Dec 16 02:01:11 2019]
rule remove_duplicates:
    input: blast/intermediate/reciprocal_blast/Chl_clathratiforme_BU_1.csv
    output: blast/intermediate/remove_duplicates/Chl_clathratiforme_BU_1.csv
    log: logging/logs/blast/intermediate/remove_duplicates/Chl_clathratiforme_BU_1.log
    jobid: 27
    benchmark: logging/benchmarks/Chl_clathratiforme_BU_1.remove_duplicates.benchmark.txt
    reason: Missing output files: blast/intermediate/remove_duplicates/Chl_clathratiforme_BU_1.csv; Input files updated by another job: blast/intermediate/reciprocal_blast/Chl_clathratiforme_BU_1.csv
    wildcards: subject=Chl_clathratiforme_BU_1

BackBLAST_remove_duplicates.sh blast/intermediate/reciprocal_blast/Chl_clathratiforme_BU_1.csv > blast/intermediate/remove_duplicates/Chl_clathratiforme_BU_1.csv 2> logging/logs/blast/intermediate/remove_duplicates/Chl_clathratiforme_BU_1.log

[Mon Dec 16 02:01:11 2019]
rule remove_duplicates:
    input: blast/intermediate/reciprocal_blast/Chl_luteolum_DSM_273.csv
    output: blast/intermediate/remove_duplicates/Chl_luteolum_DSM_273.csv
    log: logging/logs/blast/intermediate/remove_duplicates/Chl_luteolum_DSM_273.log
    jobid: 30
    benchmark: logging/benchmarks/Chl_luteolum_DSM_273.remove_duplicates.benchmark.txt
    reason: Missing output files: blast/intermediate/remove_duplicates/Chl_luteolum_DSM_273.csv; Input files updated by another job: blast/intermediate/reciprocal_blast/Chl_luteolum_DSM_273.csv
    wildcards: subject=Chl_luteolum_DSM_273

BackBLAST_remove_duplicates.sh blast/intermediate/reciprocal_blast/Chl_luteolum_DSM_273.csv > blast/intermediate/remove_duplicates/Chl_luteolum_DSM_273.csv 2> logging/logs/blast/intermediate/remove_duplicates/Chl_luteolum_DSM_273.log
[Mon Dec 16 02:01:11 2019]
Finished job 60.
16 of 66 steps (24%) done
[Mon Dec 16 02:01:11 2019]
Finished job 59.
17 of 66 steps (26%) done
[Mon Dec 16 02:01:11 2019]
Finished job 56.
18 of 66 steps (27%) done
[Mon Dec 16 02:01:11 2019]
Finished job 55.
19 of 66 steps (29%) done

[Mon Dec 16 02:01:11 2019]
rule remove_duplicates:
    input: blast/intermediate/reciprocal_blast/L227_2013_bin22.csv
    output: blast/intermediate/remove_duplicates/L227_2013_bin22.csv
    log: logging/logs/blast/intermediate/remove_duplicates/L227_2013_bin22.log
    jobid: 38
    benchmark: logging/benchmarks/L227_2013_bin22.remove_duplicates.benchmark.txt
    reason: Missing output files: blast/intermediate/remove_duplicates/L227_2013_bin22.csv; Input files updated by another job: blast/intermediate/reciprocal_blast/L227_2013_bin22.csv
    wildcards: subject=L227_2013_bin22

BackBLAST_remove_duplicates.sh blast/intermediate/reciprocal_blast/L227_2013_bin22.csv > blast/intermediate/remove_duplicates/L227_2013_bin22.csv 2> logging/logs/blast/intermediate/remove_duplicates/L227_2013_bin22.log

[Mon Dec 16 02:01:11 2019]
rule remove_duplicates:
    input: blast/intermediate/reciprocal_blast/Chl_sp_N1.csv
    output: blast/intermediate/remove_duplicates/Chl_sp_N1.csv
    log: logging/logs/blast/intermediate/remove_duplicates/Chl_sp_N1.log
    jobid: 35
    benchmark: logging/benchmarks/Chl_sp_N1.remove_duplicates.benchmark.txt
    reason: Missing output files: blast/intermediate/remove_duplicates/Chl_sp_N1.csv; Input files updated by another job: blast/intermediate/reciprocal_blast/Chl_sp_N1.csv
    wildcards: subject=Chl_sp_N1

BackBLAST_remove_duplicates.sh blast/intermediate/reciprocal_blast/Chl_sp_N1.csv > blast/intermediate/remove_duplicates/Chl_sp_N1.csv 2> logging/logs/blast/intermediate/remove_duplicates/Chl_sp_N1.log

[Mon Dec 16 02:01:11 2019]
rule remove_duplicates:
    input: blast/intermediate/reciprocal_blast/Cba_parvum_NCIB_8327.csv
    output: blast/intermediate/remove_duplicates/Cba_parvum_NCIB_8327.csv
    log: logging/logs/blast/intermediate/remove_duplicates/Cba_parvum_NCIB_8327.log
    jobid: 24
    benchmark: logging/benchmarks/Cba_parvum_NCIB_8327.remove_duplicates.benchmark.txt
    reason: Missing output files: blast/intermediate/remove_duplicates/Cba_parvum_NCIB_8327.csv; Input files updated by another job: blast/intermediate/reciprocal_blast/Cba_parvum_NCIB_8327.csv
    wildcards: subject=Cba_parvum_NCIB_8327

BackBLAST_remove_duplicates.sh blast/intermediate/reciprocal_blast/Cba_parvum_NCIB_8327.csv > blast/intermediate/remove_duplicates/Cba_parvum_NCIB_8327.csv 2> logging/logs/blast/intermediate/remove_duplicates/Cba_parvum_NCIB_8327.log

[Mon Dec 16 02:01:11 2019]
rule remove_duplicates:
    input: blast/intermediate/reciprocal_blast/L227_2013_bin55.csv
    output: blast/intermediate/remove_duplicates/L227_2013_bin55.csv
    log: logging/logs/blast/intermediate/remove_duplicates/L227_2013_bin55.log
    jobid: 39
    benchmark: logging/benchmarks/L227_2013_bin55.remove_duplicates.benchmark.txt
    reason: Missing output files: blast/intermediate/remove_duplicates/L227_2013_bin55.csv; Input files updated by another job: blast/intermediate/reciprocal_blast/L227_2013_bin55.csv
    wildcards: subject=L227_2013_bin55

BackBLAST_remove_duplicates.sh blast/intermediate/reciprocal_blast/L227_2013_bin55.csv > blast/intermediate/remove_duplicates/L227_2013_bin55.csv 2> logging/logs/blast/intermediate/remove_duplicates/L227_2013_bin55.log

[Mon Dec 16 02:01:11 2019]
rule remove_duplicates:
    input: blast/intermediate/reciprocal_blast/Chl_phaeovibrioides_DSM_265.csv
    output: blast/intermediate/remove_duplicates/Chl_phaeovibrioides_DSM_265.csv
    log: logging/logs/blast/intermediate/remove_duplicates/Chl_phaeovibrioides_DSM_265.log
    jobid: 34
    benchmark: logging/benchmarks/Chl_phaeovibrioides_DSM_265.remove_duplicates.benchmark.txt
    reason: Missing output files: blast/intermediate/remove_duplicates/Chl_phaeovibrioides_DSM_265.csv; Input files updated by another job: blast/intermediate/reciprocal_blast/Chl_phaeovibrioides_DSM_265.csv
    wildcards: subject=Chl_phaeovibrioides_DSM_265

BackBLAST_remove_duplicates.sh blast/intermediate/reciprocal_blast/Chl_phaeovibrioides_DSM_265.csv > blast/intermediate/remove_duplicates/Chl_phaeovibrioides_DSM_265.csv 2> logging/logs/blast/intermediate/remove_duplicates/Chl_phaeovibrioides_DSM_265.log
[Mon Dec 16 02:01:11 2019]
Finished job 57.
20 of 66 steps (30%) done

[Mon Dec 16 02:01:11 2019]
rule remove_duplicates:
    input: blast/intermediate/reciprocal_blast/Chl_tepidum_TLS.csv
    output: blast/intermediate/remove_duplicates/Chl_tepidum_TLS.csv
    log: logging/logs/blast/intermediate/remove_duplicates/Chl_tepidum_TLS.log
    jobid: 36
    benchmark: logging/benchmarks/Chl_tepidum_TLS.remove_duplicates.benchmark.txt
    reason: Missing output files: blast/intermediate/remove_duplicates/Chl_tepidum_TLS.csv; Input files updated by another job: blast/intermediate/reciprocal_blast/Chl_tepidum_TLS.csv
    wildcards: subject=Chl_tepidum_TLS

BackBLAST_remove_duplicates.sh blast/intermediate/reciprocal_blast/Chl_tepidum_TLS.csv > blast/intermediate/remove_duplicates/Chl_tepidum_TLS.csv 2> logging/logs/blast/intermediate/remove_duplicates/Chl_tepidum_TLS.log
Removing temporary output file blast/intermediate/reciprocal_blast/Chl_phaeoferrooxidans_KB01.csv.
[Mon Dec 16 02:01:12 2019]
Finished job 33.
21 of 66 steps (32%) done
Removing temporary output file blast/intermediate/reciprocal_blast/L227_enr_S_6D_bin01.csv.
[Mon Dec 16 02:01:12 2019]
Finished job 41.
22 of 66 steps (33%) done
Removing temporary output file blast/intermediate/reciprocal_blast/L227_2013_bin56.csv.
[Mon Dec 16 02:01:12 2019]
Finished job 40.
23 of 66 steps (35%) done
Removing temporary output file blast/intermediate/reciprocal_blast/Chl_chlorochromatii_CaD3.csv.

[Mon Dec 16 02:01:13 2019]
[Mon Dec 16 02:01:13 2019]
rule create_blank_results:
    input: blast/intermediate/remove_duplicates/Chl_phaeoferrooxidans_KB01.csv
    output: blast/intermediate/fix_blank_results/Chl_phaeoferrooxidans_KB01.csv
    log: logging/logs/blast/intermediate/create_blank_results/Chl_phaeoferrooxidans_KB01.log
    jobid: 12
    benchmark: logging/benchmarks/Chl_phaeoferrooxidans_KB01.create_blank_results.benchmark.txt
    reason: Missing output files: blast/intermediate/fix_blank_results/Chl_phaeoferrooxidans_KB01.csv; Input files updated by another job: blast/intermediate/remove_duplicates/Chl_phaeoferrooxidans_KB01.csv
    wildcards: subject=Chl_phaeoferrooxidans_KB01
Finished job 26.

24 of 66 steps (36%) done
BackBLAST_create_blank_results.py -i blast/intermediate/remove_duplicates/Chl_phaeoferrooxidans_KB01.csv -q /Analysis/jmtsuji/Hippodrome_legacy/180123_ELA111314_atlas_r1.0.22_plus_full/post-analysis/16_190513_re_analysis_with_Chl_N1/chlorobia-cyc2-genomics/Data_analysis_pipeline/06_comparative_genomics/05c_pathway_analysis_vs2/02_queries/Chl_clathratiforme_BU_1_gene_targets.faa -o blast/intermediate/fix_blank_results/Chl_phaeoferrooxidans_KB01.csv > logging/logs/blast/intermediate/create_blank_results/Chl_phaeoferrooxidans_KB01.log 2>&1
[Mon Dec 16 02:01:13 2019]
Finished job 63.
25 of 66 steps (38%) done

[Mon Dec 16 02:01:13 2019]
rule create_blank_results:
    input: blast/intermediate/remove_duplicates/Chl_chlorochromatii_CaD3.csv
    output: blast/intermediate/fix_blank_results/Chl_chlorochromatii_CaD3.csv
    log: logging/logs/blast/intermediate/create_blank_results/Chl_chlorochromatii_CaD3.log
    jobid: 5
    benchmark: logging/benchmarks/Chl_chlorochromatii_CaD3.create_blank_results.benchmark.txt
    reason: Missing output files: blast/intermediate/fix_blank_results/Chl_chlorochromatii_CaD3.csv; Input files updated by another job: blast/intermediate/remove_duplicates/Chl_chlorochromatii_CaD3.csv
    wildcards: subject=Chl_chlorochromatii_CaD3

BackBLAST_create_blank_results.py -i blast/intermediate/remove_duplicates/Chl_chlorochromatii_CaD3.csv -q /Analysis/jmtsuji/Hippodrome_legacy/180123_ELA111314_atlas_r1.0.22_plus_full/post-analysis/16_190513_re_analysis_with_Chl_N1/chlorobia-cyc2-genomics/Data_analysis_pipeline/06_comparative_genomics/05c_pathway_analysis_vs2/02_queries/Chl_clathratiforme_BU_1_gene_targets.faa -o blast/intermediate/fix_blank_results/Chl_chlorochromatii_CaD3.csv > logging/logs/blast/intermediate/create_blank_results/Chl_chlorochromatii_CaD3.log 2>&1

[Mon Dec 16 02:01:13 2019]
rule create_blank_results:
    input: blast/intermediate/remove_duplicates/L227_enr_S_6D_bin01.csv
    output: blast/intermediate/fix_blank_results/L227_enr_S_6D_bin01.csv
    log: logging/logs/blast/intermediate/create_blank_results/L227_enr_S_6D_bin01.log
    jobid: 20
    benchmark: logging/benchmarks/L227_enr_S_6D_bin01.create_blank_results.benchmark.txt
    reason: Missing output files: blast/intermediate/fix_blank_results/L227_enr_S_6D_bin01.csv; Input files updated by another job: blast/intermediate/remove_duplicates/L227_enr_S_6D_bin01.csv
    wildcards: subject=L227_enr_S_6D_bin01

BackBLAST_create_blank_results.py -i blast/intermediate/remove_duplicates/L227_enr_S_6D_bin01.csv -q /Analysis/jmtsuji/Hippodrome_legacy/180123_ELA111314_atlas_r1.0.22_plus_full/post-analysis/16_190513_re_analysis_with_Chl_N1/chlorobia-cyc2-genomics/Data_analysis_pipeline/06_comparative_genomics/05c_pathway_analysis_vs2/02_queries/Chl_clathratiforme_BU_1_gene_targets.faa -o blast/intermediate/fix_blank_results/L227_enr_S_6D_bin01.csv > logging/logs/blast/intermediate/create_blank_results/L227_enr_S_6D_bin01.log 2>&1

[Mon Dec 16 02:01:13 2019]
rule create_blank_results:
    input: blast/intermediate/remove_duplicates/L227_2013_bin56.csv
    output: blast/intermediate/fix_blank_results/L227_2013_bin56.csv
    log: logging/logs/blast/intermediate/create_blank_results/L227_2013_bin56.log
    jobid: 19
    benchmark: logging/benchmarks/L227_2013_bin56.create_blank_results.benchmark.txt
    reason: Missing output files: blast/intermediate/fix_blank_results/L227_2013_bin56.csv; Input files updated by another job: blast/intermediate/remove_duplicates/L227_2013_bin56.csv
    wildcards: subject=L227_2013_bin56

BackBLAST_create_blank_results.py -i blast/intermediate/remove_duplicates/L227_2013_bin56.csv -q /Analysis/jmtsuji/Hippodrome_legacy/180123_ELA111314_atlas_r1.0.22_plus_full/post-analysis/16_190513_re_analysis_with_Chl_N1/chlorobia-cyc2-genomics/Data_analysis_pipeline/06_comparative_genomics/05c_pathway_analysis_vs2/02_queries/Chl_clathratiforme_BU_1_gene_targets.faa -o blast/intermediate/fix_blank_results/L227_2013_bin56.csv > logging/logs/blast/intermediate/create_blank_results/L227_2013_bin56.log 2>&1

[Mon Dec 16 02:01:13 2019]
rule remove_duplicates:
    input: blast/intermediate/reciprocal_blast/L304_enr_S_6D_bin01.csv
    output: blast/intermediate/remove_duplicates/L304_enr_S_6D_bin01.csv
    log: logging/logs/blast/intermediate/remove_duplicates/L304_enr_S_6D_bin01.log
    jobid: 42
    benchmark: logging/benchmarks/L304_enr_S_6D_bin01.remove_duplicates.benchmark.txt
    reason: Missing output files: blast/intermediate/remove_duplicates/L304_enr_S_6D_bin01.csv; Input files updated by another job: blast/intermediate/reciprocal_blast/L304_enr_S_6D_bin01.csv
    wildcards: subject=L304_enr_S_6D_bin01

BackBLAST_remove_duplicates.sh blast/intermediate/reciprocal_blast/L304_enr_S_6D_bin01.csv > blast/intermediate/remove_duplicates/L304_enr_S_6D_bin01.csv 2> logging/logs/blast/intermediate/remove_duplicates/L304_enr_S_6D_bin01.log
Removing temporary output file blast/intermediate/reciprocal_blast/Chl_limicola_DSM_245.csv.
[Mon Dec 16 02:01:13 2019]
Finished job 29.
26 of 66 steps (39%) done
Removing temporary output file blast/intermediate/reciprocal_blast/L442_2011_2014_bin64.csv.
[Mon Dec 16 02:01:13 2019]
Finished job 43.
27 of 66 steps (41%) done

[Mon Dec 16 02:01:13 2019]
rule create_blank_results:
    input: blast/intermediate/remove_duplicates/Chl_limicola_DSM_245.csv
    output: blast/intermediate/fix_blank_results/Chl_limicola_DSM_245.csv
    log: logging/logs/blast/intermediate/create_blank_results/Chl_limicola_DSM_245.log
    jobid: 8
    benchmark: logging/benchmarks/Chl_limicola_DSM_245.create_blank_results.benchmark.txt
    reason: Missing output files: blast/intermediate/fix_blank_results/Chl_limicola_DSM_245.csv; Input files updated by another job: blast/intermediate/remove_duplicates/Chl_limicola_DSM_245.csv
    wildcards: subject=Chl_limicola_DSM_245

BackBLAST_create_blank_results.py -i blast/intermediate/remove_duplicates/Chl_limicola_DSM_245.csv -q /Analysis/jmtsuji/Hippodrome_legacy/180123_ELA111314_atlas_r1.0.22_plus_full/post-analysis/16_190513_re_analysis_with_Chl_N1/chlorobia-cyc2-genomics/Data_analysis_pipeline/06_comparative_genomics/05c_pathway_analysis_vs2/02_queries/Chl_clathratiforme_BU_1_gene_targets.faa -o blast/intermediate/fix_blank_results/Chl_limicola_DSM_245.csv > logging/logs/blast/intermediate/create_blank_results/Chl_limicola_DSM_245.log 2>&1

[Mon Dec 16 02:01:13 2019]
rule create_blank_results:
    input: blast/intermediate/remove_duplicates/L442_2011_2014_bin64.csv
    output: blast/intermediate/fix_blank_results/L442_2011_2014_bin64.csv
    log: logging/logs/blast/intermediate/create_blank_results/L442_2011_2014_bin64.log
    jobid: 22
    benchmark: logging/benchmarks/L442_2011_2014_bin64.create_blank_results.benchmark.txt
    reason: Missing output files: blast/intermediate/fix_blank_results/L442_2011_2014_bin64.csv; Input files updated by another job: blast/intermediate/remove_duplicates/L442_2011_2014_bin64.csv
    wildcards: subject=L442_2011_2014_bin64

Removing temporary output file blast/intermediate/reciprocal_blast/Ptc_aestuarii_DSM_271.csv.
BackBLAST_create_blank_results.py -i blast/intermediate/remove_duplicates/L442_2011_2014_bin64.csv -q /Analysis/jmtsuji/Hippodrome_legacy/180123_ELA111314_atlas_r1.0.22_plus_full/post-analysis/16_190513_re_analysis_with_Chl_N1/chlorobia-cyc2-genomics/Data_analysis_pipeline/06_comparative_genomics/05c_pathway_analysis_vs2/02_queries/Chl_clathratiforme_BU_1_gene_targets.faa -o blast/intermediate/fix_blank_results/L442_2011_2014_bin64.csv > logging/logs/blast/intermediate/create_blank_results/L442_2011_2014_bin64.log 2>&1
[Mon Dec 16 02:01:13 2019]
Finished job 44.
28 of 66 steps (42%) done

[Mon Dec 16 02:01:13 2019]
rule create_blank_results:
    input: blast/intermediate/remove_duplicates/Ptc_aestuarii_DSM_271.csv
    output: blast/intermediate/fix_blank_results/Ptc_aestuarii_DSM_271.csv
    log: logging/logs/blast/intermediate/create_blank_results/Ptc_aestuarii_DSM_271.log
    jobid: 23
    benchmark: logging/benchmarks/Ptc_aestuarii_DSM_271.create_blank_results.benchmark.txt
    reason: Missing output files: blast/intermediate/fix_blank_results/Ptc_aestuarii_DSM_271.csv; Input files updated by another job: blast/intermediate/remove_duplicates/Ptc_aestuarii_DSM_271.csv
    wildcards: subject=Ptc_aestuarii_DSM_271

BackBLAST_create_blank_results.py -i blast/intermediate/remove_duplicates/Ptc_aestuarii_DSM_271.csv -q /Analysis/jmtsuji/Hippodrome_legacy/180123_ELA111314_atlas_r1.0.22_plus_full/post-analysis/16_190513_re_analysis_with_Chl_N1/chlorobia-cyc2-genomics/Data_analysis_pipeline/06_comparative_genomics/05c_pathway_analysis_vs2/02_queries/Chl_clathratiforme_BU_1_gene_targets.faa -o blast/intermediate/fix_blank_results/Ptc_aestuarii_DSM_271.csv > logging/logs/blast/intermediate/create_blank_results/Ptc_aestuarii_DSM_271.log 2>&1
Removing temporary output file blast/intermediate/reciprocal_blast/Che_thalassium_ATCC_35110.csv.
[Mon Dec 16 02:01:13 2019]
Finished job 25.
29 of 66 steps (44%) done

[Mon Dec 16 02:01:13 2019]
rule create_blank_results:
    input: blast/intermediate/remove_duplicates/Che_thalassium_ATCC_35110.csv
    output: blast/intermediate/fix_blank_results/Che_thalassium_ATCC_35110.csv
    log: logging/logs/blast/intermediate/create_blank_results/Che_thalassium_ATCC_35110.log
    jobid: 4
    benchmark: logging/benchmarks/Che_thalassium_ATCC_35110.create_blank_results.benchmark.txt
    reason: Missing output files: blast/intermediate/fix_blank_results/Che_thalassium_ATCC_35110.csv; Input files updated by another job: blast/intermediate/remove_duplicates/Che_thalassium_ATCC_35110.csv
    wildcards: subject=Che_thalassium_ATCC_35110

BackBLAST_create_blank_results.py -i blast/intermediate/remove_duplicates/Che_thalassium_ATCC_35110.csv -q /Analysis/jmtsuji/Hippodrome_legacy/180123_ELA111314_atlas_r1.0.22_plus_full/post-analysis/16_190513_re_analysis_with_Chl_N1/chlorobia-cyc2-genomics/Data_analysis_pipeline/06_comparative_genomics/05c_pathway_analysis_vs2/02_queries/Chl_clathratiforme_BU_1_gene_targets.faa -o blast/intermediate/fix_blank_results/Che_thalassium_ATCC_35110.csv > logging/logs/blast/intermediate/create_blank_results/Che_thalassium_ATCC_35110.log 2>&1
Removing temporary output file blast/intermediate/reciprocal_blast/Ignavibacterium_album_JCM_16511_outgroup.csv.
[Mon Dec 16 02:01:13 2019]
Finished job 37.
30 of 66 steps (45%) done

[Mon Dec 16 02:01:13 2019]
rule create_blank_results:
    input: blast/intermediate/remove_duplicates/Ignavibacterium_album_JCM_16511_outgroup.csv
    output: blast/intermediate/fix_blank_results/Ignavibacterium_album_JCM_16511_outgroup.csv
    log: logging/logs/blast/intermediate/create_blank_results/Ignavibacterium_album_JCM_16511_outgroup.log
    jobid: 16
    benchmark: logging/benchmarks/Ignavibacterium_album_JCM_16511_outgroup.create_blank_results.benchmark.txt
    reason: Missing output files: blast/intermediate/fix_blank_results/Ignavibacterium_album_JCM_16511_outgroup.csv; Input files updated by another job: blast/intermediate/remove_duplicates/Ignavibacterium_album_JCM_16511_outgroup.csv
    wildcards: subject=Ignavibacterium_album_JCM_16511_outgroup

BackBLAST_create_blank_results.py -i blast/intermediate/remove_duplicates/Ignavibacterium_album_JCM_16511_outgroup.csv -q /Analysis/jmtsuji/Hippodrome_legacy/180123_ELA111314_atlas_r1.0.22_plus_full/post-analysis/16_190513_re_analysis_with_Chl_N1/chlorobia-cyc2-genomics/Data_analysis_pipeline/06_comparative_genomics/05c_pathway_analysis_vs2/02_queries/Chl_clathratiforme_BU_1_gene_targets.faa -o blast/intermediate/fix_blank_results/Ignavibacterium_album_JCM_16511_outgroup.csv > logging/logs/blast/intermediate/create_blank_results/Ignavibacterium_album_JCM_16511_outgroup.log 2>&1
Removing temporary output file blast/intermediate/reciprocal_blast/Chl_phaeobacteroides_DSM_266.csv.
[Mon Dec 16 02:01:14 2019]
Finished job 32.
31 of 66 steps (47%) done

[Mon Dec 16 02:01:14 2019]
rule create_blank_results:
    input: blast/intermediate/remove_duplicates/Chl_phaeobacteroides_DSM_266.csv
    output: blast/intermediate/fix_blank_results/Chl_phaeobacteroides_DSM_266.csv
    log: logging/logs/blast/intermediate/create_blank_results/Chl_phaeobacteroides_DSM_266.log
    jobid: 11
    benchmark: logging/benchmarks/Chl_phaeobacteroides_DSM_266.create_blank_results.benchmark.txt
    reason: Missing output files: blast/intermediate/fix_blank_results/Chl_phaeobacteroides_DSM_266.csv; Input files updated by another job: blast/intermediate/remove_duplicates/Chl_phaeobacteroides_DSM_266.csv
    wildcards: subject=Chl_phaeobacteroides_DSM_266

BackBLAST_create_blank_results.py -i blast/intermediate/remove_duplicates/Chl_phaeobacteroides_DSM_266.csv -q /Analysis/jmtsuji/Hippodrome_legacy/180123_ELA111314_atlas_r1.0.22_plus_full/post-analysis/16_190513_re_analysis_with_Chl_N1/chlorobia-cyc2-genomics/Data_analysis_pipeline/06_comparative_genomics/05c_pathway_analysis_vs2/02_queries/Chl_clathratiforme_BU_1_gene_targets.faa -o blast/intermediate/fix_blank_results/Chl_phaeobacteroides_DSM_266.csv > logging/logs/blast/intermediate/create_blank_results/Chl_phaeobacteroides_DSM_266.log 2>&1
Removing temporary output file blast/intermediate/reciprocal_blast/Chl_phaeobacteroides_BS1.csv.
[Mon Dec 16 02:01:15 2019]
Finished job 31.
32 of 66 steps (48%) done

[Mon Dec 16 02:01:15 2019]
rule create_blank_results:
    input: blast/intermediate/remove_duplicates/Chl_phaeobacteroides_BS1.csv
    output: blast/intermediate/fix_blank_results/Chl_phaeobacteroides_BS1.csv
    log: logging/logs/blast/intermediate/create_blank_results/Chl_phaeobacteroides_BS1.log
    jobid: 10
    benchmark: logging/benchmarks/Chl_phaeobacteroides_BS1.create_blank_results.benchmark.txt
    reason: Missing output files: blast/intermediate/fix_blank_results/Chl_phaeobacteroides_BS1.csv; Input files updated by another job: blast/intermediate/remove_duplicates/Chl_phaeobacteroides_BS1.csv
    wildcards: subject=Chl_phaeobacteroides_BS1

BackBLAST_create_blank_results.py -i blast/intermediate/remove_duplicates/Chl_phaeobacteroides_BS1.csv -q /Analysis/jmtsuji/Hippodrome_legacy/180123_ELA111314_atlas_r1.0.22_plus_full/post-analysis/16_190513_re_analysis_with_Chl_N1/chlorobia-cyc2-genomics/Data_analysis_pipeline/06_comparative_genomics/05c_pathway_analysis_vs2/02_queries/Chl_clathratiforme_BU_1_gene_targets.faa -o blast/intermediate/fix_blank_results/Chl_phaeobacteroides_BS1.csv > logging/logs/blast/intermediate/create_blank_results/Chl_phaeobacteroides_BS1.log 2>&1
Removing temporary output file blast/intermediate/reciprocal_blast/Chl_clathratiforme_BU_1.csv.
[Mon Dec 16 02:01:16 2019]
Finished job 27.
33 of 66 steps (50%) done

[Mon Dec 16 02:01:16 2019]
rule create_blank_results:
    input: blast/intermediate/remove_duplicates/Chl_clathratiforme_BU_1.csv
    output: blast/intermediate/fix_blank_results/Chl_clathratiforme_BU_1.csv
    log: logging/logs/blast/intermediate/create_blank_results/Chl_clathratiforme_BU_1.log
    jobid: 6
    benchmark: logging/benchmarks/Chl_clathratiforme_BU_1.create_blank_results.benchmark.txt
    reason: Missing output files: blast/intermediate/fix_blank_results/Chl_clathratiforme_BU_1.csv; Input files updated by another job: blast/intermediate/remove_duplicates/Chl_clathratiforme_BU_1.csv
    wildcards: subject=Chl_clathratiforme_BU_1

BackBLAST_create_blank_results.py -i blast/intermediate/remove_duplicates/Chl_clathratiforme_BU_1.csv -q /Analysis/jmtsuji/Hippodrome_legacy/180123_ELA111314_atlas_r1.0.22_plus_full/post-analysis/16_190513_re_analysis_with_Chl_N1/chlorobia-cyc2-genomics/Data_analysis_pipeline/06_comparative_genomics/05c_pathway_analysis_vs2/02_queries/Chl_clathratiforme_BU_1_gene_targets.faa -o blast/intermediate/fix_blank_results/Chl_clathratiforme_BU_1.csv > logging/logs/blast/intermediate/create_blank_results/Chl_clathratiforme_BU_1.log 2>&1
Removing temporary output file blast/intermediate/reciprocal_blast/Chl_luteolum_DSM_273.csv.
[Mon Dec 16 02:01:16 2019]
Finished job 30.
34 of 66 steps (52%) done

[Mon Dec 16 02:01:16 2019]
rule create_blank_results:
    input: blast/intermediate/remove_duplicates/Chl_luteolum_DSM_273.csv
    output: blast/intermediate/fix_blank_results/Chl_luteolum_DSM_273.csv
    log: logging/logs/blast/intermediate/create_blank_results/Chl_luteolum_DSM_273.log
    jobid: 9
    benchmark: logging/benchmarks/Chl_luteolum_DSM_273.create_blank_results.benchmark.txt
    reason: Missing output files: blast/intermediate/fix_blank_results/Chl_luteolum_DSM_273.csv; Input files updated by another job: blast/intermediate/remove_duplicates/Chl_luteolum_DSM_273.csv
    wildcards: subject=Chl_luteolum_DSM_273

BackBLAST_create_blank_results.py -i blast/intermediate/remove_duplicates/Chl_luteolum_DSM_273.csv -q /Analysis/jmtsuji/Hippodrome_legacy/180123_ELA111314_atlas_r1.0.22_plus_full/post-analysis/16_190513_re_analysis_with_Chl_N1/chlorobia-cyc2-genomics/Data_analysis_pipeline/06_comparative_genomics/05c_pathway_analysis_vs2/02_queries/Chl_clathratiforme_BU_1_gene_targets.faa -o blast/intermediate/fix_blank_results/Chl_luteolum_DSM_273.csv > logging/logs/blast/intermediate/create_blank_results/Chl_luteolum_DSM_273.log 2>&1
Removing temporary output file blast/intermediate/reciprocal_blast/Cba_parvum_NCIB_8327.csv.
[Mon Dec 16 02:01:16 2019]
Finished job 24.
35 of 66 steps (53%) done

[Mon Dec 16 02:01:16 2019]
rule create_blank_results:
    input: blast/intermediate/remove_duplicates/Cba_parvum_NCIB_8327.csv
    output: blast/intermediate/fix_blank_results/Cba_parvum_NCIB_8327.csv
    log: logging/logs/blast/intermediate/create_blank_results/Cba_parvum_NCIB_8327.log
    jobid: 3
    benchmark: logging/benchmarks/Cba_parvum_NCIB_8327.create_blank_results.benchmark.txt
    reason: Missing output files: blast/intermediate/fix_blank_results/Cba_parvum_NCIB_8327.csv; Input files updated by another job: blast/intermediate/remove_duplicates/Cba_parvum_NCIB_8327.csv
    wildcards: subject=Cba_parvum_NCIB_8327

BackBLAST_create_blank_results.py -i blast/intermediate/remove_duplicates/Cba_parvum_NCIB_8327.csv -q /Analysis/jmtsuji/Hippodrome_legacy/180123_ELA111314_atlas_r1.0.22_plus_full/post-analysis/16_190513_re_analysis_with_Chl_N1/chlorobia-cyc2-genomics/Data_analysis_pipeline/06_comparative_genomics/05c_pathway_analysis_vs2/02_queries/Chl_clathratiforme_BU_1_gene_targets.faa -o blast/intermediate/fix_blank_results/Cba_parvum_NCIB_8327.csv > logging/logs/blast/intermediate/create_blank_results/Cba_parvum_NCIB_8327.log 2>&1
Removing temporary output file blast/intermediate/reciprocal_blast/L227_2013_bin22.csv.
[Mon Dec 16 02:01:16 2019]
Finished job 38.
36 of 66 steps (55%) done

[Mon Dec 16 02:01:16 2019]
rule create_blank_results:
    input: blast/intermediate/remove_duplicates/L227_2013_bin22.csv
    output: blast/intermediate/fix_blank_results/L227_2013_bin22.csv
    log: logging/logs/blast/intermediate/create_blank_results/L227_2013_bin22.log
    jobid: 17
    benchmark: logging/benchmarks/L227_2013_bin22.create_blank_results.benchmark.txt
    reason: Missing output files: blast/intermediate/fix_blank_results/L227_2013_bin22.csv; Input files updated by another job: blast/intermediate/remove_duplicates/L227_2013_bin22.csv
    wildcards: subject=L227_2013_bin22

BackBLAST_create_blank_results.py -i blast/intermediate/remove_duplicates/L227_2013_bin22.csv -q /Analysis/jmtsuji/Hippodrome_legacy/180123_ELA111314_atlas_r1.0.22_plus_full/post-analysis/16_190513_re_analysis_with_Chl_N1/chlorobia-cyc2-genomics/Data_analysis_pipeline/06_comparative_genomics/05c_pathway_analysis_vs2/02_queries/Chl_clathratiforme_BU_1_gene_targets.faa -o blast/intermediate/fix_blank_results/L227_2013_bin22.csv > logging/logs/blast/intermediate/create_blank_results/L227_2013_bin22.log 2>&1
Removing temporary output file blast/intermediate/reciprocal_blast/Chl_tepidum_TLS.csv.
[Mon Dec 16 02:01:16 2019]
Finished job 36.
37 of 66 steps (56%) done

[Mon Dec 16 02:01:16 2019]
rule create_blank_results:
    input: blast/intermediate/remove_duplicates/Chl_tepidum_TLS.csv
    output: blast/intermediate/fix_blank_results/Chl_tepidum_TLS.csv
    log: logging/logs/blast/intermediate/create_blank_results/Chl_tepidum_TLS.log
    jobid: 15
    benchmark: logging/benchmarks/Chl_tepidum_TLS.create_blank_results.benchmark.txt
    reason: Missing output files: blast/intermediate/fix_blank_results/Chl_tepidum_TLS.csv; Input files updated by another job: blast/intermediate/remove_duplicates/Chl_tepidum_TLS.csv
    wildcards: subject=Chl_tepidum_TLS

BackBLAST_create_blank_results.py -i blast/intermediate/remove_duplicates/Chl_tepidum_TLS.csv -q /Analysis/jmtsuji/Hippodrome_legacy/180123_ELA111314_atlas_r1.0.22_plus_full/post-analysis/16_190513_re_analysis_with_Chl_N1/chlorobia-cyc2-genomics/Data_analysis_pipeline/06_comparative_genomics/05c_pathway_analysis_vs2/02_queries/Chl_clathratiforme_BU_1_gene_targets.faa -o blast/intermediate/fix_blank_results/Chl_tepidum_TLS.csv > logging/logs/blast/intermediate/create_blank_results/Chl_tepidum_TLS.log 2>&1
Removing temporary output file blast/intermediate/reciprocal_blast/Chl_ferrooxidans_KoFox.csv.
[Mon Dec 16 02:01:16 2019]
Finished job 28.
38 of 66 steps (58%) done

[Mon Dec 16 02:01:16 2019]
rule create_blank_results:
    input: blast/intermediate/remove_duplicates/Chl_ferrooxidans_KoFox.csv
    output: blast/intermediate/fix_blank_results/Chl_ferrooxidans_KoFox.csv
    log: logging/logs/blast/intermediate/create_blank_results/Chl_ferrooxidans_KoFox.log
    jobid: 7
    benchmark: logging/benchmarks/Chl_ferrooxidans_KoFox.create_blank_results.benchmark.txt
    reason: Missing output files: blast/intermediate/fix_blank_results/Chl_ferrooxidans_KoFox.csv; Input files updated by another job: blast/intermediate/remove_duplicates/Chl_ferrooxidans_KoFox.csv
    wildcards: subject=Chl_ferrooxidans_KoFox

BackBLAST_create_blank_results.py -i blast/intermediate/remove_duplicates/Chl_ferrooxidans_KoFox.csv -q /Analysis/jmtsuji/Hippodrome_legacy/180123_ELA111314_atlas_r1.0.22_plus_full/post-analysis/16_190513_re_analysis_with_Chl_N1/chlorobia-cyc2-genomics/Data_analysis_pipeline/06_comparative_genomics/05c_pathway_analysis_vs2/02_queries/Chl_clathratiforme_BU_1_gene_targets.faa -o blast/intermediate/fix_blank_results/Chl_ferrooxidans_KoFox.csv > logging/logs/blast/intermediate/create_blank_results/Chl_ferrooxidans_KoFox.log 2>&1
Removing temporary output file blast/intermediate/reciprocal_blast/Chl_phaeovibrioides_DSM_265.csv.
[Mon Dec 16 02:01:16 2019]
Finished job 34.
39 of 66 steps (59%) done

[Mon Dec 16 02:01:16 2019]
rule create_blank_results:
    input: blast/intermediate/remove_duplicates/Chl_phaeovibrioides_DSM_265.csv
    output: blast/intermediate/fix_blank_results/Chl_phaeovibrioides_DSM_265.csv
    log: logging/logs/blast/intermediate/create_blank_results/Chl_phaeovibrioides_DSM_265.log
    jobid: 13
    benchmark: logging/benchmarks/Chl_phaeovibrioides_DSM_265.create_blank_results.benchmark.txt
    reason: Missing output files: blast/intermediate/fix_blank_results/Chl_phaeovibrioides_DSM_265.csv; Input files updated by another job: blast/intermediate/remove_duplicates/Chl_phaeovibrioides_DSM_265.csv
    wildcards: subject=Chl_phaeovibrioides_DSM_265

BackBLAST_create_blank_results.py -i blast/intermediate/remove_duplicates/Chl_phaeovibrioides_DSM_265.csv -q /Analysis/jmtsuji/Hippodrome_legacy/180123_ELA111314_atlas_r1.0.22_plus_full/post-analysis/16_190513_re_analysis_with_Chl_N1/chlorobia-cyc2-genomics/Data_analysis_pipeline/06_comparative_genomics/05c_pathway_analysis_vs2/02_queries/Chl_clathratiforme_BU_1_gene_targets.faa -o blast/intermediate/fix_blank_results/Chl_phaeovibrioides_DSM_265.csv > logging/logs/blast/intermediate/create_blank_results/Chl_phaeovibrioides_DSM_265.log 2>&1
Removing temporary output file blast/intermediate/reciprocal_blast/Chl_sp_N1.csv.
[Mon Dec 16 02:01:17 2019]
Finished job 35.
40 of 66 steps (61%) done

[Mon Dec 16 02:01:17 2019]
rule create_blank_results:
    input: blast/intermediate/remove_duplicates/Chl_sp_N1.csv
    output: blast/intermediate/fix_blank_results/Chl_sp_N1.csv
    log: logging/logs/blast/intermediate/create_blank_results/Chl_sp_N1.log
    jobid: 14
    benchmark: logging/benchmarks/Chl_sp_N1.create_blank_results.benchmark.txt
    reason: Missing output files: blast/intermediate/fix_blank_results/Chl_sp_N1.csv; Input files updated by another job: blast/intermediate/remove_duplicates/Chl_sp_N1.csv
    wildcards: subject=Chl_sp_N1

BackBLAST_create_blank_results.py -i blast/intermediate/remove_duplicates/Chl_sp_N1.csv -q /Analysis/jmtsuji/Hippodrome_legacy/180123_ELA111314_atlas_r1.0.22_plus_full/post-analysis/16_190513_re_analysis_with_Chl_N1/chlorobia-cyc2-genomics/Data_analysis_pipeline/06_comparative_genomics/05c_pathway_analysis_vs2/02_queries/Chl_clathratiforme_BU_1_gene_targets.faa -o blast/intermediate/fix_blank_results/Chl_sp_N1.csv > logging/logs/blast/intermediate/create_blank_results/Chl_sp_N1.log 2>&1
Removing temporary output file blast/intermediate/reciprocal_blast/L227_2013_bin55.csv.
[Mon Dec 16 02:01:17 2019]
Finished job 39.
41 of 66 steps (62%) done

[Mon Dec 16 02:01:17 2019]
rule create_blank_results:
    input: blast/intermediate/remove_duplicates/L227_2013_bin55.csv
    output: blast/intermediate/fix_blank_results/L227_2013_bin55.csv
    log: logging/logs/blast/intermediate/create_blank_results/L227_2013_bin55.log
    jobid: 18
    benchmark: logging/benchmarks/L227_2013_bin55.create_blank_results.benchmark.txt
    reason: Missing output files: blast/intermediate/fix_blank_results/L227_2013_bin55.csv; Input files updated by another job: blast/intermediate/remove_duplicates/L227_2013_bin55.csv
    wildcards: subject=L227_2013_bin55

BackBLAST_create_blank_results.py -i blast/intermediate/remove_duplicates/L227_2013_bin55.csv -q /Analysis/jmtsuji/Hippodrome_legacy/180123_ELA111314_atlas_r1.0.22_plus_full/post-analysis/16_190513_re_analysis_with_Chl_N1/chlorobia-cyc2-genomics/Data_analysis_pipeline/06_comparative_genomics/05c_pathway_analysis_vs2/02_queries/Chl_clathratiforme_BU_1_gene_targets.faa -o blast/intermediate/fix_blank_results/L227_2013_bin55.csv > logging/logs/blast/intermediate/create_blank_results/L227_2013_bin55.log 2>&1
Removing temporary output file blast/intermediate/remove_duplicates/Chl_chlorochromatii_CaD3.csv.
[Mon Dec 16 02:01:18 2019]
Finished job 5.
42 of 66 steps (64%) done
Removing temporary output file blast/intermediate/reciprocal_blast/L304_enr_S_6D_bin01.csv.
[Mon Dec 16 02:01:18 2019]
Finished job 42.
43 of 66 steps (65%) done

[Mon Dec 16 02:01:18 2019]
rule create_blank_results:
    input: blast/intermediate/remove_duplicates/L304_enr_S_6D_bin01.csv
    output: blast/intermediate/fix_blank_results/L304_enr_S_6D_bin01.csv
    log: logging/logs/blast/intermediate/create_blank_results/L304_enr_S_6D_bin01.log
    jobid: 21
    benchmark: logging/benchmarks/L304_enr_S_6D_bin01.create_blank_results.benchmark.txt
    reason: Missing output files: blast/intermediate/fix_blank_results/L304_enr_S_6D_bin01.csv; Input files updated by another job: blast/intermediate/remove_duplicates/L304_enr_S_6D_bin01.csv
    wildcards: subject=L304_enr_S_6D_bin01

BackBLAST_create_blank_results.py -i blast/intermediate/remove_duplicates/L304_enr_S_6D_bin01.csv -q /Analysis/jmtsuji/Hippodrome_legacy/180123_ELA111314_atlas_r1.0.22_plus_full/post-analysis/16_190513_re_analysis_with_Chl_N1/chlorobia-cyc2-genomics/Data_analysis_pipeline/06_comparative_genomics/05c_pathway_analysis_vs2/02_queries/Chl_clathratiforme_BU_1_gene_targets.faa -o blast/intermediate/fix_blank_results/L304_enr_S_6D_bin01.csv > logging/logs/blast/intermediate/create_blank_results/L304_enr_S_6D_bin01.log 2>&1
Removing temporary output file blast/intermediate/remove_duplicates/L227_enr_S_6D_bin01.csv.
[Mon Dec 16 02:01:18 2019]
Finished job 20.
44 of 66 steps (67%) done
Removing temporary output file blast/intermediate/remove_duplicates/Chl_phaeoferrooxidans_KB01.csv.
[Mon Dec 16 02:01:18 2019]
Finished job 12.
45 of 66 steps (68%) done
Removing temporary output file blast/intermediate/remove_duplicates/L227_2013_bin56.csv.
[Mon Dec 16 02:01:18 2019]
Finished job 19.
46 of 66 steps (70%) done
Removing temporary output file blast/intermediate/remove_duplicates/L442_2011_2014_bin64.csv.
[Mon Dec 16 02:01:18 2019]
Finished job 22.
47 of 66 steps (71%) done
Removing temporary output file blast/intermediate/remove_duplicates/Chl_limicola_DSM_245.csv.
[Mon Dec 16 02:01:18 2019]
Finished job 8.
48 of 66 steps (73%) done
Removing temporary output file blast/intermediate/remove_duplicates/Ptc_aestuarii_DSM_271.csv.
[Mon Dec 16 02:01:18 2019]
Finished job 23.
49 of 66 steps (74%) done
Removing temporary output file blast/intermediate/remove_duplicates/Che_thalassium_ATCC_35110.csv.
[Mon Dec 16 02:01:18 2019]
Finished job 4.
50 of 66 steps (76%) done
Removing temporary output file blast/intermediate/remove_duplicates/Ignavibacterium_album_JCM_16511_outgroup.csv.
[Mon Dec 16 02:01:18 2019]
Finished job 16.
51 of 66 steps (77%) done
Removing temporary output file blast/intermediate/remove_duplicates/Chl_phaeobacteroides_DSM_266.csv.
[Mon Dec 16 02:01:19 2019]
Finished job 11.
52 of 66 steps (79%) done
Removing temporary output file blast/intermediate/remove_duplicates/Chl_phaeobacteroides_BS1.csv.
[Mon Dec 16 02:01:19 2019]
Finished job 10.
53 of 66 steps (80%) done
Removing temporary output file blast/intermediate/remove_duplicates/Chl_phaeovibrioides_DSM_265.csv.
[Mon Dec 16 02:01:19 2019]
Finished job 13.
54 of 66 steps (82%) done
Removing temporary output file blast/intermediate/remove_duplicates/Cba_parvum_NCIB_8327.csv.
[Mon Dec 16 02:01:19 2019]
Finished job 3.
55 of 66 steps (83%) done
Removing temporary output file blast/intermediate/remove_duplicates/Chl_luteolum_DSM_273.csv.
[Mon Dec 16 02:01:19 2019]
Finished job 9.
56 of 66 steps (85%) done
Removing temporary output file blast/intermediate/remove_duplicates/Chl_clathratiforme_BU_1.csv.
[Mon Dec 16 02:01:19 2019]
Finished job 6.
57 of 66 steps (86%) done
Removing temporary output file blast/intermediate/remove_duplicates/L227_2013_bin22.csv.
[Mon Dec 16 02:01:19 2019]
Finished job 17.
58 of 66 steps (88%) done
Removing temporary output file blast/intermediate/remove_duplicates/L304_enr_S_6D_bin01.csv.
[Mon Dec 16 02:01:19 2019]
Finished job 21.
59 of 66 steps (89%) done
Removing temporary output file blast/intermediate/remove_duplicates/Chl_ferrooxidans_KoFox.csv.
[Mon Dec 16 02:01:19 2019]
Finished job 7.
60 of 66 steps (91%) done
Removing temporary output file blast/intermediate/remove_duplicates/Chl_tepidum_TLS.csv.
[Mon Dec 16 02:01:19 2019]
Finished job 15.
61 of 66 steps (92%) done
Removing temporary output file blast/intermediate/remove_duplicates/Chl_sp_N1.csv.
[Mon Dec 16 02:01:19 2019]
Finished job 14.
62 of 66 steps (94%) done
Removing temporary output file blast/intermediate/remove_duplicates/L227_2013_bin55.csv.
[Mon Dec 16 02:01:19 2019]
Finished job 18.
63 of 66 steps (95%) done

[Mon Dec 16 02:01:19 2019]
rule combine_blast_tables:
    input: blast/intermediate/fix_blank_results/Cba_parvum_NCIB_8327.csv, blast/intermediate/fix_blank_results/Che_thalassium_ATCC_35110.csv, blast/intermediate/fix_blank_results/Chl_chlorochromatii_CaD3.csv, blast/intermediate/fix_blank_results/Chl_clathratiforme_BU_1.csv, blast/intermediate/fix_blank_results/Chl_ferrooxidans_KoFox.csv, blast/intermediate/fix_blank_results/Chl_limicola_DSM_245.csv, blast/intermediate/fix_blank_results/Chl_luteolum_DSM_273.csv, blast/intermediate/fix_blank_results/Chl_phaeobacteroides_BS1.csv, blast/intermediate/fix_blank_results/Chl_phaeobacteroides_DSM_266.csv, blast/intermediate/fix_blank_results/Chl_phaeoferrooxidans_KB01.csv, blast/intermediate/fix_blank_results/Chl_phaeovibrioides_DSM_265.csv, blast/intermediate/fix_blank_results/Chl_sp_N1.csv, blast/intermediate/fix_blank_results/Chl_tepidum_TLS.csv, blast/intermediate/fix_blank_results/Ignavibacterium_album_JCM_16511_outgroup.csv, blast/intermediate/fix_blank_results/L227_2013_bin22.csv, blast/intermediate/fix_blank_results/L227_2013_bin55.csv, blast/intermediate/fix_blank_results/L227_2013_bin56.csv, blast/intermediate/fix_blank_results/L227_enr_S_6D_bin01.csv, blast/intermediate/fix_blank_results/L304_enr_S_6D_bin01.csv, blast/intermediate/fix_blank_results/L442_2011_2014_bin64.csv, blast/intermediate/fix_blank_results/Ptc_aestuarii_DSM_271.csv
    output: blast/combine_blast_tables/blast_tables_combined.csv
    log: logging/logs/blast/combine_blast_tables/combine_blast_tables.log
    jobid: 2
    benchmark: logging/benchmarks/combine_blast_tables.benchmark.txt
    reason: Missing output files: blast/combine_blast_tables/blast_tables_combined.csv; Input files updated by another job: blast/intermediate/fix_blank_results/Chl_chlorochromatii_CaD3.csv, blast/intermediate/fix_blank_results/L227_enr_S_6D_bin01.csv, blast/intermediate/fix_blank_results/L227_2013_bin56.csv, blast/intermediate/fix_blank_results/Chl_phaeoferrooxidans_KB01.csv, blast/intermediate/fix_blank_results/Che_thalassium_ATCC_35110.csv, blast/intermediate/fix_blank_results/Chl_sp_N1.csv, blast/intermediate/fix_blank_results/L304_enr_S_6D_bin01.csv, blast/intermediate/fix_blank_results/Ptc_aestuarii_DSM_271.csv, blast/intermediate/fix_blank_results/Chl_limicola_DSM_245.csv, blast/intermediate/fix_blank_results/L227_2013_bin55.csv, blast/intermediate/fix_blank_results/Chl_ferrooxidans_KoFox.csv, blast/intermediate/fix_blank_results/L227_2013_bin22.csv, blast/intermediate/fix_blank_results/Chl_luteolum_DSM_273.csv, blast/intermediate/fix_blank_results/Chl_clathratiforme_BU_1.csv, blast/intermediate/fix_blank_results/Cba_parvum_NCIB_8327.csv, blast/intermediate/fix_blank_results/Chl_phaeobacteroides_BS1.csv, blast/intermediate/fix_blank_results/L442_2011_2014_bin64.csv, blast/intermediate/fix_blank_results/Chl_phaeobacteroides_DSM_266.csv, blast/intermediate/fix_blank_results/Ignavibacterium_album_JCM_16511_outgroup.csv, blast/intermediate/fix_blank_results/Chl_tepidum_TLS.csv, blast/intermediate/fix_blank_results/Chl_phaeovibrioides_DSM_265.csv

BackBLAST_combine_BLAST_tables.R blast/intermediate/fix_blank_results/Cba_parvum_NCIB_8327.csv blast/intermediate/fix_blank_results/Che_thalassium_ATCC_35110.csv blast/intermediate/fix_blank_results/Chl_chlorochromatii_CaD3.csv blast/intermediate/fix_blank_results/Chl_clathratiforme_BU_1.csv blast/intermediate/fix_blank_results/Chl_ferrooxidans_KoFox.csv blast/intermediate/fix_blank_results/Chl_limicola_DSM_245.csv blast/intermediate/fix_blank_results/Chl_luteolum_DSM_273.csv blast/intermediate/fix_blank_results/Chl_phaeobacteroides_BS1.csv blast/intermediate/fix_blank_results/Chl_phaeobacteroides_DSM_266.csv blast/intermediate/fix_blank_results/Chl_phaeoferrooxidans_KB01.csv blast/intermediate/fix_blank_results/Chl_phaeovibrioides_DSM_265.csv blast/intermediate/fix_blank_results/Chl_sp_N1.csv blast/intermediate/fix_blank_results/Chl_tepidum_TLS.csv blast/intermediate/fix_blank_results/Ignavibacterium_album_JCM_16511_outgroup.csv blast/intermediate/fix_blank_results/L227_2013_bin22.csv blast/intermediate/fix_blank_results/L227_2013_bin55.csv blast/intermediate/fix_blank_results/L227_2013_bin56.csv blast/intermediate/fix_blank_results/L227_enr_S_6D_bin01.csv blast/intermediate/fix_blank_results/L304_enr_S_6D_bin01.csv blast/intermediate/fix_blank_results/L442_2011_2014_bin64.csv blast/intermediate/fix_blank_results/Ptc_aestuarii_DSM_271.csv blast/combine_blast_tables/blast_tables_combined.csv > logging/logs/blast/combine_blast_tables/combine_blast_tables.log 2>&1
Removing temporary output file blast/intermediate/fix_blank_results/Cba_parvum_NCIB_8327.csv.
Removing temporary output file blast/intermediate/fix_blank_results/Che_thalassium_ATCC_35110.csv.
Removing temporary output file blast/intermediate/fix_blank_results/Chl_chlorochromatii_CaD3.csv.
Removing temporary output file blast/intermediate/fix_blank_results/Chl_clathratiforme_BU_1.csv.
Removing temporary output file blast/intermediate/fix_blank_results/Chl_ferrooxidans_KoFox.csv.
Removing temporary output file blast/intermediate/fix_blank_results/Chl_limicola_DSM_245.csv.
Removing temporary output file blast/intermediate/fix_blank_results/Chl_luteolum_DSM_273.csv.
Removing temporary output file blast/intermediate/fix_blank_results/Chl_phaeobacteroides_BS1.csv.
Removing temporary output file blast/intermediate/fix_blank_results/Chl_phaeobacteroides_DSM_266.csv.
Removing temporary output file blast/intermediate/fix_blank_results/Chl_phaeoferrooxidans_KB01.csv.
Removing temporary output file blast/intermediate/fix_blank_results/Chl_phaeovibrioides_DSM_265.csv.
Removing temporary output file blast/intermediate/fix_blank_results/Chl_sp_N1.csv.
Removing temporary output file blast/intermediate/fix_blank_results/Chl_tepidum_TLS.csv.
Removing temporary output file blast/intermediate/fix_blank_results/Ignavibacterium_album_JCM_16511_outgroup.csv.
Removing temporary output file blast/intermediate/fix_blank_results/L227_2013_bin22.csv.
Removing temporary output file blast/intermediate/fix_blank_results/L227_2013_bin55.csv.
Removing temporary output file blast/intermediate/fix_blank_results/L227_2013_bin56.csv.
Removing temporary output file blast/intermediate/fix_blank_results/L227_enr_S_6D_bin01.csv.
Removing temporary output file blast/intermediate/fix_blank_results/L304_enr_S_6D_bin01.csv.
Removing temporary output file blast/intermediate/fix_blank_results/L442_2011_2014_bin64.csv.
Removing temporary output file blast/intermediate/fix_blank_results/Ptc_aestuarii_DSM_271.csv.
[Mon Dec 16 02:01:20 2019]
Finished job 2.
64 of 66 steps (97%) done

[Mon Dec 16 02:01:20 2019]
rule symlink_combined_blast_table:
    input: blast/combine_blast_tables/blast_tables_combined.csv
    output: blast/blast_tables_combined.csv
    jobid: 1
    reason: Missing output files: blast/blast_tables_combined.csv; Input files updated by another job: blast/combine_blast_tables/blast_tables_combined.csv

[33mJob counts:
	count	jobs
	1	symlink_combined_blast_table
	1[0m
[Mon Dec 16 02:01:21 2019]
Finished job 1.
65 of 66 steps (98%) done

[Mon Dec 16 02:01:21 2019]
localrule finished_blast:
    input: blast/blast_tables_combined.csv
    output: logging/checkpoints/finished_blast
    jobid: 0
    reason: Missing output files: logging/checkpoints/finished_blast; Input files updated by another job: blast/blast_tables_combined.csv

Touching output file logging/checkpoints/finished_blast.
Removing temporary output file logging/checkpoints/finished_blast.
[Mon Dec 16 02:01:21 2019]
Finished job 0.
66 of 66 steps (100%) done
Complete log: /Analysis/jmtsuji/Hippodrome_legacy/180123_ELA111314_atlas_r1.0.22_plus_full/post-analysis/16_190513_re_analysis_with_Chl_N1/chlorobia-cyc2-genomics/Data_analysis_pipeline/06_comparative_genomics/05c_pathway_analysis_vs2/03_backblast/01b_clathratiforme/.snakemake/log/2019-12-16T020105.839123.snakemake.log
[ Mon Dec 16 07:01:21 UTC 2019 ]: BackBLAST finished.
