[ Sat Jan 26 15:47:13 UTC 2019 ]: Settings: e value cutoff = '1e-40'; percent identity cutoff = 20.
[ Sat Jan 26 15:47:14 UTC 2019 ]: Searching for 'Chl_clathratiforme_BU_1_gene_targets' among the subjects. Using 'Chl_clathratiforme_BU_1' as the reference predicted proteome.
[ Sat Jan 26 15:47:14 UTC 2019 ]: 'BackBLAST.py -q Chl_clathratiforme_BU_1_gene_targets.faa -r Chl_clathratiforme_BU_1.faa -s Cba_parvum_NCIB_8327.faa -e 1e-40 -i 20 -o Chl_clathratiforme_BU_1__to__Cba_parvum_NCIB_8327.csv 2>&1 | tee Chl_clathratiforme_BU_1__to__Cba_parvum_NCIB_8327.log'
Opening /home/jmtsuji/Research_General/PhD/04b_Metagenome_resequencing_F2015/10_ATLAS_re_analysis/06_reciprocal_BLAST/vs3_cleaned_version/input_ORFs/Cba_parvum_NCIB_8327.faa...
>> Forward Blasting to subject proteome...
>> Creating Back-Blasting Query from found subject proteins...
>> Blasting backwards from subject genome to query genome.
>> Creating Graph...
>> Checking if forward hit subjects have better reciprocal hits than query.
>> Output file created.
>> Writing Data...
>> Done

[ Sat Jan 26 15:47:15 UTC 2019 ]: 'BackBLAST.py -q Chl_clathratiforme_BU_1_gene_targets.faa -r Chl_clathratiforme_BU_1.faa -s Che_thalassium_ATCC_35110.faa -e 1e-40 -i 20 -o Chl_clathratiforme_BU_1__to__Che_thalassium_ATCC_35110.csv 2>&1 | tee Chl_clathratiforme_BU_1__to__Che_thalassium_ATCC_35110.log'
Opening /home/jmtsuji/Research_General/PhD/04b_Metagenome_resequencing_F2015/10_ATLAS_re_analysis/06_reciprocal_BLAST/vs3_cleaned_version/input_ORFs/Che_thalassium_ATCC_35110.faa...
>> Forward Blasting to subject proteome...
>> Creating Back-Blasting Query from found subject proteins...
>> Blasting backwards from subject genome to query genome.
>> Creating Graph...
>> Checking if forward hit subjects have better reciprocal hits than query.
>> Output file created.
>> Writing Data...
>> Done

[ Sat Jan 26 15:47:16 UTC 2019 ]: 'BackBLAST.py -q Chl_clathratiforme_BU_1_gene_targets.faa -r Chl_clathratiforme_BU_1.faa -s Chl_chlorochromatii_CaD3.faa -e 1e-40 -i 20 -o Chl_clathratiforme_BU_1__to__Chl_chlorochromatii_CaD3.csv 2>&1 | tee Chl_clathratiforme_BU_1__to__Chl_chlorochromatii_CaD3.log'
Opening /home/jmtsuji/Research_General/PhD/04b_Metagenome_resequencing_F2015/10_ATLAS_re_analysis/06_reciprocal_BLAST/vs3_cleaned_version/input_ORFs/Chl_chlorochromatii_CaD3.faa...
>> Forward Blasting to subject proteome...
>> Creating Back-Blasting Query from found subject proteins...
>> Blasting backwards from subject genome to query genome.
>> Creating Graph...
>> Checking if forward hit subjects have better reciprocal hits than query.
>> Output file created.
>> Writing Data...
>> Done

[ Sat Jan 26 15:47:18 UTC 2019 ]: 'BackBLAST.py -q Chl_clathratiforme_BU_1_gene_targets.faa -r Chl_clathratiforme_BU_1.faa -s Chl_clathratiforme_BU_1.faa -e 1e-40 -i 20 -o Chl_clathratiforme_BU_1__to__Chl_clathratiforme_BU_1.csv 2>&1 | tee Chl_clathratiforme_BU_1__to__Chl_clathratiforme_BU_1.log'
Opening /home/jmtsuji/Research_General/PhD/04b_Metagenome_resequencing_F2015/10_ATLAS_re_analysis/06_reciprocal_BLAST/vs3_cleaned_version/input_ORFs/Chl_clathratiforme_BU_1.faa...
>> Forward Blasting to subject proteome...
>> Creating Back-Blasting Query from found subject proteins...
>> Blasting backwards from subject genome to query genome.
>> Creating Graph...
>> Checking if forward hit subjects have better reciprocal hits than query.
>> Output file created.
>> Writing Data...
>> Done

[ Sat Jan 26 15:47:19 UTC 2019 ]: 'BackBLAST.py -q Chl_clathratiforme_BU_1_gene_targets.faa -r Chl_clathratiforme_BU_1.faa -s Chl_ferrooxidans_KoFox.faa -e 1e-40 -i 20 -o Chl_clathratiforme_BU_1__to__Chl_ferrooxidans_KoFox.csv 2>&1 | tee Chl_clathratiforme_BU_1__to__Chl_ferrooxidans_KoFox.log'
Opening /home/jmtsuji/Research_General/PhD/04b_Metagenome_resequencing_F2015/10_ATLAS_re_analysis/06_reciprocal_BLAST/vs3_cleaned_version/input_ORFs/Chl_ferrooxidans_KoFox.faa...
>> Forward Blasting to subject proteome...
>> Creating Back-Blasting Query from found subject proteins...
>> Blasting backwards from subject genome to query genome.
>> Creating Graph...
>> Checking if forward hit subjects have better reciprocal hits than query.
>> Output file created.
>> Writing Data...
>> Done

[ Sat Jan 26 15:47:20 UTC 2019 ]: 'BackBLAST.py -q Chl_clathratiforme_BU_1_gene_targets.faa -r Chl_clathratiforme_BU_1.faa -s Chl_limicola_DSM_245.faa -e 1e-40 -i 20 -o Chl_clathratiforme_BU_1__to__Chl_limicola_DSM_245.csv 2>&1 | tee Chl_clathratiforme_BU_1__to__Chl_limicola_DSM_245.log'
Opening /home/jmtsuji/Research_General/PhD/04b_Metagenome_resequencing_F2015/10_ATLAS_re_analysis/06_reciprocal_BLAST/vs3_cleaned_version/input_ORFs/Chl_limicola_DSM_245.faa...
>> Forward Blasting to subject proteome...
>> Creating Back-Blasting Query from found subject proteins...
>> Blasting backwards from subject genome to query genome.
>> Creating Graph...
>> Checking if forward hit subjects have better reciprocal hits than query.
>> Output file created.
>> Writing Data...
>> Done

[ Sat Jan 26 15:47:21 UTC 2019 ]: 'BackBLAST.py -q Chl_clathratiforme_BU_1_gene_targets.faa -r Chl_clathratiforme_BU_1.faa -s Chl_luteolum_DSM_273.faa -e 1e-40 -i 20 -o Chl_clathratiforme_BU_1__to__Chl_luteolum_DSM_273.csv 2>&1 | tee Chl_clathratiforme_BU_1__to__Chl_luteolum_DSM_273.log'
Opening /home/jmtsuji/Research_General/PhD/04b_Metagenome_resequencing_F2015/10_ATLAS_re_analysis/06_reciprocal_BLAST/vs3_cleaned_version/input_ORFs/Chl_luteolum_DSM_273.faa...
>> Forward Blasting to subject proteome...
>> Creating Back-Blasting Query from found subject proteins...
>> Blasting backwards from subject genome to query genome.
>> Creating Graph...
>> Checking if forward hit subjects have better reciprocal hits than query.
>> Output file created.
>> Writing Data...
>> Done

[ Sat Jan 26 15:47:22 UTC 2019 ]: 'BackBLAST.py -q Chl_clathratiforme_BU_1_gene_targets.faa -r Chl_clathratiforme_BU_1.faa -s Chl_phaeobacteroides_BS1.faa -e 1e-40 -i 20 -o Chl_clathratiforme_BU_1__to__Chl_phaeobacteroides_BS1.csv 2>&1 | tee Chl_clathratiforme_BU_1__to__Chl_phaeobacteroides_BS1.log'
Opening /home/jmtsuji/Research_General/PhD/04b_Metagenome_resequencing_F2015/10_ATLAS_re_analysis/06_reciprocal_BLAST/vs3_cleaned_version/input_ORFs/Chl_phaeobacteroides_BS1.faa...
>> Forward Blasting to subject proteome...
>> Creating Back-Blasting Query from found subject proteins...
>> Blasting backwards from subject genome to query genome.
>> Creating Graph...
>> Checking if forward hit subjects have better reciprocal hits than query.
>> Output file created.
>> Writing Data...
>> Done

[ Sat Jan 26 15:47:24 UTC 2019 ]: 'BackBLAST.py -q Chl_clathratiforme_BU_1_gene_targets.faa -r Chl_clathratiforme_BU_1.faa -s Chl_phaeobacteroides_DSM_266.faa -e 1e-40 -i 20 -o Chl_clathratiforme_BU_1__to__Chl_phaeobacteroides_DSM_266.csv 2>&1 | tee Chl_clathratiforme_BU_1__to__Chl_phaeobacteroides_DSM_266.log'
Opening /home/jmtsuji/Research_General/PhD/04b_Metagenome_resequencing_F2015/10_ATLAS_re_analysis/06_reciprocal_BLAST/vs3_cleaned_version/input_ORFs/Chl_phaeobacteroides_DSM_266.faa...
>> Forward Blasting to subject proteome...
>> Creating Back-Blasting Query from found subject proteins...
>> Blasting backwards from subject genome to query genome.
>> Creating Graph...
>> Checking if forward hit subjects have better reciprocal hits than query.
>> Output file created.
>> Writing Data...
>> Done

[ Sat Jan 26 15:47:26 UTC 2019 ]: 'BackBLAST.py -q Chl_clathratiforme_BU_1_gene_targets.faa -r Chl_clathratiforme_BU_1.faa -s Chl_phaeoferrooxidans_KB01.faa -e 1e-40 -i 20 -o Chl_clathratiforme_BU_1__to__Chl_phaeoferrooxidans_KB01.csv 2>&1 | tee Chl_clathratiforme_BU_1__to__Chl_phaeoferrooxidans_KB01.log'
Opening /home/jmtsuji/Research_General/PhD/04b_Metagenome_resequencing_F2015/10_ATLAS_re_analysis/06_reciprocal_BLAST/vs3_cleaned_version/input_ORFs/Chl_phaeoferrooxidans_KB01.faa...
>> Forward Blasting to subject proteome...
>> Creating Back-Blasting Query from found subject proteins...
>> Blasting backwards from subject genome to query genome.
>> Creating Graph...
>> Checking if forward hit subjects have better reciprocal hits than query.
>> Output file created.
>> Writing Data...
>> Done

[ Sat Jan 26 15:47:27 UTC 2019 ]: 'BackBLAST.py -q Chl_clathratiforme_BU_1_gene_targets.faa -r Chl_clathratiforme_BU_1.faa -s Chl_phaeovibrioides_DSM_265.faa -e 1e-40 -i 20 -o Chl_clathratiforme_BU_1__to__Chl_phaeovibrioides_DSM_265.csv 2>&1 | tee Chl_clathratiforme_BU_1__to__Chl_phaeovibrioides_DSM_265.log'
Opening /home/jmtsuji/Research_General/PhD/04b_Metagenome_resequencing_F2015/10_ATLAS_re_analysis/06_reciprocal_BLAST/vs3_cleaned_version/input_ORFs/Chl_phaeovibrioides_DSM_265.faa...
>> Forward Blasting to subject proteome...
>> Creating Back-Blasting Query from found subject proteins...
>> Blasting backwards from subject genome to query genome.
>> Creating Graph...
>> Checking if forward hit subjects have better reciprocal hits than query.
>> Output file created.
>> Writing Data...
>> Done

[ Sat Jan 26 15:47:28 UTC 2019 ]: 'BackBLAST.py -q Chl_clathratiforme_BU_1_gene_targets.faa -r Chl_clathratiforme_BU_1.faa -s Chl_tepidum_TLS.faa -e 1e-40 -i 20 -o Chl_clathratiforme_BU_1__to__Chl_tepidum_TLS.csv 2>&1 | tee Chl_clathratiforme_BU_1__to__Chl_tepidum_TLS.log'
Opening /home/jmtsuji/Research_General/PhD/04b_Metagenome_resequencing_F2015/10_ATLAS_re_analysis/06_reciprocal_BLAST/vs3_cleaned_version/input_ORFs/Chl_tepidum_TLS.faa...
>> Forward Blasting to subject proteome...
>> Creating Back-Blasting Query from found subject proteins...
>> Blasting backwards from subject genome to query genome.
>> Creating Graph...
>> Checking if forward hit subjects have better reciprocal hits than query.
>> Output file created.
>> Writing Data...
>> Done

[ Sat Jan 26 15:47:29 UTC 2019 ]: 'BackBLAST.py -q Chl_clathratiforme_BU_1_gene_targets.faa -r Chl_clathratiforme_BU_1.faa -s Ignavibacterium_album_JCM_16511_outgroup.faa -e 1e-40 -i 20 -o Chl_clathratiforme_BU_1__to__Ignavibacterium_album_JCM_16511_outgroup.csv 2>&1 | tee Chl_clathratiforme_BU_1__to__Ignavibacterium_album_JCM_16511_outgroup.log'
Opening /home/jmtsuji/Research_General/PhD/04b_Metagenome_resequencing_F2015/10_ATLAS_re_analysis/06_reciprocal_BLAST/vs3_cleaned_version/input_ORFs/Ignavibacterium_album_JCM_16511_outgroup.faa...
>> Forward Blasting to subject proteome...
>> Creating Back-Blasting Query from found subject proteins...
>> Blasting backwards from subject genome to query genome.
>> Creating Graph...
>> Checking if forward hit subjects have better reciprocal hits than query.
>> Output file created.
>> Writing Data...
>> Done

[ Sat Jan 26 15:47:30 UTC 2019 ]: 'BackBLAST.py -q Chl_clathratiforme_BU_1_gene_targets.faa -r Chl_clathratiforme_BU_1.faa -s L227_2013_bin_22.faa -e 1e-40 -i 20 -o Chl_clathratiforme_BU_1__to__L227_2013_bin_22.csv 2>&1 | tee Chl_clathratiforme_BU_1__to__L227_2013_bin_22.log'
Opening /home/jmtsuji/Research_General/PhD/04b_Metagenome_resequencing_F2015/10_ATLAS_re_analysis/06_reciprocal_BLAST/vs3_cleaned_version/input_ORFs/L227_2013_bin_22.faa...
>> Forward Blasting to subject proteome...
>> Creating Back-Blasting Query from found subject proteins...
>> Blasting backwards from subject genome to query genome.
>> Creating Graph...
>> Checking if forward hit subjects have better reciprocal hits than query.
>> Output file created.
>> Writing Data...
>> Done

[ Sat Jan 26 15:47:31 UTC 2019 ]: 'BackBLAST.py -q Chl_clathratiforme_BU_1_gene_targets.faa -r Chl_clathratiforme_BU_1.faa -s L227_2013_bin_55.faa -e 1e-40 -i 20 -o Chl_clathratiforme_BU_1__to__L227_2013_bin_55.csv 2>&1 | tee Chl_clathratiforme_BU_1__to__L227_2013_bin_55.log'
Opening /home/jmtsuji/Research_General/PhD/04b_Metagenome_resequencing_F2015/10_ATLAS_re_analysis/06_reciprocal_BLAST/vs3_cleaned_version/input_ORFs/L227_2013_bin_55.faa...
>> Forward Blasting to subject proteome...
>> Creating Back-Blasting Query from found subject proteins...
>> Blasting backwards from subject genome to query genome.
>> Creating Graph...
>> Checking if forward hit subjects have better reciprocal hits than query.
>> Output file created.
>> Writing Data...
>> Done

[ Sat Jan 26 15:47:32 UTC 2019 ]: 'BackBLAST.py -q Chl_clathratiforme_BU_1_gene_targets.faa -r Chl_clathratiforme_BU_1.faa -s L227_2013_bin_56.faa -e 1e-40 -i 20 -o Chl_clathratiforme_BU_1__to__L227_2013_bin_56.csv 2>&1 | tee Chl_clathratiforme_BU_1__to__L227_2013_bin_56.log'
Opening /home/jmtsuji/Research_General/PhD/04b_Metagenome_resequencing_F2015/10_ATLAS_re_analysis/06_reciprocal_BLAST/vs3_cleaned_version/input_ORFs/L227_2013_bin_56.faa...
>> Forward Blasting to subject proteome...
>> Creating Back-Blasting Query from found subject proteins...
>> Blasting backwards from subject genome to query genome.
>> Creating Graph...
>> Checking if forward hit subjects have better reciprocal hits than query.
>> Output file created.
>> Writing Data...
>> Done

[ Sat Jan 26 15:47:33 UTC 2019 ]: 'BackBLAST.py -q Chl_clathratiforme_BU_1_gene_targets.faa -r Chl_clathratiforme_BU_1.faa -s L227_enrichment_S_6D.faa -e 1e-40 -i 20 -o Chl_clathratiforme_BU_1__to__L227_enrichment_S_6D.csv 2>&1 | tee Chl_clathratiforme_BU_1__to__L227_enrichment_S_6D.log'
Opening /home/jmtsuji/Research_General/PhD/04b_Metagenome_resequencing_F2015/10_ATLAS_re_analysis/06_reciprocal_BLAST/vs3_cleaned_version/input_ORFs/L227_enrichment_S_6D.faa...
>> Forward Blasting to subject proteome...
>> Creating Back-Blasting Query from found subject proteins...
>> Blasting backwards from subject genome to query genome.
>> Creating Graph...
>> Checking if forward hit subjects have better reciprocal hits than query.
>> Output file created.
>> Writing Data...
>> Done

[ Sat Jan 26 15:47:34 UTC 2019 ]: 'BackBLAST.py -q Chl_clathratiforme_BU_1_gene_targets.faa -r Chl_clathratiforme_BU_1.faa -s L304_enrichment_S_6D.faa -e 1e-40 -i 20 -o Chl_clathratiforme_BU_1__to__L304_enrichment_S_6D.csv 2>&1 | tee Chl_clathratiforme_BU_1__to__L304_enrichment_S_6D.log'
Opening /home/jmtsuji/Research_General/PhD/04b_Metagenome_resequencing_F2015/10_ATLAS_re_analysis/06_reciprocal_BLAST/vs3_cleaned_version/input_ORFs/L304_enrichment_S_6D.faa...
>> Forward Blasting to subject proteome...
>> Creating Back-Blasting Query from found subject proteins...
>> Blasting backwards from subject genome to query genome.
>> Creating Graph...
>> Checking if forward hit subjects have better reciprocal hits than query.
>> Output file created.
>> Writing Data...
>> Done

[ Sat Jan 26 15:47:35 UTC 2019 ]: 'BackBLAST.py -q Chl_clathratiforme_BU_1_gene_targets.faa -r Chl_clathratiforme_BU_1.faa -s L442_bin_64.faa -e 1e-40 -i 20 -o Chl_clathratiforme_BU_1__to__L442_bin_64.csv 2>&1 | tee Chl_clathratiforme_BU_1__to__L442_bin_64.log'
Opening /home/jmtsuji/Research_General/PhD/04b_Metagenome_resequencing_F2015/10_ATLAS_re_analysis/06_reciprocal_BLAST/vs3_cleaned_version/input_ORFs/L442_bin_64.faa...
>> Forward Blasting to subject proteome...
>> Creating Back-Blasting Query from found subject proteins...
>> Blasting backwards from subject genome to query genome.
>> Creating Graph...
>> Checking if forward hit subjects have better reciprocal hits than query.
>> Output file created.
>> Writing Data...
>> Done

[ Sat Jan 26 15:47:36 UTC 2019 ]: 'BackBLAST.py -q Chl_clathratiforme_BU_1_gene_targets.faa -r Chl_clathratiforme_BU_1.faa -s Ptc_aestuarii_DSM_271.faa -e 1e-40 -i 20 -o Chl_clathratiforme_BU_1__to__Ptc_aestuarii_DSM_271.csv 2>&1 | tee Chl_clathratiforme_BU_1__to__Ptc_aestuarii_DSM_271.log'
Opening /home/jmtsuji/Research_General/PhD/04b_Metagenome_resequencing_F2015/10_ATLAS_re_analysis/06_reciprocal_BLAST/vs3_cleaned_version/input_ORFs/Ptc_aestuarii_DSM_271.faa...
>> Forward Blasting to subject proteome...
>> Creating Back-Blasting Query from found subject proteins...
>> Blasting backwards from subject genome to query genome.
>> Creating Graph...
>> Checking if forward hit subjects have better reciprocal hits than query.
>> Output file created.
>> Writing Data...
>> Done

[ Sat Jan 26 15:47:37 UTC 2019 ]: Searching for 'Chl_ferrooxidans_KoFox_gene_targets' among the subjects. Using 'Chl_ferrooxidans_KoFox' as the reference predicted proteome.
[ Sat Jan 26 15:47:37 UTC 2019 ]: 'BackBLAST.py -q Chl_ferrooxidans_KoFox_gene_targets.faa -r Chl_ferrooxidans_KoFox.faa -s Cba_parvum_NCIB_8327.faa -e 1e-40 -i 20 -o Chl_ferrooxidans_KoFox__to__Cba_parvum_NCIB_8327.csv 2>&1 | tee Chl_ferrooxidans_KoFox__to__Cba_parvum_NCIB_8327.log'
Opening /home/jmtsuji/Research_General/PhD/04b_Metagenome_resequencing_F2015/10_ATLAS_re_analysis/06_reciprocal_BLAST/vs3_cleaned_version/input_ORFs/Cba_parvum_NCIB_8327.faa...
>> Forward Blasting to subject proteome...
>> Creating Back-Blasting Query from found subject proteins...
>> Blasting backwards from subject genome to query genome.
>> Creating Graph...
>> Checking if forward hit subjects have better reciprocal hits than query.
>> Output file created.
>> Writing Data...
>> Done

[ Sat Jan 26 15:47:38 UTC 2019 ]: 'BackBLAST.py -q Chl_ferrooxidans_KoFox_gene_targets.faa -r Chl_ferrooxidans_KoFox.faa -s Che_thalassium_ATCC_35110.faa -e 1e-40 -i 20 -o Chl_ferrooxidans_KoFox__to__Che_thalassium_ATCC_35110.csv 2>&1 | tee Chl_ferrooxidans_KoFox__to__Che_thalassium_ATCC_35110.log'
Opening /home/jmtsuji/Research_General/PhD/04b_Metagenome_resequencing_F2015/10_ATLAS_re_analysis/06_reciprocal_BLAST/vs3_cleaned_version/input_ORFs/Che_thalassium_ATCC_35110.faa...
>> Forward Blasting to subject proteome...
>> Creating Back-Blasting Query from found subject proteins...
>> Blasting backwards from subject genome to query genome.
>> Creating Graph...
>> Checking if forward hit subjects have better reciprocal hits than query.
>> Output file created.
>> Writing Data...
>> Done

[ Sat Jan 26 15:47:38 UTC 2019 ]: 'BackBLAST.py -q Chl_ferrooxidans_KoFox_gene_targets.faa -r Chl_ferrooxidans_KoFox.faa -s Chl_chlorochromatii_CaD3.faa -e 1e-40 -i 20 -o Chl_ferrooxidans_KoFox__to__Chl_chlorochromatii_CaD3.csv 2>&1 | tee Chl_ferrooxidans_KoFox__to__Chl_chlorochromatii_CaD3.log'
Opening /home/jmtsuji/Research_General/PhD/04b_Metagenome_resequencing_F2015/10_ATLAS_re_analysis/06_reciprocal_BLAST/vs3_cleaned_version/input_ORFs/Chl_chlorochromatii_CaD3.faa...
>> Forward Blasting to subject proteome...
>> No Forward hits in subject proteome were found.
>> Exiting.


[ Sat Jan 26 15:47:39 UTC 2019 ]: 'BackBLAST.py -q Chl_ferrooxidans_KoFox_gene_targets.faa -r Chl_ferrooxidans_KoFox.faa -s Chl_clathratiforme_BU_1.faa -e 1e-40 -i 20 -o Chl_ferrooxidans_KoFox__to__Chl_clathratiforme_BU_1.csv 2>&1 | tee Chl_ferrooxidans_KoFox__to__Chl_clathratiforme_BU_1.log'
Opening /home/jmtsuji/Research_General/PhD/04b_Metagenome_resequencing_F2015/10_ATLAS_re_analysis/06_reciprocal_BLAST/vs3_cleaned_version/input_ORFs/Chl_clathratiforme_BU_1.faa...
>> Forward Blasting to subject proteome...
>> Creating Back-Blasting Query from found subject proteins...
>> Blasting backwards from subject genome to query genome.
>> Creating Graph...
>> Checking if forward hit subjects have better reciprocal hits than query.
>> Output file created.
>> Writing Data...
>> Done

[ Sat Jan 26 15:47:39 UTC 2019 ]: 'BackBLAST.py -q Chl_ferrooxidans_KoFox_gene_targets.faa -r Chl_ferrooxidans_KoFox.faa -s Chl_ferrooxidans_KoFox.faa -e 1e-40 -i 20 -o Chl_ferrooxidans_KoFox__to__Chl_ferrooxidans_KoFox.csv 2>&1 | tee Chl_ferrooxidans_KoFox__to__Chl_ferrooxidans_KoFox.log'
Opening /home/jmtsuji/Research_General/PhD/04b_Metagenome_resequencing_F2015/10_ATLAS_re_analysis/06_reciprocal_BLAST/vs3_cleaned_version/input_ORFs/Chl_ferrooxidans_KoFox.faa...
>> Forward Blasting to subject proteome...
>> Creating Back-Blasting Query from found subject proteins...
>> Blasting backwards from subject genome to query genome.
>> Creating Graph...
>> Checking if forward hit subjects have better reciprocal hits than query.
>> Output file created.
>> Writing Data...
>> Done

[ Sat Jan 26 15:47:40 UTC 2019 ]: 'BackBLAST.py -q Chl_ferrooxidans_KoFox_gene_targets.faa -r Chl_ferrooxidans_KoFox.faa -s Chl_limicola_DSM_245.faa -e 1e-40 -i 20 -o Chl_ferrooxidans_KoFox__to__Chl_limicola_DSM_245.csv 2>&1 | tee Chl_ferrooxidans_KoFox__to__Chl_limicola_DSM_245.log'
Opening /home/jmtsuji/Research_General/PhD/04b_Metagenome_resequencing_F2015/10_ATLAS_re_analysis/06_reciprocal_BLAST/vs3_cleaned_version/input_ORFs/Chl_limicola_DSM_245.faa...
>> Forward Blasting to subject proteome...
>> Creating Back-Blasting Query from found subject proteins...
>> Blasting backwards from subject genome to query genome.
>> Creating Graph...
>> Checking if forward hit subjects have better reciprocal hits than query.
>> Output file created.
>> Writing Data...
>> Done

[ Sat Jan 26 15:47:40 UTC 2019 ]: 'BackBLAST.py -q Chl_ferrooxidans_KoFox_gene_targets.faa -r Chl_ferrooxidans_KoFox.faa -s Chl_luteolum_DSM_273.faa -e 1e-40 -i 20 -o Chl_ferrooxidans_KoFox__to__Chl_luteolum_DSM_273.csv 2>&1 | tee Chl_ferrooxidans_KoFox__to__Chl_luteolum_DSM_273.log'
Opening /home/jmtsuji/Research_General/PhD/04b_Metagenome_resequencing_F2015/10_ATLAS_re_analysis/06_reciprocal_BLAST/vs3_cleaned_version/input_ORFs/Chl_luteolum_DSM_273.faa...
>> Forward Blasting to subject proteome...
>> Creating Back-Blasting Query from found subject proteins...
>> Blasting backwards from subject genome to query genome.
>> Creating Graph...
>> Checking if forward hit subjects have better reciprocal hits than query.
>> Output file created.
>> Writing Data...
>> Done

[ Sat Jan 26 15:47:41 UTC 2019 ]: 'BackBLAST.py -q Chl_ferrooxidans_KoFox_gene_targets.faa -r Chl_ferrooxidans_KoFox.faa -s Chl_phaeobacteroides_BS1.faa -e 1e-40 -i 20 -o Chl_ferrooxidans_KoFox__to__Chl_phaeobacteroides_BS1.csv 2>&1 | tee Chl_ferrooxidans_KoFox__to__Chl_phaeobacteroides_BS1.log'
Opening /home/jmtsuji/Research_General/PhD/04b_Metagenome_resequencing_F2015/10_ATLAS_re_analysis/06_reciprocal_BLAST/vs3_cleaned_version/input_ORFs/Chl_phaeobacteroides_BS1.faa...
>> Forward Blasting to subject proteome...
>> Creating Back-Blasting Query from found subject proteins...
>> Blasting backwards from subject genome to query genome.
>> Creating Graph...
>> Checking if forward hit subjects have better reciprocal hits than query.
>> Output file created.
>> Writing Data...
>> Done

[ Sat Jan 26 15:47:42 UTC 2019 ]: 'BackBLAST.py -q Chl_ferrooxidans_KoFox_gene_targets.faa -r Chl_ferrooxidans_KoFox.faa -s Chl_phaeobacteroides_DSM_266.faa -e 1e-40 -i 20 -o Chl_ferrooxidans_KoFox__to__Chl_phaeobacteroides_DSM_266.csv 2>&1 | tee Chl_ferrooxidans_KoFox__to__Chl_phaeobacteroides_DSM_266.log'
Opening /home/jmtsuji/Research_General/PhD/04b_Metagenome_resequencing_F2015/10_ATLAS_re_analysis/06_reciprocal_BLAST/vs3_cleaned_version/input_ORFs/Chl_phaeobacteroides_DSM_266.faa...
>> Forward Blasting to subject proteome...
>> Creating Back-Blasting Query from found subject proteins...
>> Blasting backwards from subject genome to query genome.
>> Creating Graph...
>> Checking if forward hit subjects have better reciprocal hits than query.
>> Output file created.
>> Writing Data...
>> Done

[ Sat Jan 26 15:47:43 UTC 2019 ]: 'BackBLAST.py -q Chl_ferrooxidans_KoFox_gene_targets.faa -r Chl_ferrooxidans_KoFox.faa -s Chl_phaeoferrooxidans_KB01.faa -e 1e-40 -i 20 -o Chl_ferrooxidans_KoFox__to__Chl_phaeoferrooxidans_KB01.csv 2>&1 | tee Chl_ferrooxidans_KoFox__to__Chl_phaeoferrooxidans_KB01.log'
Opening /home/jmtsuji/Research_General/PhD/04b_Metagenome_resequencing_F2015/10_ATLAS_re_analysis/06_reciprocal_BLAST/vs3_cleaned_version/input_ORFs/Chl_phaeoferrooxidans_KB01.faa...
>> Forward Blasting to subject proteome...
>> Creating Back-Blasting Query from found subject proteins...
>> Blasting backwards from subject genome to query genome.
>> Creating Graph...
>> Checking if forward hit subjects have better reciprocal hits than query.
>> Output file created.
>> Writing Data...
>> Done

[ Sat Jan 26 15:47:43 UTC 2019 ]: 'BackBLAST.py -q Chl_ferrooxidans_KoFox_gene_targets.faa -r Chl_ferrooxidans_KoFox.faa -s Chl_phaeovibrioides_DSM_265.faa -e 1e-40 -i 20 -o Chl_ferrooxidans_KoFox__to__Chl_phaeovibrioides_DSM_265.csv 2>&1 | tee Chl_ferrooxidans_KoFox__to__Chl_phaeovibrioides_DSM_265.log'
Opening /home/jmtsuji/Research_General/PhD/04b_Metagenome_resequencing_F2015/10_ATLAS_re_analysis/06_reciprocal_BLAST/vs3_cleaned_version/input_ORFs/Chl_phaeovibrioides_DSM_265.faa...
>> Forward Blasting to subject proteome...
>> Creating Back-Blasting Query from found subject proteins...
>> Blasting backwards from subject genome to query genome.
>> Creating Graph...
>> Checking if forward hit subjects have better reciprocal hits than query.
>> Output file created.
>> Writing Data...
>> Done

[ Sat Jan 26 15:47:44 UTC 2019 ]: 'BackBLAST.py -q Chl_ferrooxidans_KoFox_gene_targets.faa -r Chl_ferrooxidans_KoFox.faa -s Chl_tepidum_TLS.faa -e 1e-40 -i 20 -o Chl_ferrooxidans_KoFox__to__Chl_tepidum_TLS.csv 2>&1 | tee Chl_ferrooxidans_KoFox__to__Chl_tepidum_TLS.log'
Opening /home/jmtsuji/Research_General/PhD/04b_Metagenome_resequencing_F2015/10_ATLAS_re_analysis/06_reciprocal_BLAST/vs3_cleaned_version/input_ORFs/Chl_tepidum_TLS.faa...
>> Forward Blasting to subject proteome...
>> Creating Back-Blasting Query from found subject proteins...
>> Blasting backwards from subject genome to query genome.
>> Creating Graph...
>> Checking if forward hit subjects have better reciprocal hits than query.
>> Output file created.
>> Writing Data...
>> Done

[ Sat Jan 26 15:47:44 UTC 2019 ]: 'BackBLAST.py -q Chl_ferrooxidans_KoFox_gene_targets.faa -r Chl_ferrooxidans_KoFox.faa -s Ignavibacterium_album_JCM_16511_outgroup.faa -e 1e-40 -i 20 -o Chl_ferrooxidans_KoFox__to__Ignavibacterium_album_JCM_16511_outgroup.csv 2>&1 | tee Chl_ferrooxidans_KoFox__to__Ignavibacterium_album_JCM_16511_outgroup.log'
Opening /home/jmtsuji/Research_General/PhD/04b_Metagenome_resequencing_F2015/10_ATLAS_re_analysis/06_reciprocal_BLAST/vs3_cleaned_version/input_ORFs/Ignavibacterium_album_JCM_16511_outgroup.faa...
>> Forward Blasting to subject proteome...
>> Creating Back-Blasting Query from found subject proteins...
>> Blasting backwards from subject genome to query genome.
>> Creating Graph...
>> Checking if forward hit subjects have better reciprocal hits than query.
>> Output file created.
>> Writing Data...
>> Done

[ Sat Jan 26 15:47:45 UTC 2019 ]: 'BackBLAST.py -q Chl_ferrooxidans_KoFox_gene_targets.faa -r Chl_ferrooxidans_KoFox.faa -s L227_2013_bin_22.faa -e 1e-40 -i 20 -o Chl_ferrooxidans_KoFox__to__L227_2013_bin_22.csv 2>&1 | tee Chl_ferrooxidans_KoFox__to__L227_2013_bin_22.log'
Opening /home/jmtsuji/Research_General/PhD/04b_Metagenome_resequencing_F2015/10_ATLAS_re_analysis/06_reciprocal_BLAST/vs3_cleaned_version/input_ORFs/L227_2013_bin_22.faa...
>> Forward Blasting to subject proteome...
>> Creating Back-Blasting Query from found subject proteins...
>> Blasting backwards from subject genome to query genome.
>> Creating Graph...
>> Checking if forward hit subjects have better reciprocal hits than query.
>> Output file created.
>> Writing Data...
>> Done

[ Sat Jan 26 15:47:46 UTC 2019 ]: 'BackBLAST.py -q Chl_ferrooxidans_KoFox_gene_targets.faa -r Chl_ferrooxidans_KoFox.faa -s L227_2013_bin_55.faa -e 1e-40 -i 20 -o Chl_ferrooxidans_KoFox__to__L227_2013_bin_55.csv 2>&1 | tee Chl_ferrooxidans_KoFox__to__L227_2013_bin_55.log'
Opening /home/jmtsuji/Research_General/PhD/04b_Metagenome_resequencing_F2015/10_ATLAS_re_analysis/06_reciprocal_BLAST/vs3_cleaned_version/input_ORFs/L227_2013_bin_55.faa...
>> Forward Blasting to subject proteome...
>> Creating Back-Blasting Query from found subject proteins...
>> Blasting backwards from subject genome to query genome.
>> Creating Graph...
>> Checking if forward hit subjects have better reciprocal hits than query.
>> Output file created.
>> Writing Data...
>> Done

[ Sat Jan 26 15:47:46 UTC 2019 ]: 'BackBLAST.py -q Chl_ferrooxidans_KoFox_gene_targets.faa -r Chl_ferrooxidans_KoFox.faa -s L227_2013_bin_56.faa -e 1e-40 -i 20 -o Chl_ferrooxidans_KoFox__to__L227_2013_bin_56.csv 2>&1 | tee Chl_ferrooxidans_KoFox__to__L227_2013_bin_56.log'
Opening /home/jmtsuji/Research_General/PhD/04b_Metagenome_resequencing_F2015/10_ATLAS_re_analysis/06_reciprocal_BLAST/vs3_cleaned_version/input_ORFs/L227_2013_bin_56.faa...
>> Forward Blasting to subject proteome...
>> Creating Back-Blasting Query from found subject proteins...
>> Blasting backwards from subject genome to query genome.
>> Creating Graph...
>> Checking if forward hit subjects have better reciprocal hits than query.
>> Output file created.
>> Writing Data...
>> Done

[ Sat Jan 26 15:47:47 UTC 2019 ]: 'BackBLAST.py -q Chl_ferrooxidans_KoFox_gene_targets.faa -r Chl_ferrooxidans_KoFox.faa -s L227_enrichment_S_6D.faa -e 1e-40 -i 20 -o Chl_ferrooxidans_KoFox__to__L227_enrichment_S_6D.csv 2>&1 | tee Chl_ferrooxidans_KoFox__to__L227_enrichment_S_6D.log'
Opening /home/jmtsuji/Research_General/PhD/04b_Metagenome_resequencing_F2015/10_ATLAS_re_analysis/06_reciprocal_BLAST/vs3_cleaned_version/input_ORFs/L227_enrichment_S_6D.faa...
>> Forward Blasting to subject proteome...
>> Creating Back-Blasting Query from found subject proteins...
>> Blasting backwards from subject genome to query genome.
>> Creating Graph...
>> Checking if forward hit subjects have better reciprocal hits than query.
>> Output file created.
>> Writing Data...
>> Done

[ Sat Jan 26 15:47:47 UTC 2019 ]: 'BackBLAST.py -q Chl_ferrooxidans_KoFox_gene_targets.faa -r Chl_ferrooxidans_KoFox.faa -s L304_enrichment_S_6D.faa -e 1e-40 -i 20 -o Chl_ferrooxidans_KoFox__to__L304_enrichment_S_6D.csv 2>&1 | tee Chl_ferrooxidans_KoFox__to__L304_enrichment_S_6D.log'
Opening /home/jmtsuji/Research_General/PhD/04b_Metagenome_resequencing_F2015/10_ATLAS_re_analysis/06_reciprocal_BLAST/vs3_cleaned_version/input_ORFs/L304_enrichment_S_6D.faa...
>> Forward Blasting to subject proteome...
>> Creating Back-Blasting Query from found subject proteins...
>> Blasting backwards from subject genome to query genome.
>> Creating Graph...
>> Checking if forward hit subjects have better reciprocal hits than query.
>> Output file created.
>> Writing Data...
>> Done

[ Sat Jan 26 15:47:48 UTC 2019 ]: 'BackBLAST.py -q Chl_ferrooxidans_KoFox_gene_targets.faa -r Chl_ferrooxidans_KoFox.faa -s L442_bin_64.faa -e 1e-40 -i 20 -o Chl_ferrooxidans_KoFox__to__L442_bin_64.csv 2>&1 | tee Chl_ferrooxidans_KoFox__to__L442_bin_64.log'
Opening /home/jmtsuji/Research_General/PhD/04b_Metagenome_resequencing_F2015/10_ATLAS_re_analysis/06_reciprocal_BLAST/vs3_cleaned_version/input_ORFs/L442_bin_64.faa...
>> Forward Blasting to subject proteome...
>> Creating Back-Blasting Query from found subject proteins...
>> Blasting backwards from subject genome to query genome.
>> Creating Graph...
>> Checking if forward hit subjects have better reciprocal hits than query.
>> Output file created.
>> Writing Data...
>> Done

[ Sat Jan 26 15:47:49 UTC 2019 ]: 'BackBLAST.py -q Chl_ferrooxidans_KoFox_gene_targets.faa -r Chl_ferrooxidans_KoFox.faa -s Ptc_aestuarii_DSM_271.faa -e 1e-40 -i 20 -o Chl_ferrooxidans_KoFox__to__Ptc_aestuarii_DSM_271.csv 2>&1 | tee Chl_ferrooxidans_KoFox__to__Ptc_aestuarii_DSM_271.log'
Opening /home/jmtsuji/Research_General/PhD/04b_Metagenome_resequencing_F2015/10_ATLAS_re_analysis/06_reciprocal_BLAST/vs3_cleaned_version/input_ORFs/Ptc_aestuarii_DSM_271.faa...
>> Forward Blasting to subject proteome...
>> Creating Back-Blasting Query from found subject proteins...
>> Blasting backwards from subject genome to query genome.
>> Creating Graph...
>> Checking if forward hit subjects have better reciprocal hits than query.
>> Output file created.
>> Writing Data...
>> Done

[ Sat Jan 26 15:48:42 UTC 2019 ]: Finished.

