>>>>>>>>>>>>>>>>>>
Reference = [/Analysis/jmtsuji/Hippodrome_legacy/180123_ELA111314_atlas_r1.0.22_plus_full/post-analysis/16_190513_re_analysis_with_Chl_N1/chlorobia-cyc2-genomics/Data_analysis_pipeline/06_comparative_genomics/06_ANI/inputs/L227_2013_bin55.fna.gz, /Analysis/jmtsuji/Hippodrome_legacy/180123_ELA111314_atlas_r1.0.22_plus_full/post-analysis/16_190513_re_analysis_with_Chl_N1/chlorobia-cyc2-genomics/Data_analysis_pipeline/06_comparative_genomics/06_ANI/inputs/L227_2013_bin22.fna.gz, /Analysis/jmtsuji/Hippodrome_legacy/180123_ELA111314_atlas_r1.0.22_plus_full/post-analysis/16_190513_re_analysis_with_Chl_N1/chlorobia-cyc2-genomics/Data_analysis_pipeline/06_comparative_genomics/06_ANI/inputs/Chl_sp_N1.fna.gz, /Analysis/jmtsuji/Hippodrome_legacy/180123_ELA111314_atlas_r1.0.22_plus_full/post-analysis/16_190513_re_analysis_with_Chl_N1/chlorobia-cyc2-genomics/Data_analysis_pipeline/06_comparative_genomics/06_ANI/inputs/Ptc_aestuarii_DSM_271.fna.gz, /Analysis/jmtsuji/Hippodrome_legacy/180123_ELA111314_atlas_r1.0.22_plus_full/post-analysis/16_190513_re_analysis_with_Chl_N1/chlorobia-cyc2-genomics/Data_analysis_pipeline/06_comparative_genomics/06_ANI/inputs/Chl_ferrooxidans_KoFox.fna.gz, /Analysis/jmtsuji/Hippodrome_legacy/180123_ELA111314_atlas_r1.0.22_plus_full/post-analysis/16_190513_re_analysis_with_Chl_N1/chlorobia-cyc2-genomics/Data_analysis_pipeline/06_comparative_genomics/06_ANI/inputs/Chl_chlorochromatii_CaD3.fna.gz, /Analysis/jmtsuji/Hippodrome_legacy/180123_ELA111314_atlas_r1.0.22_plus_full/post-analysis/16_190513_re_analysis_with_Chl_N1/chlorobia-cyc2-genomics/Data_analysis_pipeline/06_comparative_genomics/06_ANI/inputs/Chl_phaeoferrooxidans_KB01.fna.gz, /Analysis/jmtsuji/Hippodrome_legacy/180123_ELA111314_atlas_r1.0.22_plus_full/post-analysis/16_190513_re_analysis_with_Chl_N1/chlorobia-cyc2-genomics/Data_analysis_pipeline/06_comparative_genomics/06_ANI/inputs/Chl_limicola_DSM_245.fna.gz, /Analysis/jmtsuji/Hippodrome_legacy/180123_ELA111314_atlas_r1.0.22_plus_full/post-analysis/16_190513_re_analysis_with_Chl_N1/chlorobia-cyc2-genomics/Data_analysis_pipeline/06_comparative_genomics/06_ANI/inputs/Chl_phaeobacteroides_BS1.fna.gz, /Analysis/jmtsuji/Hippodrome_legacy/180123_ELA111314_atlas_r1.0.22_plus_full/post-analysis/16_190513_re_analysis_with_Chl_N1/chlorobia-cyc2-genomics/Data_analysis_pipeline/06_comparative_genomics/06_ANI/inputs/Chl_clathratiforme_BU_1.fna.gz, /Analysis/jmtsuji/Hippodrome_legacy/180123_ELA111314_atlas_r1.0.22_plus_full/post-analysis/16_190513_re_analysis_with_Chl_N1/chlorobia-cyc2-genomics/Data_analysis_pipeline/06_comparative_genomics/06_ANI/inputs/Chl_phaeovibrioides_DSM_265.fna.gz, /Analysis/jmtsuji/Hippodrome_legacy/180123_ELA111314_atlas_r1.0.22_plus_full/post-analysis/16_190513_re_analysis_with_Chl_N1/chlorobia-cyc2-genomics/Data_analysis_pipeline/06_comparative_genomics/06_ANI/inputs/Chl_phaeobacteroides_DSM_266.fna.gz, /Analysis/jmtsuji/Hippodrome_legacy/180123_ELA111314_atlas_r1.0.22_plus_full/post-analysis/16_190513_re_analysis_with_Chl_N1/chlorobia-cyc2-genomics/Data_analysis_pipeline/06_comparative_genomics/06_ANI/inputs/Chl_tepidum_TLS.fna.gz, /Analysis/jmtsuji/Hippodrome_legacy/180123_ELA111314_atlas_r1.0.22_plus_full/post-analysis/16_190513_re_analysis_with_Chl_N1/chlorobia-cyc2-genomics/Data_analysis_pipeline/06_comparative_genomics/06_ANI/inputs/Chl_luteolum_DSM_273.fna.gz, /Analysis/jmtsuji/Hippodrome_legacy/180123_ELA111314_atlas_r1.0.22_plus_full/post-analysis/16_190513_re_analysis_with_Chl_N1/chlorobia-cyc2-genomics/Data_analysis_pipeline/06_comparative_genomics/06_ANI/inputs/Che_thalassium_ATCC_35110.fna.gz, /Analysis/jmtsuji/Hippodrome_legacy/180123_ELA111314_atlas_r1.0.22_plus_full/post-analysis/16_190513_re_analysis_with_Chl_N1/chlorobia-cyc2-genomics/Data_analysis_pipeline/06_comparative_genomics/06_ANI/inputs/L227_enr_S_6D_bin01.fna.gz, /Analysis/jmtsuji/Hippodrome_legacy/180123_ELA111314_atlas_r1.0.22_plus_full/post-analysis/16_190513_re_analysis_with_Chl_N1/chlorobia-cyc2-genomics/Data_analysis_pipeline/06_comparative_genomics/06_ANI/inputs/L442_2011_2014_bin64.fna.gz, /Analysis/jmtsuji/Hippodrome_legacy/180123_ELA111314_atlas_r1.0.22_plus_full/post-analysis/16_190513_re_analysis_with_Chl_N1/chlorobia-cyc2-genomics/Data_analysis_pipeline/06_comparative_genomics/06_ANI/inputs/Ignavibacterium_album_JCM_16511_outgroup.fna.gz, /Analysis/jmtsuji/Hippodrome_legacy/180123_ELA111314_atlas_r1.0.22_plus_full/post-analysis/16_190513_re_analysis_with_Chl_N1/chlorobia-cyc2-genomics/Data_analysis_pipeline/06_comparative_genomics/06_ANI/inputs/L304_enr_S_6D_bin01.fna.gz, /Analysis/jmtsuji/Hippodrome_legacy/180123_ELA111314_atlas_r1.0.22_plus_full/post-analysis/16_190513_re_analysis_with_Chl_N1/chlorobia-cyc2-genomics/Data_analysis_pipeline/06_comparative_genomics/06_ANI/inputs/Cba_parvum_NCIB_8327.fna.gz, /Analysis/jmtsuji/Hippodrome_legacy/180123_ELA111314_atlas_r1.0.22_plus_full/post-analysis/16_190513_re_analysis_with_Chl_N1/chlorobia-cyc2-genomics/Data_analysis_pipeline/06_comparative_genomics/06_ANI/inputs/L227_2013_bin56.fna.gz]
Query = [/Analysis/jmtsuji/Hippodrome_legacy/180123_ELA111314_atlas_r1.0.22_plus_full/post-analysis/16_190513_re_analysis_with_Chl_N1/chlorobia-cyc2-genomics/Data_analysis_pipeline/06_comparative_genomics/06_ANI/inputs/L227_2013_bin55.fna.gz, /Analysis/jmtsuji/Hippodrome_legacy/180123_ELA111314_atlas_r1.0.22_plus_full/post-analysis/16_190513_re_analysis_with_Chl_N1/chlorobia-cyc2-genomics/Data_analysis_pipeline/06_comparative_genomics/06_ANI/inputs/L227_2013_bin22.fna.gz, /Analysis/jmtsuji/Hippodrome_legacy/180123_ELA111314_atlas_r1.0.22_plus_full/post-analysis/16_190513_re_analysis_with_Chl_N1/chlorobia-cyc2-genomics/Data_analysis_pipeline/06_comparative_genomics/06_ANI/inputs/Chl_sp_N1.fna.gz, /Analysis/jmtsuji/Hippodrome_legacy/180123_ELA111314_atlas_r1.0.22_plus_full/post-analysis/16_190513_re_analysis_with_Chl_N1/chlorobia-cyc2-genomics/Data_analysis_pipeline/06_comparative_genomics/06_ANI/inputs/Ptc_aestuarii_DSM_271.fna.gz, /Analysis/jmtsuji/Hippodrome_legacy/180123_ELA111314_atlas_r1.0.22_plus_full/post-analysis/16_190513_re_analysis_with_Chl_N1/chlorobia-cyc2-genomics/Data_analysis_pipeline/06_comparative_genomics/06_ANI/inputs/Chl_ferrooxidans_KoFox.fna.gz, /Analysis/jmtsuji/Hippodrome_legacy/180123_ELA111314_atlas_r1.0.22_plus_full/post-analysis/16_190513_re_analysis_with_Chl_N1/chlorobia-cyc2-genomics/Data_analysis_pipeline/06_comparative_genomics/06_ANI/inputs/Chl_chlorochromatii_CaD3.fna.gz, /Analysis/jmtsuji/Hippodrome_legacy/180123_ELA111314_atlas_r1.0.22_plus_full/post-analysis/16_190513_re_analysis_with_Chl_N1/chlorobia-cyc2-genomics/Data_analysis_pipeline/06_comparative_genomics/06_ANI/inputs/Chl_phaeoferrooxidans_KB01.fna.gz, /Analysis/jmtsuji/Hippodrome_legacy/180123_ELA111314_atlas_r1.0.22_plus_full/post-analysis/16_190513_re_analysis_with_Chl_N1/chlorobia-cyc2-genomics/Data_analysis_pipeline/06_comparative_genomics/06_ANI/inputs/Chl_limicola_DSM_245.fna.gz, /Analysis/jmtsuji/Hippodrome_legacy/180123_ELA111314_atlas_r1.0.22_plus_full/post-analysis/16_190513_re_analysis_with_Chl_N1/chlorobia-cyc2-genomics/Data_analysis_pipeline/06_comparative_genomics/06_ANI/inputs/Chl_phaeobacteroides_BS1.fna.gz, /Analysis/jmtsuji/Hippodrome_legacy/180123_ELA111314_atlas_r1.0.22_plus_full/post-analysis/16_190513_re_analysis_with_Chl_N1/chlorobia-cyc2-genomics/Data_analysis_pipeline/06_comparative_genomics/06_ANI/inputs/Chl_clathratiforme_BU_1.fna.gz, /Analysis/jmtsuji/Hippodrome_legacy/180123_ELA111314_atlas_r1.0.22_plus_full/post-analysis/16_190513_re_analysis_with_Chl_N1/chlorobia-cyc2-genomics/Data_analysis_pipeline/06_comparative_genomics/06_ANI/inputs/Chl_phaeovibrioides_DSM_265.fna.gz, /Analysis/jmtsuji/Hippodrome_legacy/180123_ELA111314_atlas_r1.0.22_plus_full/post-analysis/16_190513_re_analysis_with_Chl_N1/chlorobia-cyc2-genomics/Data_analysis_pipeline/06_comparative_genomics/06_ANI/inputs/Chl_phaeobacteroides_DSM_266.fna.gz, /Analysis/jmtsuji/Hippodrome_legacy/180123_ELA111314_atlas_r1.0.22_plus_full/post-analysis/16_190513_re_analysis_with_Chl_N1/chlorobia-cyc2-genomics/Data_analysis_pipeline/06_comparative_genomics/06_ANI/inputs/Chl_tepidum_TLS.fna.gz, /Analysis/jmtsuji/Hippodrome_legacy/180123_ELA111314_atlas_r1.0.22_plus_full/post-analysis/16_190513_re_analysis_with_Chl_N1/chlorobia-cyc2-genomics/Data_analysis_pipeline/06_comparative_genomics/06_ANI/inputs/Chl_luteolum_DSM_273.fna.gz, /Analysis/jmtsuji/Hippodrome_legacy/180123_ELA111314_atlas_r1.0.22_plus_full/post-analysis/16_190513_re_analysis_with_Chl_N1/chlorobia-cyc2-genomics/Data_analysis_pipeline/06_comparative_genomics/06_ANI/inputs/Che_thalassium_ATCC_35110.fna.gz, /Analysis/jmtsuji/Hippodrome_legacy/180123_ELA111314_atlas_r1.0.22_plus_full/post-analysis/16_190513_re_analysis_with_Chl_N1/chlorobia-cyc2-genomics/Data_analysis_pipeline/06_comparative_genomics/06_ANI/inputs/L227_enr_S_6D_bin01.fna.gz, /Analysis/jmtsuji/Hippodrome_legacy/180123_ELA111314_atlas_r1.0.22_plus_full/post-analysis/16_190513_re_analysis_with_Chl_N1/chlorobia-cyc2-genomics/Data_analysis_pipeline/06_comparative_genomics/06_ANI/inputs/L442_2011_2014_bin64.fna.gz, /Analysis/jmtsuji/Hippodrome_legacy/180123_ELA111314_atlas_r1.0.22_plus_full/post-analysis/16_190513_re_analysis_with_Chl_N1/chlorobia-cyc2-genomics/Data_analysis_pipeline/06_comparative_genomics/06_ANI/inputs/Ignavibacterium_album_JCM_16511_outgroup.fna.gz, /Analysis/jmtsuji/Hippodrome_legacy/180123_ELA111314_atlas_r1.0.22_plus_full/post-analysis/16_190513_re_analysis_with_Chl_N1/chlorobia-cyc2-genomics/Data_analysis_pipeline/06_comparative_genomics/06_ANI/inputs/L304_enr_S_6D_bin01.fna.gz, /Analysis/jmtsuji/Hippodrome_legacy/180123_ELA111314_atlas_r1.0.22_plus_full/post-analysis/16_190513_re_analysis_with_Chl_N1/chlorobia-cyc2-genomics/Data_analysis_pipeline/06_comparative_genomics/06_ANI/inputs/Cba_parvum_NCIB_8327.fna.gz, /Analysis/jmtsuji/Hippodrome_legacy/180123_ELA111314_atlas_r1.0.22_plus_full/post-analysis/16_190513_re_analysis_with_Chl_N1/chlorobia-cyc2-genomics/Data_analysis_pipeline/06_comparative_genomics/06_ANI/inputs/L227_2013_bin56.fna.gz]
Kmer size = 16
Fragment length = 3000
Threads = 2
ANI output file = Chlorobia_FastANI_results.txt
>>>>>>>>>>>>>>>>>>
INFO [thread 0], skch::Sketch::build, minimizers picked from reference = 2128629
INFO [thread 0], skch::Sketch::index, unique minimizers = 1952020
INFO [thread 0], skch::Sketch::computeFreqHist, Frequency histogram of minimizers = (1, 1812344) ... (172, 1)
INFO [thread 0], skch::Sketch::computeFreqHist, With threshold 0.001%, ignore minimizers occurring >= 71 times during lookup.
INFO [thread 0], skch::main, Time spent sketching the reference : 2.45286 sec
INFO [thread 0], skch::main, Time spent mapping fragments in query #1 : 0.832775 sec
INFO [thread 0], skch::main, Time spent post mapping : 0.000367257 sec
INFO [thread 0], skch::main, Time spent mapping fragments in query #2 : 0.615955 sec
INFO [thread 0], skch::main, Time spent post mapping : 0.000322699 sec
INFO [thread 0], skch::main, Time spent mapping fragments in query #3 : 0.676691 sec
INFO [thread 0], skch::main, Time spent post mapping : 0.000294341 sec
INFO [thread 0], skch::main, Time spent mapping fragments in query #4 : 0.423435 sec
INFO [thread 0], skch::main, Time spent post mapping : 0.000153855 sec
INFO [thread 0], skch::main, Time spent mapping fragments in query #5 : 1.23758 sec
INFO [thread 0], skch::main, Time spent post mapping : 0.000688348 sec
INFO [thread 0], skch::main, Time spent mapping fragments in query #6 : 0.41419 sec
INFO [thread 0], skch::main, Time spent post mapping : 0.000117743 sec
INFO [thread 0], skch::main, Time spent mapping fragments in query #7 : 1.37714 sec
INFO [thread 0], skch::main, Time spent post mapping : 0.000829591 sec
INFO [thread 0], skch::main, Time spent mapping fragments in query #8 : 0.800048 sec
INFO [thread 0], skch::main, Time spent post mapping : 0.000351867 sec
INFO [thread 0], skch::main, Time spent mapping fragments in query #9 : 1.46254 sec
INFO [thread 0], skch::main, Time spent post mapping : 0.000490048 sec
INFO [thread 0], skch::main, Time spent mapping fragments in query #10 : 0.752358 sec
INFO [thread 0], skch::main, Time spent post mapping : 0.0004373 sec
INFO [thread 0], skch::main, Time spent mapping fragments in query #11 : 0.662398 sec
INFO [thread 0], skch::main, Time spent post mapping : 0.000335911 sec
INFO [thread 0], skch::main, Time spent mapping fragments in query #12 : 0.587238 sec
INFO [thread 0], skch::main, Time spent post mapping : 0.000283615 sec
INFO [thread 0], skch::main, Time spent mapping fragments in query #13 : 0.634697 sec
INFO [thread 0], skch::main, Time spent post mapping : 0.000294835 sec
INFO [thread 0], skch::main, Time spent mapping fragments in query #14 : 0.664652 sec
INFO [thread 0], skch::main, Time spent post mapping : 0.000359427 sec
INFO [thread 0], skch::main, Time spent mapping fragments in query #15 : 0.642942 sec
INFO [thread 0], skch::main, Time spent post mapping : 0.000192893 sec
INFO [thread 0], skch::main, Time spent mapping fragments in query #16 : 0.607855 sec
INFO [thread 0], skch::main, Time spent post mapping : 0.000388136 sec
INFO [thread 0], skch::main, Time spent mapping fragments in query #17 : 0.531949 sec
INFO [thread 0], skch::main, Time spent post mapping : 0.000337092 sec
INFO [thread 0], skch::main, Time spent mapping fragments in query #18 : 0.263085 sec
INFO [thread 0], skch::main, Time spent post mapping : 1.7123e-05 sec
INFO [thread 0], skch::main, Time spent mapping fragments in query #19 : 0.72531 sec
INFO [thread 0], skch::main, Time spent post mapping : 0.000351058 sec
INFO [thread 0], skch::main, Time spent mapping fragments in query #20 : 0.581743 sec
INFO [thread 0], skch::main, Time spent post mapping : 0.000337923 sec
INFO [thread 0], skch::main, Time spent mapping fragments in query #21 : 0.495984 sec
INFO [thread 0], skch::main, Time spent post mapping : 0.000256505 sec
