Command run: metannotate-wrapper-docker sequence /home/linuxbrew/orf_files /home/linuxbrew/hmm_files
Accessing metannotate-wrapper with settings for Docker container...
Running metannotate-wrapper version 0.9.2 on 181205 (yymmdd).
Command run: metannotate-wrapper /home/linuxbrew/MetAnnotate /home/linuxbrew/databases sequence /home/linuxbrew/orf_files /home/linuxbrew/hmm_files /home/linuxbrew/output

WARNING: temp directory '/home/linuxbrew/output/tmp' already exists. Old temporary files may be overwritten in this run.
Found 8 open reading frame (ORF) prediction files to run MetAnnotate on.
Found 11 HMM files as queries for MetAnnotate.

ORF prediction files being scanned:
   L227-2013-6m_QC_R1.frag.faa
   L227-2013-8m_QC_R1.frag.faa
   L227-2014-6m_QC_R1.frag.faa
   L227-2014-8m_QC_R1.frag.faa
   L227_S_6D_QC_R1.frag.faa
   L304_S_6D_QC_R1.frag.faa
   L442-2011-16-5m_QC_R1.frag.faa
   L442-2014-15m_QC_R1.frag.faa


Lengths of HMM being run (ID: length):
   cyc2_3GSB.hmm: LENG  411
   cyc2_7GSB.hmm: LENG  416
   cyc2_reference_genomes.hmm: LENG  428
   cyc2_reference_genomes_plus4GSB.hmm: LENG  428
   dsrA.hmm: LENG  369
   BChl_A.hmm: LENG  353
   TIGR01115_pufM: LENG  305
   TIGR01281_bchL: LENG  268
   TIGR02019_bchJ: LENG  188
   rpoB.hmm: LENG  2842
   soxB.hmm: LENG  570


Running MetAnnotate using 20 threads for all samples against all HMMs. Saving run log to '/home/linuxbrew/output/metannotate.log'.
(Threads can be modified using file /home/linuxbrew/MetAnnotate/concurrency.txt.)
(All other values, e.g., e-value cutoffs, are defaults.)


metannotate-wrapper: finished. Output can be found in /home/linuxbrew/output. Can delete '/home/linuxbrew/output/tmp' if empty.
Started at Wed Dec  5 20:16:58 UTC 2018 and finished at Wed Dec  5 22:26:16 UTC 2018.

metannotate-wrapper-docker: done.

