R version 3.6.0 (2019-04-26)
Platform: x86_64-pc-linux-gnu (64-bit)
Running under: Ubuntu 18.04.2 LTS

Matrix products: default
BLAS:   /usr/lib/x86_64-linux-gnu/blas/libblas.so.3.7.1
LAPACK: /usr/lib/x86_64-linux-gnu/lapack/liblapack.so.3.7.1

locale:
 [1] LC_CTYPE=en_CA.UTF-8       LC_NUMERIC=C               LC_TIME=en_CA.UTF-8        LC_COLLATE=en_CA.UTF-8    
 [5] LC_MONETARY=en_CA.UTF-8    LC_MESSAGES=en_CA.UTF-8    LC_PAPER=en_CA.UTF-8       LC_NAME=C                 
 [9] LC_ADDRESS=C               LC_TELEPHONE=C             LC_MEASUREMENT=en_CA.UTF-8 LC_IDENTIFICATION=C       

attached base packages:
[1] stats     graphics  grDevices utils     datasets  methods   base     

other attached packages:
 [1] bindrcpp_0.2.2      egg_0.4.2           gridExtra_2.3       reshape2_1.4.3      phytools_0.6-60     maps_3.3.0         
 [7] ape_5.2             ggtree_1.14.2       ggplot2_3.1.0       dplyr_0.7.8         tibble_1.4.2        plyr_1.8.4         
[13] glue_1.3.0          futile.logger_1.4.3 here_0.1           

loaded via a namespace (and not attached):
 [1] phangorn_2.4.0          treeio_1.6.0            tidyselect_0.2.5        purrr_0.2.5             lattice_0.20-38        
 [6] colorspace_1.3-2        expm_0.999-3            yaml_2.2.0              rlang_0.3.0.1           pillar_1.3.0           
[11] withr_2.1.2             lambda.r_1.2.3          rvcheck_0.1.1           bindr_0.1.1             stringr_1.3.1          
[16] munsell_0.5.0           combinat_0.0-8          gtable_0.2.0            coda_0.19-2             labeling_0.3           
[21] parallel_3.6.0          Rcpp_1.0.0              scales_1.0.0            backports_1.1.2         formatR_1.5            
[26] plotrix_3.7-4           clusterGeneration_1.3.4 scatterplot3d_0.3-41    jsonlite_1.5            fastmatch_1.1-0        
[31] mnormt_1.5-5            digest_0.6.18           stringi_1.2.4           animation_2.5           numDeriv_2016.8-1      
[36] grid_3.6.0              rprojroot_1.3-2         quadprog_1.5-5          tools_3.6.0             magrittr_1.5           
[41] lazyeval_0.2.1          futile.options_1.0.1    crayon_1.3.4            tidyr_0.8.2             pkgconfig_2.0.2        
[46] MASS_7.3-51.1           Matrix_1.2-15           tidytree_0.1.9          assertthat_0.2.0        rstudioapi_0.8         
[51] R6_2.3.0                igraph_1.2.2            nlme_3.1-137            compiler_3.6.0         
