Command run: metannotate-wrapper-docker sequence /home/linuxbrew/orf_files /home/linuxbrew/hmm_files
Accessing metannotate-wrapper with settings for Docker container...
Running metannotate-wrapper version 0.9.2 on 190524 (yymmdd).
Command run: metannotate-wrapper /home/linuxbrew/MetAnnotate /home/linuxbrew/databases sequence /home/linuxbrew/orf_files /home/linuxbrew/hmm_files /home/linuxbrew/output

Creating temp directory '/home/linuxbrew/output/tmp' for MetAnnotate
Found 81 open reading frame (ORF) prediction files to run MetAnnotate on.
Found 4 HMM files as queries for MetAnnotate.

ORF prediction files being scanned:
   CA_L227_2013_13.faa
   CA_L227_2013_15.faa
   CA_L227_2013_18.faa
   CA_L227_2013_23.faa
   CA_L227_2013_3.faa
   CA_L227_2013_30.faa
   CA_L227_2013_31.faa
   CA_L227_2013_43.faa
   CA_L227_2013_48.faa
   CA_L227_2013_49.faa
   CA_L227_2013_51.faa
   CA_L227_2013_6.faa
   CA_L227_2013_64.faa
   CA_L227_2013_65.faa
   CA_L227_2013_67.faa
   CA_L227_2013_78.faa
   CA_L227_2013_83.faa
   CA_L227_2014_106.faa
   CA_L227_2014_108.faa
   CA_L227_2014_13.faa
   CA_L227_2014_24.faa
   CA_L227_2014_37.faa
   CA_L227_2014_4.faa
   CA_L227_2014_46.faa
   CA_L227_2014_49.faa
   CA_L227_2014_52.faa
   CA_L227_2014_61.faa
   CA_L227_2014_88.faa
   CA_L227_2014_92.faa
   CA_L442_12.faa
   CA_L442_14.faa
   CA_L442_15.faa
   CA_L442_18.faa
   CA_L442_19.faa
   CA_L442_2.faa
   CA_L442_33.faa
   CA_L442_57.faa
   CA_L442_60.faa
   CA_L442_63.faa
   CA_L442_70.faa
   CA_L442_71.faa
   CA_L442_72.faa
   CA_L442_74.faa
   CA_L442_75.faa
   CA_L442_82.faa
   CA_L442_84.faa
   CA_L442_92.faa
   L227_2013_6m_007.faa
   L227_2013_8m_001.faa
   L227_2013_8m_005.faa
   L227_2013_8m_008.faa
   L227_2013_bin22.faa
   L227_2013_bin55.faa
   L227_2013_bin56.faa
   L227_2014_6m_005.faa
   L227_2014_6m_006.faa
   L227_2014_6m_011.faa
   L227_2014_6m_012.faa
   L227_2014_6m_013.faa
   L227_2014_6m_015.faa
   L227_2014_6m_034.faa
   L227_2014_8m_007.faa
   L227_2014_8m_009.faa
   L227_2014_8m_010.faa
   L227_S_6D_002.faa
   L227_S_6D_003.faa
   L227_enr_S_6D_bin01.faa
   L304_enr_S_6D_bin01.faa
   L442_2011_16_5m_003.faa
   L442_2011_16_5m_005.faa
   L442_2011_16_5m_006.faa
   L442_2011_16_5m_007.faa
   L442_2011_16_5m_008.faa
   L442_2011_16_5m_015.faa
   L442_2011_16_5m_018.faa
   L442_2011_16_5m_021.faa
   L442_2011_2014_bin64.faa
   L442_2014_15m_004.faa
   L442_2014_15m_009.faa
   L442_2014_15m_012.faa
   L442_2014_15m_013.faa


Lengths of HMM being run (ID: length):
   cyc2_Chlorobia.hmm: LENG  416
   cyc2_all_references.hmm: LENG  428
   dsrA.hmm: LENG  369
   rpoB.hmm: LENG  2842


Running MetAnnotate using 10 threads for all samples against all HMMs. Saving run log to '/home/linuxbrew/output/metannotate.log'.
(Threads can be modified using file /home/linuxbrew/MetAnnotate/concurrency.txt.)
(All other values, e.g., e-value cutoffs, are defaults.)
