R version 3.6.3 (2020-02-29)
Platform: x86_64-w64-mingw32/x64 (64-bit)
Running under: Windows 10 x64 (build 18362)

Matrix products: default

locale:
[1] LC_COLLATE=English_Canada.1252  LC_CTYPE=English_Canada.1252    LC_MONETARY=English_Canada.1252
[4] LC_NUMERIC=C                    LC_TIME=English_Canada.1252    

attached base packages:
[1] stats     graphics  grDevices utils     datasets  methods   base     

other attached packages:
 [1] bio3d_2.4-1         egg_0.4.5           gridExtra_2.3       RColorBrewer_1.1-2 
 [5] reshape2_1.4.4      ggplot2_3.3.0       dplyr_0.8.5         tibble_3.0.1       
 [9] plyr_1.8.6          futile.logger_1.4.3 here_0.1           

loaded via a namespace (and not attached):
 [1] Rcpp_1.0.4.6         pillar_1.4.4         compiler_3.6.3       formatR_1.7         
 [5] futile.options_1.0.1 tools_3.6.3          digest_0.6.25        lifecycle_0.2.0     
 [9] gtable_0.3.0         pkgconfig_2.0.3      rlang_0.4.6          rstudioapi_0.11     
[13] parallel_3.6.3       withr_2.2.0          stringr_1.4.0        vctrs_0.3.0         
[17] rprojroot_1.3-2      grid_3.6.3           tidyselect_1.1.0     glue_1.4.1          
[21] R6_2.4.1             farver_2.0.3         purrr_0.3.4          lambda.r_1.2.4      
[25] magrittr_1.5         backports_1.1.7      scales_1.1.1         ellipsis_0.3.1      
[29] assertthat_0.2.1     colorspace_1.4-1     labeling_0.3         stringi_1.4.6       
[33] munsell_0.5.0        crayon_1.3.4        
