R version 3.6.0 (2019-04-26)
Platform: x86_64-pc-linux-gnu (64-bit)
Running under: Ubuntu 18.04.2 LTS

Matrix products: default
BLAS:   /usr/lib/x86_64-linux-gnu/blas/libblas.so.3.7.1
LAPACK: /usr/lib/x86_64-linux-gnu/lapack/liblapack.so.3.7.1

locale:
 [1] LC_CTYPE=en_CA.UTF-8       LC_NUMERIC=C               LC_TIME=en_CA.UTF-8        LC_COLLATE=en_CA.UTF-8    
 [5] LC_MONETARY=en_CA.UTF-8    LC_MESSAGES=en_CA.UTF-8    LC_PAPER=en_CA.UTF-8       LC_NAME=C                 
 [9] LC_ADDRESS=C               LC_TELEPHONE=C             LC_MEASUREMENT=en_CA.UTF-8 LC_IDENTIFICATION=C       

attached base packages:
 [1] grid      parallel  stats4    stats     graphics  grDevices utils     datasets  methods   base     

other attached packages:
 [1] bindrcpp_0.2.2       ape_5.2              Gviz_1.26.0          GenomicRanges_1.34.0 GenomeInfoDb_1.18.0 
 [6] IRanges_2.16.0       ggplot2_3.1.0        RColorBrewer_1.1-2   dplyr_0.7.8          S4Vectors_0.20.1    
[11] scales_1.0.0         futile.logger_1.4.3  BiocGenerics_0.28.0  here_0.1            

loaded via a namespace (and not attached):
 [1] nlme_3.1-137                ProtGenerics_1.14.0         bitops_1.0-6                matrixStats_0.54.0         
 [5] bit64_0.9-7                 progress_1.2.0              httr_1.3.1                  rprojroot_1.3-2            
 [9] tools_3.6.0                 backports_1.1.2             R6_2.3.0                    rpart_4.1-15               
[13] Hmisc_4.1-1                 DBI_1.0.0                   lazyeval_0.2.1              colorspace_1.3-2           
[17] nnet_7.3-12                 withr_2.1.2                 tidyselect_0.2.5            gridExtra_2.3              
[21] prettyunits_1.0.2           curl_3.2                    bit_1.1-14                  compiler_3.6.0             
[25] Biobase_2.42.0              formatR_1.5                 htmlTable_1.12              DelayedArray_0.8.0         
[29] rtracklayer_1.42.0          checkmate_1.8.5             stringr_1.3.1               digest_0.6.18              
[33] Rsamtools_1.34.0            foreign_0.8-71              XVector_0.22.0              base64enc_0.1-3            
[37] dichromat_2.0-0             pkgconfig_2.0.2             htmltools_0.3.6             ensembldb_2.6.1            
[41] BSgenome_1.50.0             htmlwidgets_1.3             rlang_0.3.0.1               rstudioapi_0.8             
[45] RSQLite_2.1.1               bindr_0.1.1                 BiocParallel_1.16.0         acepack_1.4.1              
[49] VariantAnnotation_1.28.1    RCurl_1.95-4.11             magrittr_1.5                GenomeInfoDbData_1.2.0     
[53] Formula_1.2-3               Matrix_1.2-15               Rcpp_1.0.0                  munsell_0.5.0              
[57] stringi_1.2.4               yaml_2.2.0                  SummarizedExperiment_1.12.0 zlibbioc_1.28.0            
[61] plyr_1.8.4                  blob_1.1.1                  crayon_1.3.4                lattice_0.20-38            
[65] Biostrings_2.50.1           splines_3.6.0               GenomicFeatures_1.34.1      hms_0.4.2                  
[69] knitr_1.20                  pillar_1.3.0                biomaRt_2.38.0              futile.options_1.0.1       
[73] XML_3.98-1.16               glue_1.3.0                  biovizBase_1.30.0           latticeExtra_0.6-28        
[77] lambda.r_1.2.3              data.table_1.11.8           gtable_0.2.0                purrr_0.2.5                
[81] assertthat_0.2.0            AnnotationFilter_1.6.0      survival_2.43-1             tibble_1.4.2               
[85] GenomicAlignments_1.18.0    AnnotationDbi_1.44.0        memoise_1.1.0               cluster_2.0.7-1            
