R version 3.6.0 (2019-04-26)
Platform: x86_64-pc-linux-gnu (64-bit)
Running under: Ubuntu 18.04.2 LTS

Matrix products: default
BLAS:   /usr/lib/x86_64-linux-gnu/blas/libblas.so.3.7.1
LAPACK: /usr/lib/x86_64-linux-gnu/lapack/liblapack.so.3.7.1

locale:
 [1] LC_CTYPE=en_CA.UTF-8       LC_NUMERIC=C               LC_TIME=en_CA.UTF-8        LC_COLLATE=en_CA.UTF-8    
 [5] LC_MONETARY=en_CA.UTF-8    LC_MESSAGES=en_CA.UTF-8    LC_PAPER=en_CA.UTF-8       LC_NAME=C                 
 [9] LC_ADDRESS=C               LC_TELEPHONE=C             LC_MEASUREMENT=en_CA.UTF-8 LC_IDENTIFICATION=C       

attached base packages:
[1] tools     parallel  stats     graphics  grDevices utils     datasets  methods   base     

other attached packages:
 [1] bindrcpp_0.2.2      scales_1.0.0        reshape2_1.4.3      ggplot2_3.1.0       dplyr_0.7.8         plyr_1.8.4         
 [7] tibble_1.4.2        glue_1.3.0          roxygen2_6.1.1      futile.logger_1.4.3 argparser_0.4       here_0.1           

loaded via a namespace (and not attached):
 [1] Rcpp_1.0.0           pillar_1.3.0         compiler_3.6.0       formatR_1.5          bindr_0.1.1         
 [6] futile.options_1.0.1 digest_0.6.18        gtable_0.2.0         pkgconfig_2.0.2      rlang_0.3.0.1       
[11] rstudioapi_0.8       commonmark_1.6       yaml_2.2.0           withr_2.1.2          stringr_1.3.1       
[16] xml2_1.2.0           rprojroot_1.3-2      grid_3.6.0           tidyselect_0.2.5     R6_2.3.0            
[21] purrr_0.2.5          lambda.r_1.2.3       magrittr_1.5         backports_1.1.2      assertthat_0.2.0    
[26] colorspace_1.3-2     stringi_1.2.4        lazyeval_0.2.1       munsell_0.5.0        crayon_1.3.4        
