96_well_spec_analysis.R --spec_file 191121_measurement_1/191121_Chl1_photoferrotrophy_tU_t0_t1_t2_FeTot.txt --metadata_file 191121_measurement_1/191121_Chl1_photoferrotrophy_tU_t0_t1_t2_FeTot_metadata_vs3.tsv --run_name 191121_measurement_1/191121_analyzed/191121_FeZ
Warning messages:
1: package ‘getopt’ was built under R version 3.5.2 
2: package ‘glue’ was built under R version 3.5.2 
3: package ‘dplyr’ was built under R version 3.5.2 
4: package ‘ggplot2’ was built under R version 3.5.2 
Running 96_well_spec_analysis.R, version: v0.3-dev

Plate data filename: 191121_measurement_1/191121_Chl1_photoferrotrophy_tU_t0_t1_t2_FeTot.txt 
Metadata filename: 191121_measurement_1/191121_Chl1_photoferrotrophy_tU_t0_t1_t2_FeTot_metadata_vs3.tsv 
Pre-parsed plate data filename: NOT APPLICABLE 
Prefix for output files: 191121_measurement_1/191121_analyzed/191121_FeZ 
Force standard curves through zero?: TRUE 

Parsing plate data...
File 191121_measurement_1/191121_Chl1_photoferrotrophy_tU_t0_t1_t2_FeTot.txt: found 4 plates' worth of plate data.
Calculating concentrations...
Detected  2  blanking groups.
One set of standards detected in entire input file.
Summarizing output...
Printing summary files...
WARNING: An illegal reflective access operation has occurred
WARNING: Illegal reflective access by org.apache.poi.util.SAXHelper (file:/Users/JTsuji/.R_libs/xlsxjars/java/poi-ooxml-3.10.1-20140818.jar) to method com.sun.org.apache.xerces.internal.util.SecurityManager.setEntityExpansionLimit(int)
WARNING: Please consider reporting this to the maintainers of org.apache.poi.util.SAXHelper
WARNING: Use --illegal-access=warn to enable warnings of further illegal reflective access operations
WARNING: All illegal access operations will be denied in a future release
$`1`

$`1`

$`1`

$`2`

$`3`

$`4`


96_well_spec_analysis.R: finished.

Warning message:
In summarize_blanks(plate_table) :
  Plate 1: Fe2: note that only one blank was provided (i.e., no replication)...Plate 2: Fe2: note that only one blank was provided (i.e., no replication)...Plate 3: Fe2: note that only one blank was provided (i.e., no replication)...Plate 4: Fe2: note that only one blank was provided (i.e., no replication)...
  